<?xml version="1.0" encoding="UTF-8" ?>
<testsuite tests="5" failures="1" name="TestSuite" time="27.572" errors="0" skipped="0">
  <properties>
    <property name="java.vendor" value="Oracle Corporation"/>
    <property name="JOB_NAME" value="makemytrip"/>
    <property name="sun.java.launcher" value="SUN_STANDARD"/>
    <property name="NUMBER_OF_PROCESSORS" value="4"/>
    <property name="sun.management.compiler" value="HotSpot 64-Bit Tiered Compilers"/>
    <property name="JENKINS_HOME" value="C:\Users\Ashwini\.jenkins"/>
    <property name="FPS_BROWSER_USER_PROFILE_STRING" value="Default"/>
    <property name="HUDSON_SERVER_COOKIE" value="f85785a00c97c5aa"/>
    <property name="POM_ARTIFACTID" value="makemytrip"/>
    <property name="os.name" value="Windows 10"/>
    <property name="sun.boot.class.path" value="C:\Program Files\Java\jre1.8.0_191\lib\resources.jar;C:\Program Files\Java\jre1.8.0_191\lib\rt.jar;C:\Program Files\Java\jre1.8.0_191\lib\sunrsasign.jar;C:\Program Files\Java\jre1.8.0_191\lib\jsse.jar;C:\Program Files\Java\jre1.8.0_191\lib\jce.jar;C:\Program Files\Java\jre1.8.0_191\lib\charsets.jar;C:\Program Files\Java\jre1.8.0_191\lib\jfr.jar;C:\Program Files\Java\jre1.8.0_191\classes"/>
    <property name="EXECUTOR_NUMBER" value="0"/>
    <property name="sun.desktop" value="windows"/>
    <property name="PATHEXT" value=".COM;.EXE;.BAT;.CMD;.VBS;.VBE;.JS;.JSE;.WSF;.WSH;.MSC"/>
    <property name="java.vm.specification.vendor" value="Oracle Corporation"/>
    <property name="POM_DISPLAYNAME" value="makemytrip"/>
    <property name="NODE_LABELS" value="master"/>
    <property name="TEMP" value="C:\Users\Ashwini\AppData\Local\Temp"/>
    <property name="java.runtime.version" value="1.8.0_191-b12"/>
    <property name="FPS_BROWSER_APP_PROFILE_STRING" value="Internet Explorer"/>
    <property name="user.name" value="Ashwini"/>
    <property name="guice.disable.misplaced.annotation.check" value="true"/>
    <property name="CommonProgramW6432" value="C:\Program Files\Common Files"/>
    <property name="ProgramFiles" value="C:\Program Files"/>
    <property name="PROMPT" value="$P$G"/>
    <property name="user.language" value="en"/>
    <property name="JOB_BASE_NAME" value="makemytrip"/>
    <property name="RUN_CHANGES_DISPLAY_URL" value="http://localhost:8080/job/makemytrip/11/display/redirect?page=changes"/>
    <property name="BUILD_DISPLAY_NAME" value="#11"/>
    <property name="OneDrive" value="C:\Users\Ashwini\OneDrive"/>
    <property name="sun.boot.library.path" value="C:\Program Files\Java\jre1.8.0_191\bin"/>
    <property name="LOCALAPPDATA" value="C:\Users\Ashwini\AppData\Local"/>
    <property name="java.version" value="1.8.0_191"/>
    <property name="PROCESSOR_LEVEL" value="6"/>
    <property name="user.timezone" value="Asia/Bangkok"/>
    <property name="USERNAME" value="Ashwini"/>
    <property name="sun.arch.data.model" value="64"/>
    <property name="NODE_NAME" value="master"/>
    <property name="java.endorsed.dirs" value="C:\Program Files\Java\jre1.8.0_191\lib\endorsed"/>
    <property name="BUILD_ID" value="11"/>
    <property name="sun.cpu.isalist" value="amd64"/>
    <property name="sun.jnu.encoding" value="Cp1252"/>
    <property name="file.encoding.pkg" value="sun.io"/>
    <property name="file.separator" value="\"/>
    <property name="java.specification.name" value="Java Platform API Specification"/>
    <property name="HOMEDRIVE" value="C:"/>
    <property name="maven.conf" value="C:\Users\Ashwini\.jenkins\tools\hudson.tasks.Maven_MavenInstallation\TestMaven\conf"/>
    <property name="java.class.version" value="52.0"/>
    <property name="=::" value="::\"/>
    <property name="org.slf4j.simpleLogger.defaultLogLevel" value="info"/>
    <property name="user.country" value="IN"/>
    <property name="ALLUSERSPROFILE" value="C:\ProgramData"/>
    <property name="java.home" value="C:\Program Files\Java\jre1.8.0_191"/>
    <property name="java.vm.info" value="mixed mode"/>
    <property name="os.version" value="10.0"/>
    <property name="=ExitCode" value="00000001"/>
    <property name="RUN_DISPLAY_URL" value="http://localhost:8080/job/makemytrip/11/display/redirect"/>
    <property name="POM_VERSION" value="0.0.1-SNAPSHOT"/>
    <property name="TMP" value="C:\Users\Ashwini\AppData\Local\Temp"/>
    <property name="path.separator" value=";"/>
    <property name="java.vm.version" value="25.191-b12"/>
    <property name="user.variant" value=""/>
    <property name="JOB_DISPLAY_URL" value="http://localhost:8080/job/makemytrip/display/redirect"/>
    <property name="CommonProgramFiles(x86)" value="C:\Program Files (x86)\Common Files"/>
    <property name="USERDOMAIN_ROAMINGPROFILE" value="DESKTOP-4MKCBCN"/>
    <property name="java.awt.printerjob" value="sun.awt.windows.WPrinterJob"/>
    <property name="sun.io.unicode.encoding" value="UnicodeLittle"/>
    <property name="CommonProgramFiles" value="C:\Program Files\Common Files"/>
    <property name="ComSpec" value="C:\WINDOWS\system32\cmd.exe"/>
    <property name="HOMEPATH" value="\Users\Ashwini"/>
    <property name="awt.toolkit" value="sun.awt.windows.WToolkit"/>
    <property name="POM_PACKAGING" value="jar"/>
    <property name="user.script" value=""/>
    <property name="COMPUTERNAME" value="DESKTOP-4MKCBCN"/>
    <property name="POM_GROUPID" value="makemytrip"/>
    <property name="user.home" value="C:\Users\Ashwini"/>
    <property name="PUBLIC" value="C:\Users\Public"/>
    <property name="BUILD_TAG" value="jenkins-makemytrip-11"/>
    <property name="JENKINS_SERVER_COOKIE" value="f85785a00c97c5aa"/>
    <property name="HUDSON_URL" value="http://localhost:8080/"/>
    <property name="ProgramData" value="C:\ProgramData"/>
    <property name="java.specification.vendor" value="Oracle Corporation"/>
    <property name="USERPROFILE" value="C:\Users\Ashwini"/>
    <property name="CLASSPATH" value=""/>
    <property name="java.vendor.url" value="http://java.oracle.com/"/>
    <property name="java.library.path" value="C:\Program Files (x86)\Common Files\Oracle\Java\javapath;C:\WINDOWS\Sun\Java\bin;C:\WINDOWS\system32;C:\WINDOWS;C:\Users\Ashwini\.jenkins\tools\hudson.tasks.Maven_MavenInstallation\TestMaven/bin;C:\Program Files (x86)\Common Files\Oracle\Java\javapath;C:\Program Files (x86)\Intel\iCLS Client\;C:\Program Files\Intel\iCLS Client\;C:\WINDOWS\system32;C:\WINDOWS;C:\WINDOWS\System32\Wbem;C:\WINDOWS\System32\WindowsPowerShell\v1.0\;C:\Program Files (x86)\Intel\Intel(R) Management Engine Components\DAL;C:\Program Files\Intel\Intel(R) Management Engine Components\DAL;C:\Program Files (x86)\Intel\Intel(R) Management Engine Components\IPT;C:\Program Files\Intel\Intel(R) Management Engine Components\IPT;C:\WINDOWS\System32\OpenSSH\;C:\Users\Ashwini\AppData\Local\Microsoft\WindowsApps;;."/>
    <property name="java.vm.vendor" value="Oracle Corporation"/>
    <property name="APPDATA" value="C:\Users\Ashwini\AppData\Roaming"/>
    <property name="java.runtime.name" value="Java(TM) SE Runtime Environment"/>
    <property name="maven.home" value="C:\Users\Ashwini\.jenkins\tools\hudson.tasks.Maven_MavenInstallation\TestMaven"/>
    <property name="java.class.path" value="C:\Users\Ashwini\.jenkins\plugins\maven-plugin\WEB-INF\lib\maven35-agent-1.12-alpha-1.jar;C:\Users\Ashwini\.jenkins\tools\hudson.tasks.Maven_MavenInstallation\TestMaven\boot\plexus-classworlds-2.5.2.jar;C:\Users\Ashwini\.jenkins\tools\hudson.tasks.Maven_MavenInstallation\TestMaven/conf/logging"/>
    <property name="sun.java.command" value="jenkins.maven3.agent.Maven35Main C:\Users\Ashwini\.jenkins\tools\hudson.tasks.Maven_MavenInstallation\TestMaven C:\Users\Ashwini\.jenkins\war\WEB-INF\lib\remoting-3.27.jar C:\Users\Ashwini\.jenkins\plugins\maven-plugin\WEB-INF\lib\maven35-interceptor-1.12-alpha-1.jar C:\Users\Ashwini\.jenkins\plugins\maven-plugin\WEB-INF\lib\maven3-interceptor-commons-1.12-alpha-1.jar 60534"/>
    <property name="Path" value="C:\Program Files (x86)\Common Files\Oracle\Java\javapath;C:\Program Files (x86)\Intel\iCLS Client\;C:\Program Files\Intel\iCLS Client\;C:\WINDOWS\system32;C:\WINDOWS;C:\WINDOWS\System32\Wbem;C:\WINDOWS\System32\WindowsPowerShell\v1.0\;C:\Program Files (x86)\Intel\Intel(R) Management Engine Components\DAL;C:\Program Files\Intel\Intel(R) Management Engine Components\DAL;C:\Program Files (x86)\Intel\Intel(R) Management Engine Components\IPT;C:\Program Files\Intel\Intel(R) Management Engine Components\IPT;C:\WINDOWS\System32\OpenSSH\;C:\Users\Ashwini\AppData\Local\Microsoft\WindowsApps;"/>
    <property name="java.vm.specification.name" value="Java Virtual Machine Specification"/>
    <property name="PROCESSOR_ARCHITECTURE" value="AMD64"/>
    <property name="PROCESSOR_IDENTIFIER" value="Intel64 Family 6 Model 142 Stepping 9, GenuineIntel"/>
    <property name="SESSIONNAME" value="Console"/>
    <property name="java.vm.specification.version" value="1.8"/>
    <property name="sun.os.patch.level" value=""/>
    <property name="sun.cpu.endian" value="little"/>
    <property name="M2_HOME" value="C:\Users\Ashwini\.jenkins\tools\hudson.tasks.Maven_MavenInstallation\TestMaven"/>
    <property name="java.io.tmpdir" value="C:\Users\Ashwini\AppData\Local\Temp\"/>
    <property name="OS" value="Windows_NT"/>
    <property name="HUDSON_HOME" value="C:\Users\Ashwini\.jenkins"/>
    <property name="PATH+MAVEN" value="C:\Users\Ashwini\.jenkins\tools\hudson.tasks.Maven_MavenInstallation\TestMaven/bin"/>
    <property name="ProgramFiles(x86)" value="C:\Program Files (x86)"/>
    <property name="BUILD_URL" value="http://localhost:8080/job/makemytrip/11/"/>
    <property name="java.vendor.url.bug" value="http://bugreport.sun.com/bugreport/"/>
    <property name="java.awt.graphicsenv" value="sun.awt.Win32GraphicsEnvironment"/>
    <property name="os.arch" value="amd64"/>
    <property name="SystemRoot" value="C:\WINDOWS"/>
    <property name="java.ext.dirs" value="C:\Program Files\Java\jre1.8.0_191\lib\ext;C:\WINDOWS\Sun\Java\lib\ext"/>
    <property name="user.dir" value="C:\Users\Ashwini\eclipse-workspace\makemytrip"/>
    <property name="JOB_URL" value="http://localhost:8080/job/makemytrip/"/>
    <property name="LOGONSERVER" value="\\DESKTOP-4MKCBCN"/>
    <property name="USERDOMAIN" value="DESKTOP-4MKCBCN"/>
    <property name="line.separator" value="
"/>
    <property name="MAVEN_HOME" value="C:\Users\Ashwini\.jenkins\tools\hudson.tasks.Maven_MavenInstallation\TestMaven"/>
    <property name="java.vm.name" value="Java HotSpot(TM) 64-Bit Server VM"/>
    <property name="BUILD_NUMBER" value="11"/>
    <property name="JENKINS_URL" value="http://localhost:8080/"/>
    <property name="PROCESSOR_REVISION" value="8e09"/>
    <property name="ProgramW6432" value="C:\Program Files"/>
    <property name="windir" value="C:\WINDOWS"/>
    <property name="=C:" value="C:\Users\Ashwini\Pictures"/>
    <property name="file.encoding" value="Cp1252"/>
    <property name="SystemDrive" value="C:"/>
    <property name="maven3.interceptor" value="C:\Users\Ashwini\.jenkins\plugins\maven-plugin\WEB-INF\lib\maven35-interceptor-1.12-alpha-1.jar"/>
    <property name="WORKSPACE" value="C:\Users\Ashwini\.jenkins\workspace\makemytrip"/>
    <property name="maven3.interceptor.common" value="C:\Users\Ashwini\.jenkins\plugins\maven-plugin\WEB-INF\lib\maven3-interceptor-commons-1.12-alpha-1.jar"/>
    <property name="java.specification.version" value="1.8"/>
    <property name="PSModulePath" value="C:\Program Files\WindowsPowerShell\Modules;C:\WINDOWS\system32\WindowsPowerShell\v1.0\Modules"/>
    <property name="DriverData" value="C:\Windows\System32\Drivers\DriverData"/>
  </properties>
  <testcase classname="com.qa.testcases.MMHomePageTest" name="clicktoHotellink" time="4.005"/>
  <testcase classname="com.qa.testcases.MMHotelPageTest" name="searchhoteltest" time="3.962">
    <failure message="stale element reference: element is not attached to the page document
  (Session info: chrome=69.0.3497.100)
  (Driver info: chromedriver=2.42.591088 (7b2b2dca23cca0862f674758c9a3933e685c27d5),platform=Windows NT 10.0.17134 x86_64) (WARNING: The server did not provide any stacktrace information)
Command duration or timeout: 0 milliseconds
For documentation on this error, please visit: http://seleniumhq.org/exceptions/stale_element_reference.html
Build info: version: &apos;3.5.3&apos;, revision: &apos;a88d25fe6b&apos;, time: &apos;2017-08-29T12:42:44.417Z&apos;
System info: host: &apos;DESKTOP-4MKCBCN&apos;, ip: &apos;192.168.180.39&apos;, os.name: &apos;Windows 10&apos;, os.arch: &apos;amd64&apos;, os.version: &apos;10.0&apos;, java.version: &apos;1.8.0_191&apos;
Driver info: org.openqa.selenium.chrome.ChromeDriver
Capabilities [{mobileEmulationEnabled=false, hasTouchScreen=false, platform=XP, acceptSslCerts=false, goog:chromeOptions={debuggerAddress=localhost:60752}, acceptInsecureCerts=false, webStorageEnabled=true, browserName=chrome, takesScreenshot=true, javascriptEnabled=true, platformName=XP, setWindowRect=true, unexpectedAlertBehaviour=, applicationCacheEnabled=false, rotatable=false, networkConnectionEnabled=false, chrome={chromedriverVersion=2.42.591088 (7b2b2dca23cca0862f674758c9a3933e685c27d5), userDataDir=C:\Users\Ashwini\AppData\Local\Temp\scoped_dir11344_14017}, takesHeapSnapshot=true, unhandledPromptBehavior=, pageLoadStrategy=normal, databaseEnabled=false, handlesAlerts=true, version=69.0.3497.100, browserConnectionEnabled=false, nativeEvents=true, locationContextEnabled=true, cssSelectorsEnabled=true}]
Session ID: 029705e03dc47b5e85742a7d0b139050" type="org.openqa.selenium.StaleElementReferenceException">org.openqa.selenium.StaleElementReferenceException: stale element reference: element is not attached to the page document
  (Session info: chrome=69.0.3497.100)
  (Driver info: chromedriver=2.42.591088 (7b2b2dca23cca0862f674758c9a3933e685c27d5),platform=Windows NT 10.0.17134 x86_64) (WARNING: The server did not provide any stacktrace information)
Command duration or timeout: 0 milliseconds
For documentation on this error, please visit: http://seleniumhq.org/exceptions/stale_element_reference.html
Build info: version: &apos;3.5.3&apos;, revision: &apos;a88d25fe6b&apos;, time: &apos;2017-08-29T12:42:44.417Z&apos;
System info: host: &apos;DESKTOP-4MKCBCN&apos;, ip: &apos;192.168.180.39&apos;, os.name: &apos;Windows 10&apos;, os.arch: &apos;amd64&apos;, os.version: &apos;10.0&apos;, java.version: &apos;1.8.0_191&apos;
Driver info: org.openqa.selenium.chrome.ChromeDriver
Capabilities [{mobileEmulationEnabled=false, hasTouchScreen=false, platform=XP, acceptSslCerts=false, goog:chromeOptions={debuggerAddress=localhost:60752}, acceptInsecureCerts=false, webStorageEnabled=true, browserName=chrome, takesScreenshot=true, javascriptEnabled=true, platformName=XP, setWindowRect=true, unexpectedAlertBehaviour=, applicationCacheEnabled=false, rotatable=false, networkConnectionEnabled=false, chrome={chromedriverVersion=2.42.591088 (7b2b2dca23cca0862f674758c9a3933e685c27d5), userDataDir=C:\Users\Ashwini\AppData\Local\Temp\scoped_dir11344_14017}, takesHeapSnapshot=true, unhandledPromptBehavior=, pageLoadStrategy=normal, databaseEnabled=false, handlesAlerts=true, version=69.0.3497.100, browserConnectionEnabled=false, nativeEvents=true, locationContextEnabled=true, cssSelectorsEnabled=true}]
Session ID: 029705e03dc47b5e85742a7d0b139050
	at sun.reflect.NativeConstructorAccessorImpl.newInstance0(Native Method)
	at sun.reflect.NativeConstructorAccessorImpl.newInstance(Unknown Source)
	at sun.reflect.DelegatingConstructorAccessorImpl.newInstance(Unknown Source)
	at java.lang.reflect.Constructor.newInstance(Unknown Source)
	at org.openqa.selenium.remote.ErrorHandler.createThrowable(ErrorHandler.java:215)
	at org.openqa.selenium.remote.ErrorHandler.throwIfResponseFailed(ErrorHandler.java:167)
	at org.openqa.selenium.remote.http.JsonHttpResponseCodec.reconstructValue(JsonHttpResponseCodec.java:40)
	at org.openqa.selenium.remote.http.AbstractHttpResponseCodec.decode(AbstractHttpResponseCodec.java:82)
	at org.openqa.selenium.remote.http.AbstractHttpResponseCodec.decode(AbstractHttpResponseCodec.java:45)
	at org.openqa.selenium.remote.HttpCommandExecutor.execute(HttpCommandExecutor.java:164)
	at org.openqa.selenium.remote.service.DriverCommandExecutor.execute(DriverCommandExecutor.java:82)
	at org.openqa.selenium.remote.RemoteWebDriver.execute(RemoteWebDriver.java:646)
	at org.openqa.selenium.remote.RemoteWebElement.execute(RemoteWebElement.java:275)
	at org.openqa.selenium.remote.RemoteWebElement.getText(RemoteWebElement.java:159)
	at com.qa.pages.MMHotelPage.SelectLocation(MMHotelPage.java:86)
	at com.qa.testcases.MMHotelPageTest.searchhoteltest(MMHotelPageTest.java:79)
</failure>
    <system-out>11-09-2018 06:45:25 RequestAddCookies.java DEBUG [Forwarding quit on session 69d5d1d5790c60aba177d8b92d943242 to remote] protocol.RequestAddCookies 123 - CookieSpec selected: default
11-09-2018 06:45:25 RequestAuthCache.java DEBUG [Forwarding quit on session 69d5d1d5790c60aba177d8b92d943242 to remote] protocol.RequestAuthCache 77 - Auth cache not set in the context
11-09-2018 06:45:25 PoolingHttpClientConnectionManager.java DEBUG [Forwarding quit on session 69d5d1d5790c60aba177d8b92d943242 to remote] conn.PoolingHttpClientConnectionManager 255 - Connection request: [route: {}-&gt;http://localhost:21109][total kept alive: 1; route allocated: 1 of 2000; total allocated: 1 of 2000]
11-09-2018 06:45:25 PoolingHttpClientConnectionManager.java DEBUG [Forwarding quit on session 69d5d1d5790c60aba177d8b92d943242 to remote] conn.PoolingHttpClientConnectionManager 288 - Connection leased: [id: 0][route: {}-&gt;http://localhost:21109][total kept alive: 0; route allocated: 1 of 2000; total allocated: 1 of 2000]
11-09-2018 06:45:25 MainClientExec.java DEBUG [Forwarding quit on session 69d5d1d5790c60aba177d8b92d943242 to remote] execchain.MainClientExec 208 - Stale connection check
11-09-2018 06:45:25 Wire.java DEBUG [Forwarding quit on session 69d5d1d5790c60aba177d8b92d943242 to remote] http.wire 87 - http-outgoing-0 &lt;&lt; &quot;[read] I/O error: Read timed out&quot;
11-09-2018 06:45:25 LoggingManagedHttpClientConnection.java DEBUG [Forwarding quit on session 69d5d1d5790c60aba177d8b92d943242 to remote] conn.DefaultManagedHttpClientConnection 88 - http-outgoing-0: set socket timeout to 10800000
11-09-2018 06:45:25 MainClientExec.java DEBUG [Forwarding quit on session 69d5d1d5790c60aba177d8b92d943242 to remote] execchain.MainClientExec 256 - Executing request DELETE /session/69d5d1d5790c60aba177d8b92d943242 HTTP/1.1
11-09-2018 06:45:25 MainClientExec.java DEBUG [Forwarding quit on session 69d5d1d5790c60aba177d8b92d943242 to remote] execchain.MainClientExec 261 - Target auth state: UNCHALLENGED
11-09-2018 06:45:25 MainClientExec.java DEBUG [Forwarding quit on session 69d5d1d5790c60aba177d8b92d943242 to remote] execchain.MainClientExec 267 - Proxy auth state: UNCHALLENGED
11-09-2018 06:45:25 LoggingManagedHttpClientConnection.java DEBUG [Forwarding quit on session 69d5d1d5790c60aba177d8b92d943242 to remote] http.headers 133 - http-outgoing-0 &gt;&gt; DELETE /session/69d5d1d5790c60aba177d8b92d943242 HTTP/1.1
11-09-2018 06:45:25 LoggingManagedHttpClientConnection.java DEBUG [Forwarding quit on session 69d5d1d5790c60aba177d8b92d943242 to remote] http.headers 136 - http-outgoing-0 &gt;&gt; Host: localhost:21109
11-09-2018 06:45:25 LoggingManagedHttpClientConnection.java DEBUG [Forwarding quit on session 69d5d1d5790c60aba177d8b92d943242 to remote] http.headers 136 - http-outgoing-0 &gt;&gt; Connection: Keep-Alive
11-09-2018 06:45:25 LoggingManagedHttpClientConnection.java DEBUG [Forwarding quit on session 69d5d1d5790c60aba177d8b92d943242 to remote] http.headers 136 - http-outgoing-0 &gt;&gt; User-Agent: Apache-HttpClient/4.5.3 (Java/1.8.0_191)
11-09-2018 06:45:25 LoggingManagedHttpClientConnection.java DEBUG [Forwarding quit on session 69d5d1d5790c60aba177d8b92d943242 to remote] http.headers 136 - http-outgoing-0 &gt;&gt; Accept-Encoding: gzip,deflate
11-09-2018 06:45:25 Wire.java DEBUG [Forwarding quit on session 69d5d1d5790c60aba177d8b92d943242 to remote] http.wire 73 - http-outgoing-0 &gt;&gt; &quot;DELETE /session/69d5d1d5790c60aba177d8b92d943242 HTTP/1.1[\r][\n]&quot;
11-09-2018 06:45:25 Wire.java DEBUG [Forwarding quit on session 69d5d1d5790c60aba177d8b92d943242 to remote] http.wire 73 - http-outgoing-0 &gt;&gt; &quot;Host: localhost:21109[\r][\n]&quot;
11-09-2018 06:45:25 Wire.java DEBUG [Forwarding quit on session 69d5d1d5790c60aba177d8b92d943242 to remote] http.wire 73 - http-outgoing-0 &gt;&gt; &quot;Connection: Keep-Alive[\r][\n]&quot;
11-09-2018 06:45:25 Wire.java DEBUG [Forwarding quit on session 69d5d1d5790c60aba177d8b92d943242 to remote] http.wire 73 - http-outgoing-0 &gt;&gt; &quot;User-Agent: Apache-HttpClient/4.5.3 (Java/1.8.0_191)[\r][\n]&quot;
11-09-2018 06:45:25 Wire.java DEBUG [Forwarding quit on session 69d5d1d5790c60aba177d8b92d943242 to remote] http.wire 73 - http-outgoing-0 &gt;&gt; &quot;Accept-Encoding: gzip,deflate[\r][\n]&quot;
11-09-2018 06:45:25 Wire.java DEBUG [Forwarding quit on session 69d5d1d5790c60aba177d8b92d943242 to remote] http.wire 73 - http-outgoing-0 &gt;&gt; &quot;[\r][\n]&quot;
11-09-2018 06:45:25 Wire.java DEBUG [Forwarding quit on session 69d5d1d5790c60aba177d8b92d943242 to remote] http.wire 73 - http-outgoing-0 &lt;&lt; &quot;HTTP/1.1 200 OK[\r][\n]&quot;
11-09-2018 06:45:25 Wire.java DEBUG [Forwarding quit on session 69d5d1d5790c60aba177d8b92d943242 to remote] http.wire 73 - http-outgoing-0 &lt;&lt; &quot;Content-Length:72[\r][\n]&quot;
11-09-2018 06:45:25 Wire.java DEBUG [Forwarding quit on session 69d5d1d5790c60aba177d8b92d943242 to remote] http.wire 73 - http-outgoing-0 &lt;&lt; &quot;Content-Type:application/json; charset=utf-8[\r][\n]&quot;
11-09-2018 06:45:25 Wire.java DEBUG [Forwarding quit on session 69d5d1d5790c60aba177d8b92d943242 to remote] http.wire 73 - http-outgoing-0 &lt;&lt; &quot;[\r][\n]&quot;
11-09-2018 06:45:25 Wire.java DEBUG [Forwarding quit on session 69d5d1d5790c60aba177d8b92d943242 to remote] http.wire 87 - http-outgoing-0 &lt;&lt; &quot;{&quot;sessionId&quot;:&quot;69d5d1d5790c60aba177d8b92d943242&quot;,&quot;status&quot;:0,&quot;value&quot;:null}&quot;
11-09-2018 06:45:25 LoggingManagedHttpClientConnection.java DEBUG [Forwarding quit on session 69d5d1d5790c60aba177d8b92d943242 to remote] http.headers 122 - http-outgoing-0 &lt;&lt; HTTP/1.1 200 OK
11-09-2018 06:45:25 LoggingManagedHttpClientConnection.java DEBUG [Forwarding quit on session 69d5d1d5790c60aba177d8b92d943242 to remote] http.headers 125 - http-outgoing-0 &lt;&lt; Content-Length:72
11-09-2018 06:45:25 LoggingManagedHttpClientConnection.java DEBUG [Forwarding quit on session 69d5d1d5790c60aba177d8b92d943242 to remote] http.headers 125 - http-outgoing-0 &lt;&lt; Content-Type:application/json; charset=utf-8
11-09-2018 06:45:25 MainClientExec.java DEBUG [Forwarding quit on session 69d5d1d5790c60aba177d8b92d943242 to remote] execchain.MainClientExec 285 - Connection can be kept alive indefinitely
11-09-2018 06:45:25 PoolingHttpClientConnectionManager.java DEBUG [Forwarding quit on session 69d5d1d5790c60aba177d8b92d943242 to remote] conn.PoolingHttpClientConnectionManager 320 - Connection [id: 0][route: {}-&gt;http://localhost:21109] can be kept alive indefinitely
11-09-2018 06:45:25 PoolingHttpClientConnectionManager.java DEBUG [Forwarding quit on session 69d5d1d5790c60aba177d8b92d943242 to remote] conn.PoolingHttpClientConnectionManager 326 - Connection released: [id: 0][route: {}-&gt;http://localhost:21109][total kept alive: 1; route allocated: 1 of 2000; total allocated: 1 of 2000]
11-09-2018 06:45:25 PoolingHttpClientConnectionManager.java DEBUG [Forwarding quit on session 69d5d1d5790c60aba177d8b92d943242 to remote] conn.PoolingHttpClientConnectionManager 407 - Closing connections idle longer than 0 SECONDS
11-09-2018 06:45:25 LoggingManagedHttpClientConnection.java DEBUG [Forwarding quit on session 69d5d1d5790c60aba177d8b92d943242 to remote] conn.DefaultManagedHttpClientConnection 79 - http-outgoing-0: Close connection
at data provider
reached in testutilHotelSearch
reached in testutil
Mumbai
2018.0
NOVEMBER
20.0
dubai
2018.0
DECEMBER
15.0
goa
2018.0
OCTOBER
30.0
11-09-2018 06:45:27 RequestAddCookies.java DEBUG [Forwarding newSession on session null to remote] protocol.RequestAddCookies 123 - CookieSpec selected: default
11-09-2018 06:45:27 RequestAuthCache.java DEBUG [Forwarding newSession on session null to remote] protocol.RequestAuthCache 77 - Auth cache not set in the context
11-09-2018 06:45:27 PoolingHttpClientConnectionManager.java DEBUG [Forwarding newSession on session null to remote] conn.PoolingHttpClientConnectionManager 255 - Connection request: [route: {}-&gt;http://localhost:21444][total kept alive: 0; route allocated: 0 of 2000; total allocated: 0 of 2000]
11-09-2018 06:45:27 PoolingHttpClientConnectionManager.java DEBUG [Forwarding newSession on session null to remote] conn.PoolingHttpClientConnectionManager 288 - Connection leased: [id: 1][route: {}-&gt;http://localhost:21444][total kept alive: 0; route allocated: 1 of 2000; total allocated: 1 of 2000]
11-09-2018 06:45:27 MainClientExec.java DEBUG [Forwarding newSession on session null to remote] execchain.MainClientExec 235 - Opening connection {}-&gt;http://localhost:21444
11-09-2018 06:45:27 DefaultHttpClientConnectionOperator.java DEBUG [Forwarding newSession on session null to remote] conn.DefaultHttpClientConnectionOperator 139 - Connecting to localhost/127.0.0.1:21444
11-09-2018 06:45:27 DefaultHttpClientConnectionOperator.java DEBUG [Forwarding newSession on session null to remote] conn.DefaultHttpClientConnectionOperator 146 - Connection established 127.0.0.1:60751&lt;-&gt;127.0.0.1:21444
11-09-2018 06:45:27 LoggingManagedHttpClientConnection.java DEBUG [Forwarding newSession on session null to remote] conn.DefaultManagedHttpClientConnection 88 - http-outgoing-1: set socket timeout to 10800000
11-09-2018 06:45:27 MainClientExec.java DEBUG [Forwarding newSession on session null to remote] execchain.MainClientExec 256 - Executing request POST /session HTTP/1.1
11-09-2018 06:45:27 MainClientExec.java DEBUG [Forwarding newSession on session null to remote] execchain.MainClientExec 261 - Target auth state: UNCHALLENGED
11-09-2018 06:45:27 MainClientExec.java DEBUG [Forwarding newSession on session null to remote] execchain.MainClientExec 267 - Proxy auth state: UNCHALLENGED
11-09-2018 06:45:27 LoggingManagedHttpClientConnection.java DEBUG [Forwarding newSession on session null to remote] http.headers 133 - http-outgoing-1 &gt;&gt; POST /session HTTP/1.1
11-09-2018 06:45:27 LoggingManagedHttpClientConnection.java DEBUG [Forwarding newSession on session null to remote] http.headers 136 - http-outgoing-1 &gt;&gt; Content-Type: application/json; charset=utf-8
11-09-2018 06:45:27 LoggingManagedHttpClientConnection.java DEBUG [Forwarding newSession on session null to remote] http.headers 136 - http-outgoing-1 &gt;&gt; Content-Length: 550
11-09-2018 06:45:27 LoggingManagedHttpClientConnection.java DEBUG [Forwarding newSession on session null to remote] http.headers 136 - http-outgoing-1 &gt;&gt; Host: localhost:21444
11-09-2018 06:45:27 LoggingManagedHttpClientConnection.java DEBUG [Forwarding newSession on session null to remote] http.headers 136 - http-outgoing-1 &gt;&gt; Connection: Keep-Alive
11-09-2018 06:45:27 LoggingManagedHttpClientConnection.java DEBUG [Forwarding newSession on session null to remote] http.headers 136 - http-outgoing-1 &gt;&gt; User-Agent: Apache-HttpClient/4.5.3 (Java/1.8.0_191)
11-09-2018 06:45:27 LoggingManagedHttpClientConnection.java DEBUG [Forwarding newSession on session null to remote] http.headers 136 - http-outgoing-1 &gt;&gt; Accept-Encoding: gzip,deflate
11-09-2018 06:45:27 Wire.java DEBUG [Forwarding newSession on session null to remote] http.wire 73 - http-outgoing-1 &gt;&gt; &quot;POST /session HTTP/1.1[\r][\n]&quot;
11-09-2018 06:45:27 Wire.java DEBUG [Forwarding newSession on session null to remote] http.wire 73 - http-outgoing-1 &gt;&gt; &quot;Content-Type: application/json; charset=utf-8[\r][\n]&quot;
11-09-2018 06:45:27 Wire.java DEBUG [Forwarding newSession on session null to remote] http.wire 73 - http-outgoing-1 &gt;&gt; &quot;Content-Length: 550[\r][\n]&quot;
11-09-2018 06:45:27 Wire.java DEBUG [Forwarding newSession on session null to remote] http.wire 73 - http-outgoing-1 &gt;&gt; &quot;Host: localhost:21444[\r][\n]&quot;
11-09-2018 06:45:27 Wire.java DEBUG [Forwarding newSession on session null to remote] http.wire 73 - http-outgoing-1 &gt;&gt; &quot;Connection: Keep-Alive[\r][\n]&quot;
11-09-2018 06:45:27 Wire.java DEBUG [Forwarding newSession on session null to remote] http.wire 73 - http-outgoing-1 &gt;&gt; &quot;User-Agent: Apache-HttpClient/4.5.3 (Java/1.8.0_191)[\r][\n]&quot;
11-09-2018 06:45:27 Wire.java DEBUG [Forwarding newSession on session null to remote] http.wire 73 - http-outgoing-1 &gt;&gt; &quot;Accept-Encoding: gzip,deflate[\r][\n]&quot;
11-09-2018 06:45:27 Wire.java DEBUG [Forwarding newSession on session null to remote] http.wire 73 - http-outgoing-1 &gt;&gt; &quot;[\r][\n]&quot;
11-09-2018 06:45:27 Wire.java DEBUG [Forwarding newSession on session null to remote] http.wire 73 - http-outgoing-1 &gt;&gt; &quot;{[\n]&quot;
11-09-2018 06:45:27 Wire.java DEBUG [Forwarding newSession on session null to remote] http.wire 73 - http-outgoing-1 &gt;&gt; &quot;  &quot;desiredCapabilities&quot;: {[\n]&quot;
11-09-2018 06:45:27 Wire.java DEBUG [Forwarding newSession on session null to remote] http.wire 73 - http-outgoing-1 &gt;&gt; &quot;    &quot;browserName&quot;: &quot;chrome&quot;,[\n]&quot;
11-09-2018 06:45:27 Wire.java DEBUG [Forwarding newSession on session null to remote] http.wire 73 - http-outgoing-1 &gt;&gt; &quot;    &quot;chromeOptions&quot;: {[\n]&quot;
11-09-2018 06:45:27 Wire.java DEBUG [Forwarding newSession on session null to remote] http.wire 73 - http-outgoing-1 &gt;&gt; &quot;      &quot;args&quot;: [],[\n]&quot;
11-09-2018 06:45:27 Wire.java DEBUG [Forwarding newSession on session null to remote] http.wire 73 - http-outgoing-1 &gt;&gt; &quot;      &quot;extensions&quot;: [][\n]&quot;
11-09-2018 06:45:27 Wire.java DEBUG [Forwarding newSession on session null to remote] http.wire 73 - http-outgoing-1 &gt;&gt; &quot;    },[\n]&quot;
11-09-2018 06:45:27 Wire.java DEBUG [Forwarding newSession on session null to remote] http.wire 73 - http-outgoing-1 &gt;&gt; &quot;    &quot;version&quot;: &quot;&quot;,[\n]&quot;
11-09-2018 06:45:27 Wire.java DEBUG [Forwarding newSession on session null to remote] http.wire 73 - http-outgoing-1 &gt;&gt; &quot;    &quot;platform&quot;: &quot;ANY&quot;[\n]&quot;
11-09-2018 06:45:27 Wire.java DEBUG [Forwarding newSession on session null to remote] http.wire 73 - http-outgoing-1 &gt;&gt; &quot;  },[\n]&quot;
11-09-2018 06:45:27 Wire.java DEBUG [Forwarding newSession on session null to remote] http.wire 73 - http-outgoing-1 &gt;&gt; &quot;  &quot;requiredCapabilities&quot;: {},[\n]&quot;
11-09-2018 06:45:27 Wire.java DEBUG [Forwarding newSession on session null to remote] http.wire 73 - http-outgoing-1 &gt;&gt; &quot;  &quot;capabilities&quot;: {[\n]&quot;
11-09-2018 06:45:27 Wire.java DEBUG [Forwarding newSession on session null to remote] http.wire 73 - http-outgoing-1 &gt;&gt; &quot;    &quot;desiredCapabilities&quot;: {[\n]&quot;
11-09-2018 06:45:27 Wire.java DEBUG [Forwarding newSession on session null to remote] http.wire 73 - http-outgoing-1 &gt;&gt; &quot;      &quot;browserName&quot;: &quot;chrome&quot;,[\n]&quot;
11-09-2018 06:45:27 Wire.java DEBUG [Forwarding newSession on session null to remote] http.wire 73 - http-outgoing-1 &gt;&gt; &quot;      &quot;chromeOptions&quot;: {[\n]&quot;
11-09-2018 06:45:27 Wire.java DEBUG [Forwarding newSession on session null to remote] http.wire 73 - http-outgoing-1 &gt;&gt; &quot;        &quot;args&quot;: [],[\n]&quot;
11-09-2018 06:45:27 Wire.java DEBUG [Forwarding newSession on session null to remote] http.wire 73 - http-outgoing-1 &gt;&gt; &quot;        &quot;extensions&quot;: [][\n]&quot;
11-09-2018 06:45:27 Wire.java DEBUG [Forwarding newSession on session null to remote] http.wire 73 - http-outgoing-1 &gt;&gt; &quot;      },[\n]&quot;
11-09-2018 06:45:27 Wire.java DEBUG [Forwarding newSession on session null to remote] http.wire 73 - http-outgoing-1 &gt;&gt; &quot;      &quot;version&quot;: &quot;&quot;,[\n]&quot;
11-09-2018 06:45:27 Wire.java DEBUG [Forwarding newSession on session null to remote] http.wire 73 - http-outgoing-1 &gt;&gt; &quot;      &quot;platform&quot;: &quot;ANY&quot;[\n]&quot;
11-09-2018 06:45:27 Wire.java DEBUG [Forwarding newSession on session null to remote] http.wire 73 - http-outgoing-1 &gt;&gt; &quot;    },[\n]&quot;
11-09-2018 06:45:27 Wire.java DEBUG [Forwarding newSession on session null to remote] http.wire 73 - http-outgoing-1 &gt;&gt; &quot;    &quot;requiredCapabilities&quot;: {},[\n]&quot;
11-09-2018 06:45:27 Wire.java DEBUG [Forwarding newSession on session null to remote] http.wire 73 - http-outgoing-1 &gt;&gt; &quot;    &quot;alwaysMatch&quot;: {},[\n]&quot;
11-09-2018 06:45:27 Wire.java DEBUG [Forwarding newSession on session null to remote] http.wire 73 - http-outgoing-1 &gt;&gt; &quot;    &quot;firstMatch&quot;: [[\n]&quot;
11-09-2018 06:45:27 Wire.java DEBUG [Forwarding newSession on session null to remote] http.wire 73 - http-outgoing-1 &gt;&gt; &quot;      {[\n]&quot;
11-09-2018 06:45:27 Wire.java DEBUG [Forwarding newSession on session null to remote] http.wire 73 - http-outgoing-1 &gt;&gt; &quot;        &quot;browserName&quot;: &quot;chrome&quot;[\n]&quot;
11-09-2018 06:45:27 Wire.java DEBUG [Forwarding newSession on session null to remote] http.wire 73 - http-outgoing-1 &gt;&gt; &quot;      }[\n]&quot;
11-09-2018 06:45:27 Wire.java DEBUG [Forwarding newSession on session null to remote] http.wire 73 - http-outgoing-1 &gt;&gt; &quot;    ][\n]&quot;
11-09-2018 06:45:27 Wire.java DEBUG [Forwarding newSession on session null to remote] http.wire 73 - http-outgoing-1 &gt;&gt; &quot;  }[\n]&quot;
11-09-2018 06:45:27 Wire.java DEBUG [Forwarding newSession on session null to remote] http.wire 87 - http-outgoing-1 &gt;&gt; &quot;}&quot;
11-09-2018 06:45:29 Wire.java DEBUG [Forwarding newSession on session null to remote] http.wire 73 - http-outgoing-1 &lt;&lt; &quot;HTTP/1.1 200 OK[\r][\n]&quot;
11-09-2018 06:45:29 Wire.java DEBUG [Forwarding newSession on session null to remote] http.wire 73 - http-outgoing-1 &lt;&lt; &quot;Content-Length:891[\r][\n]&quot;
11-09-2018 06:45:29 Wire.java DEBUG [Forwarding newSession on session null to remote] http.wire 73 - http-outgoing-1 &lt;&lt; &quot;Content-Type:application/json; charset=utf-8[\r][\n]&quot;
11-09-2018 06:45:29 Wire.java DEBUG [Forwarding newSession on session null to remote] http.wire 73 - http-outgoing-1 &lt;&lt; &quot;[\r][\n]&quot;
11-09-2018 06:45:29 Wire.java DEBUG [Forwarding newSession on session null to remote] http.wire 87 - http-outgoing-1 &lt;&lt; &quot;{&quot;sessionId&quot;:&quot;029705e03dc47b5e85742a7d0b139050&quot;,&quot;status&quot;:0,&quot;value&quot;:{&quot;acceptInsecureCerts&quot;:false,&quot;acceptSslCerts&quot;:false,&quot;applicationCacheEnabled&quot;:false,&quot;browserConnectionEnabled&quot;:false,&quot;browserName&quot;:&quot;chrome&quot;,&quot;chrome&quot;:{&quot;chromedriverVersion&quot;:&quot;2.42.591088 (7b2b2dca23cca0862f674758c9a3933e685c27d5)&quot;,&quot;userDataDir&quot;:&quot;C:\\Users\\Ashwini\\AppData\\Local\\Temp\\scoped_dir11344_14017&quot;},&quot;cssSelectorsEnabled&quot;:true,&quot;databaseEnabled&quot;:false,&quot;goog:chromeOptions&quot;:{&quot;debuggerAddress&quot;:&quot;localhost:60752&quot;},&quot;handlesAlerts&quot;:true,&quot;hasTouchScreen&quot;:false,&quot;javascriptEnabled&quot;:true,&quot;locationContextEnabled&quot;:true,&quot;mobileEmulationEnabled&quot;:false,&quot;nativeEvents&quot;:true,&quot;networkConnectionEnabled&quot;:false,&quot;pageLoadStrategy&quot;:&quot;normal&quot;,&quot;platform&quot;:&quot;Windows NT&quot;,&quot;rotatable&quot;:false,&quot;setWindowRect&quot;:true,&quot;takesHeapSnapshot&quot;:true,&quot;takesScreenshot&quot;:true,&quot;unexpectedAlertBehaviour&quot;:&quot;&quot;,&quot;version&quot;:&quot;69.0.3497.100&quot;,&quot;webStorageEnabled&quot;:true}}&quot;
11-09-2018 06:45:29 LoggingManagedHttpClientConnection.java DEBUG [Forwarding newSession on session null to remote] http.headers 122 - http-outgoing-1 &lt;&lt; HTTP/1.1 200 OK
11-09-2018 06:45:29 LoggingManagedHttpClientConnection.java DEBUG [Forwarding newSession on session null to remote] http.headers 125 - http-outgoing-1 &lt;&lt; Content-Length:891
11-09-2018 06:45:29 LoggingManagedHttpClientConnection.java DEBUG [Forwarding newSession on session null to remote] http.headers 125 - http-outgoing-1 &lt;&lt; Content-Type:application/json; charset=utf-8
11-09-2018 06:45:29 MainClientExec.java DEBUG [Forwarding newSession on session null to remote] execchain.MainClientExec 285 - Connection can be kept alive indefinitely
11-09-2018 06:45:29 PoolingHttpClientConnectionManager.java DEBUG [Forwarding newSession on session null to remote] conn.PoolingHttpClientConnectionManager 320 - Connection [id: 1][route: {}-&gt;http://localhost:21444] can be kept alive indefinitely
11-09-2018 06:45:29 PoolingHttpClientConnectionManager.java DEBUG [Forwarding newSession on session null to remote] conn.PoolingHttpClientConnectionManager 326 - Connection released: [id: 1][route: {}-&gt;http://localhost:21444][total kept alive: 1; route allocated: 1 of 2000; total allocated: 1 of 2000]
11-09-2018 06:45:29 RequestAddCookies.java DEBUG [Forwarding maximizeCurrentWindow on session 029705e03dc47b5e85742a7d0b139050 to remote] protocol.RequestAddCookies 123 - CookieSpec selected: default
11-09-2018 06:45:29 RequestAuthCache.java DEBUG [Forwarding maximizeCurrentWindow on session 029705e03dc47b5e85742a7d0b139050 to remote] protocol.RequestAuthCache 77 - Auth cache not set in the context
11-09-2018 06:45:29 PoolingHttpClientConnectionManager.java DEBUG [Forwarding maximizeCurrentWindow on session 029705e03dc47b5e85742a7d0b139050 to remote] conn.PoolingHttpClientConnectionManager 255 - Connection request: [route: {}-&gt;http://localhost:21444][total kept alive: 1; route allocated: 1 of 2000; total allocated: 1 of 2000]
11-09-2018 06:45:29 PoolingHttpClientConnectionManager.java DEBUG [Forwarding maximizeCurrentWindow on session 029705e03dc47b5e85742a7d0b139050 to remote] conn.PoolingHttpClientConnectionManager 288 - Connection leased: [id: 1][route: {}-&gt;http://localhost:21444][total kept alive: 0; route allocated: 1 of 2000; total allocated: 1 of 2000]
11-09-2018 06:45:29 MainClientExec.java DEBUG [Forwarding maximizeCurrentWindow on session 029705e03dc47b5e85742a7d0b139050 to remote] execchain.MainClientExec 208 - Stale connection check
11-09-2018 06:45:29 Wire.java DEBUG [Forwarding maximizeCurrentWindow on session 029705e03dc47b5e85742a7d0b139050 to remote] http.wire 87 - http-outgoing-1 &lt;&lt; &quot;[read] I/O error: Read timed out&quot;
11-09-2018 06:45:29 LoggingManagedHttpClientConnection.java DEBUG [Forwarding maximizeCurrentWindow on session 029705e03dc47b5e85742a7d0b139050 to remote] conn.DefaultManagedHttpClientConnection 88 - http-outgoing-1: set socket timeout to 10800000
11-09-2018 06:45:29 MainClientExec.java DEBUG [Forwarding maximizeCurrentWindow on session 029705e03dc47b5e85742a7d0b139050 to remote] execchain.MainClientExec 256 - Executing request POST /session/029705e03dc47b5e85742a7d0b139050/window/current/maximize HTTP/1.1
11-09-2018 06:45:29 MainClientExec.java DEBUG [Forwarding maximizeCurrentWindow on session 029705e03dc47b5e85742a7d0b139050 to remote] execchain.MainClientExec 261 - Target auth state: UNCHALLENGED
11-09-2018 06:45:29 MainClientExec.java DEBUG [Forwarding maximizeCurrentWindow on session 029705e03dc47b5e85742a7d0b139050 to remote] execchain.MainClientExec 267 - Proxy auth state: UNCHALLENGED
11-09-2018 06:45:29 LoggingManagedHttpClientConnection.java DEBUG [Forwarding maximizeCurrentWindow on session 029705e03dc47b5e85742a7d0b139050 to remote] http.headers 133 - http-outgoing-1 &gt;&gt; POST /session/029705e03dc47b5e85742a7d0b139050/window/current/maximize HTTP/1.1
11-09-2018 06:45:29 LoggingManagedHttpClientConnection.java DEBUG [Forwarding maximizeCurrentWindow on session 029705e03dc47b5e85742a7d0b139050 to remote] http.headers 136 - http-outgoing-1 &gt;&gt; Content-Type: application/json; charset=utf-8
11-09-2018 06:45:29 LoggingManagedHttpClientConnection.java DEBUG [Forwarding maximizeCurrentWindow on session 029705e03dc47b5e85742a7d0b139050 to remote] http.headers 136 - http-outgoing-1 &gt;&gt; Content-Length: 45
11-09-2018 06:45:29 LoggingManagedHttpClientConnection.java DEBUG [Forwarding maximizeCurrentWindow on session 029705e03dc47b5e85742a7d0b139050 to remote] http.headers 136 - http-outgoing-1 &gt;&gt; Host: localhost:21444
11-09-2018 06:45:29 LoggingManagedHttpClientConnection.java DEBUG [Forwarding maximizeCurrentWindow on session 029705e03dc47b5e85742a7d0b139050 to remote] http.headers 136 - http-outgoing-1 &gt;&gt; Connection: Keep-Alive
11-09-2018 06:45:29 LoggingManagedHttpClientConnection.java DEBUG [Forwarding maximizeCurrentWindow on session 029705e03dc47b5e85742a7d0b139050 to remote] http.headers 136 - http-outgoing-1 &gt;&gt; User-Agent: Apache-HttpClient/4.5.3 (Java/1.8.0_191)
11-09-2018 06:45:29 LoggingManagedHttpClientConnection.java DEBUG [Forwarding maximizeCurrentWindow on session 029705e03dc47b5e85742a7d0b139050 to remote] http.headers 136 - http-outgoing-1 &gt;&gt; Accept-Encoding: gzip,deflate
11-09-2018 06:45:29 Wire.java DEBUG [Forwarding maximizeCurrentWindow on session 029705e03dc47b5e85742a7d0b139050 to remote] http.wire 73 - http-outgoing-1 &gt;&gt; &quot;POST /session/029705e03dc47b5e85742a7d0b139050/window/current/maximize HTTP/1.1[\r][\n]&quot;
11-09-2018 06:45:29 Wire.java DEBUG [Forwarding maximizeCurrentWindow on session 029705e03dc47b5e85742a7d0b139050 to remote] http.wire 73 - http-outgoing-1 &gt;&gt; &quot;Content-Type: application/json; charset=utf-8[\r][\n]&quot;
11-09-2018 06:45:29 Wire.java DEBUG [Forwarding maximizeCurrentWindow on session 029705e03dc47b5e85742a7d0b139050 to remote] http.wire 73 - http-outgoing-1 &gt;&gt; &quot;Content-Length: 45[\r][\n]&quot;
11-09-2018 06:45:29 Wire.java DEBUG [Forwarding maximizeCurrentWindow on session 029705e03dc47b5e85742a7d0b139050 to remote] http.wire 73 - http-outgoing-1 &gt;&gt; &quot;Host: localhost:21444[\r][\n]&quot;
11-09-2018 06:45:29 Wire.java DEBUG [Forwarding maximizeCurrentWindow on session 029705e03dc47b5e85742a7d0b139050 to remote] http.wire 73 - http-outgoing-1 &gt;&gt; &quot;Connection: Keep-Alive[\r][\n]&quot;
11-09-2018 06:45:29 Wire.java DEBUG [Forwarding maximizeCurrentWindow on session 029705e03dc47b5e85742a7d0b139050 to remote] http.wire 73 - http-outgoing-1 &gt;&gt; &quot;User-Agent: Apache-HttpClient/4.5.3 (Java/1.8.0_191)[\r][\n]&quot;
11-09-2018 06:45:29 Wire.java DEBUG [Forwarding maximizeCurrentWindow on session 029705e03dc47b5e85742a7d0b139050 to remote] http.wire 73 - http-outgoing-1 &gt;&gt; &quot;Accept-Encoding: gzip,deflate[\r][\n]&quot;
11-09-2018 06:45:29 Wire.java DEBUG [Forwarding maximizeCurrentWindow on session 029705e03dc47b5e85742a7d0b139050 to remote] http.wire 73 - http-outgoing-1 &gt;&gt; &quot;[\r][\n]&quot;
11-09-2018 06:45:29 Wire.java DEBUG [Forwarding maximizeCurrentWindow on session 029705e03dc47b5e85742a7d0b139050 to remote] http.wire 87 - http-outgoing-1 &gt;&gt; &quot;{&quot;windowHandle&quot;:&quot;current&quot;,&quot;handle&quot;:&quot;current&quot;}&quot;
11-09-2018 06:45:30 Wire.java DEBUG [Forwarding maximizeCurrentWindow on session 029705e03dc47b5e85742a7d0b139050 to remote] http.wire 73 - http-outgoing-1 &lt;&lt; &quot;HTTP/1.1 200 OK[\r][\n]&quot;
11-09-2018 06:45:30 Wire.java DEBUG [Forwarding maximizeCurrentWindow on session 029705e03dc47b5e85742a7d0b139050 to remote] http.wire 73 - http-outgoing-1 &lt;&lt; &quot;Content-Length:109[\r][\n]&quot;
11-09-2018 06:45:30 Wire.java DEBUG [Forwarding maximizeCurrentWindow on session 029705e03dc47b5e85742a7d0b139050 to remote] http.wire 73 - http-outgoing-1 &lt;&lt; &quot;Content-Type:application/json; charset=utf-8[\r][\n]&quot;
11-09-2018 06:45:30 Wire.java DEBUG [Forwarding maximizeCurrentWindow on session 029705e03dc47b5e85742a7d0b139050 to remote] http.wire 73 - http-outgoing-1 &lt;&lt; &quot;[\r][\n]&quot;
11-09-2018 06:45:30 Wire.java DEBUG [Forwarding maximizeCurrentWindow on session 029705e03dc47b5e85742a7d0b139050 to remote] http.wire 87 - http-outgoing-1 &lt;&lt; &quot;{&quot;sessionId&quot;:&quot;029705e03dc47b5e85742a7d0b139050&quot;,&quot;status&quot;:0,&quot;value&quot;:{&quot;height&quot;:696,&quot;width&quot;:1296,&quot;x&quot;:-8,&quot;y&quot;:-8}}&quot;
11-09-2018 06:45:30 LoggingManagedHttpClientConnection.java DEBUG [Forwarding maximizeCurrentWindow on session 029705e03dc47b5e85742a7d0b139050 to remote] http.headers 122 - http-outgoing-1 &lt;&lt; HTTP/1.1 200 OK
11-09-2018 06:45:30 LoggingManagedHttpClientConnection.java DEBUG [Forwarding maximizeCurrentWindow on session 029705e03dc47b5e85742a7d0b139050 to remote] http.headers 125 - http-outgoing-1 &lt;&lt; Content-Length:109
11-09-2018 06:45:30 LoggingManagedHttpClientConnection.java DEBUG [Forwarding maximizeCurrentWindow on session 029705e03dc47b5e85742a7d0b139050 to remote] http.headers 125 - http-outgoing-1 &lt;&lt; Content-Type:application/json; charset=utf-8
11-09-2018 06:45:30 MainClientExec.java DEBUG [Forwarding maximizeCurrentWindow on session 029705e03dc47b5e85742a7d0b139050 to remote] execchain.MainClientExec 285 - Connection can be kept alive indefinitely
11-09-2018 06:45:30 PoolingHttpClientConnectionManager.java DEBUG [Forwarding maximizeCurrentWindow on session 029705e03dc47b5e85742a7d0b139050 to remote] conn.PoolingHttpClientConnectionManager 320 - Connection [id: 1][route: {}-&gt;http://localhost:21444] can be kept alive indefinitely
11-09-2018 06:45:30 PoolingHttpClientConnectionManager.java DEBUG [Forwarding maximizeCurrentWindow on session 029705e03dc47b5e85742a7d0b139050 to remote] conn.PoolingHttpClientConnectionManager 326 - Connection released: [id: 1][route: {}-&gt;http://localhost:21444][total kept alive: 1; route allocated: 1 of 2000; total allocated: 1 of 2000]
11-09-2018 06:45:30 RequestAddCookies.java DEBUG [Forwarding deleteAllCookies on session 029705e03dc47b5e85742a7d0b139050 to remote] protocol.RequestAddCookies 123 - CookieSpec selected: default
11-09-2018 06:45:30 RequestAuthCache.java DEBUG [Forwarding deleteAllCookies on session 029705e03dc47b5e85742a7d0b139050 to remote] protocol.RequestAuthCache 77 - Auth cache not set in the context
11-09-2018 06:45:30 PoolingHttpClientConnectionManager.java DEBUG [Forwarding deleteAllCookies on session 029705e03dc47b5e85742a7d0b139050 to remote] conn.PoolingHttpClientConnectionManager 255 - Connection request: [route: {}-&gt;http://localhost:21444][total kept alive: 1; route allocated: 1 of 2000; total allocated: 1 of 2000]
11-09-2018 06:45:30 PoolingHttpClientConnectionManager.java DEBUG [Forwarding deleteAllCookies on session 029705e03dc47b5e85742a7d0b139050 to remote] conn.PoolingHttpClientConnectionManager 288 - Connection leased: [id: 1][route: {}-&gt;http://localhost:21444][total kept alive: 0; route allocated: 1 of 2000; total allocated: 1 of 2000]
11-09-2018 06:45:30 MainClientExec.java DEBUG [Forwarding deleteAllCookies on session 029705e03dc47b5e85742a7d0b139050 to remote] execchain.MainClientExec 208 - Stale connection check
11-09-2018 06:45:30 Wire.java DEBUG [Forwarding deleteAllCookies on session 029705e03dc47b5e85742a7d0b139050 to remote] http.wire 87 - http-outgoing-1 &lt;&lt; &quot;[read] I/O error: Read timed out&quot;
11-09-2018 06:45:30 LoggingManagedHttpClientConnection.java DEBUG [Forwarding deleteAllCookies on session 029705e03dc47b5e85742a7d0b139050 to remote] conn.DefaultManagedHttpClientConnection 88 - http-outgoing-1: set socket timeout to 10800000
11-09-2018 06:45:30 MainClientExec.java DEBUG [Forwarding deleteAllCookies on session 029705e03dc47b5e85742a7d0b139050 to remote] execchain.MainClientExec 256 - Executing request DELETE /session/029705e03dc47b5e85742a7d0b139050/cookie HTTP/1.1
11-09-2018 06:45:30 MainClientExec.java DEBUG [Forwarding deleteAllCookies on session 029705e03dc47b5e85742a7d0b139050 to remote] execchain.MainClientExec 261 - Target auth state: UNCHALLENGED
11-09-2018 06:45:30 MainClientExec.java DEBUG [Forwarding deleteAllCookies on session 029705e03dc47b5e85742a7d0b139050 to remote] execchain.MainClientExec 267 - Proxy auth state: UNCHALLENGED
11-09-2018 06:45:30 LoggingManagedHttpClientConnection.java DEBUG [Forwarding deleteAllCookies on session 029705e03dc47b5e85742a7d0b139050 to remote] http.headers 133 - http-outgoing-1 &gt;&gt; DELETE /session/029705e03dc47b5e85742a7d0b139050/cookie HTTP/1.1
11-09-2018 06:45:30 LoggingManagedHttpClientConnection.java DEBUG [Forwarding deleteAllCookies on session 029705e03dc47b5e85742a7d0b139050 to remote] http.headers 136 - http-outgoing-1 &gt;&gt; Host: localhost:21444
11-09-2018 06:45:30 LoggingManagedHttpClientConnection.java DEBUG [Forwarding deleteAllCookies on session 029705e03dc47b5e85742a7d0b139050 to remote] http.headers 136 - http-outgoing-1 &gt;&gt; Connection: Keep-Alive
11-09-2018 06:45:30 LoggingManagedHttpClientConnection.java DEBUG [Forwarding deleteAllCookies on session 029705e03dc47b5e85742a7d0b139050 to remote] http.headers 136 - http-outgoing-1 &gt;&gt; User-Agent: Apache-HttpClient/4.5.3 (Java/1.8.0_191)
11-09-2018 06:45:30 LoggingManagedHttpClientConnection.java DEBUG [Forwarding deleteAllCookies on session 029705e03dc47b5e85742a7d0b139050 to remote] http.headers 136 - http-outgoing-1 &gt;&gt; Accept-Encoding: gzip,deflate
11-09-2018 06:45:30 Wire.java DEBUG [Forwarding deleteAllCookies on session 029705e03dc47b5e85742a7d0b139050 to remote] http.wire 73 - http-outgoing-1 &gt;&gt; &quot;DELETE /session/029705e03dc47b5e85742a7d0b139050/cookie HTTP/1.1[\r][\n]&quot;
11-09-2018 06:45:30 Wire.java DEBUG [Forwarding deleteAllCookies on session 029705e03dc47b5e85742a7d0b139050 to remote] http.wire 73 - http-outgoing-1 &gt;&gt; &quot;Host: localhost:21444[\r][\n]&quot;
11-09-2018 06:45:30 Wire.java DEBUG [Forwarding deleteAllCookies on session 029705e03dc47b5e85742a7d0b139050 to remote] http.wire 73 - http-outgoing-1 &gt;&gt; &quot;Connection: Keep-Alive[\r][\n]&quot;
11-09-2018 06:45:30 Wire.java DEBUG [Forwarding deleteAllCookies on session 029705e03dc47b5e85742a7d0b139050 to remote] http.wire 73 - http-outgoing-1 &gt;&gt; &quot;User-Agent: Apache-HttpClient/4.5.3 (Java/1.8.0_191)[\r][\n]&quot;
11-09-2018 06:45:30 Wire.java DEBUG [Forwarding deleteAllCookies on session 029705e03dc47b5e85742a7d0b139050 to remote] http.wire 73 - http-outgoing-1 &gt;&gt; &quot;Accept-Encoding: gzip,deflate[\r][\n]&quot;
11-09-2018 06:45:30 Wire.java DEBUG [Forwarding deleteAllCookies on session 029705e03dc47b5e85742a7d0b139050 to remote] http.wire 73 - http-outgoing-1 &gt;&gt; &quot;[\r][\n]&quot;
11-09-2018 06:45:30 Wire.java DEBUG [Forwarding deleteAllCookies on session 029705e03dc47b5e85742a7d0b139050 to remote] http.wire 73 - http-outgoing-1 &lt;&lt; &quot;HTTP/1.1 200 OK[\r][\n]&quot;
11-09-2018 06:45:30 Wire.java DEBUG [Forwarding deleteAllCookies on session 029705e03dc47b5e85742a7d0b139050 to remote] http.wire 73 - http-outgoing-1 &lt;&lt; &quot;Content-Length:72[\r][\n]&quot;
11-09-2018 06:45:30 Wire.java DEBUG [Forwarding deleteAllCookies on session 029705e03dc47b5e85742a7d0b139050 to remote] http.wire 73 - http-outgoing-1 &lt;&lt; &quot;Content-Type:application/json; charset=utf-8[\r][\n]&quot;
11-09-2018 06:45:30 Wire.java DEBUG [Forwarding deleteAllCookies on session 029705e03dc47b5e85742a7d0b139050 to remote] http.wire 73 - http-outgoing-1 &lt;&lt; &quot;[\r][\n]&quot;
11-09-2018 06:45:30 Wire.java DEBUG [Forwarding deleteAllCookies on session 029705e03dc47b5e85742a7d0b139050 to remote] http.wire 87 - http-outgoing-1 &lt;&lt; &quot;{&quot;sessionId&quot;:&quot;029705e03dc47b5e85742a7d0b139050&quot;,&quot;status&quot;:0,&quot;value&quot;:null}&quot;
11-09-2018 06:45:30 LoggingManagedHttpClientConnection.java DEBUG [Forwarding deleteAllCookies on session 029705e03dc47b5e85742a7d0b139050 to remote] http.headers 122 - http-outgoing-1 &lt;&lt; HTTP/1.1 200 OK
11-09-2018 06:45:30 LoggingManagedHttpClientConnection.java DEBUG [Forwarding deleteAllCookies on session 029705e03dc47b5e85742a7d0b139050 to remote] http.headers 125 - http-outgoing-1 &lt;&lt; Content-Length:72
11-09-2018 06:45:30 LoggingManagedHttpClientConnection.java DEBUG [Forwarding deleteAllCookies on session 029705e03dc47b5e85742a7d0b139050 to remote] http.headers 125 - http-outgoing-1 &lt;&lt; Content-Type:application/json; charset=utf-8
11-09-2018 06:45:30 MainClientExec.java DEBUG [Forwarding deleteAllCookies on session 029705e03dc47b5e85742a7d0b139050 to remote] execchain.MainClientExec 285 - Connection can be kept alive indefinitely
11-09-2018 06:45:30 PoolingHttpClientConnectionManager.java DEBUG [Forwarding deleteAllCookies on session 029705e03dc47b5e85742a7d0b139050 to remote] conn.PoolingHttpClientConnectionManager 320 - Connection [id: 1][route: {}-&gt;http://localhost:21444] can be kept alive indefinitely
11-09-2018 06:45:30 PoolingHttpClientConnectionManager.java DEBUG [Forwarding deleteAllCookies on session 029705e03dc47b5e85742a7d0b139050 to remote] conn.PoolingHttpClientConnectionManager 326 - Connection released: [id: 1][route: {}-&gt;http://localhost:21444][total kept alive: 1; route allocated: 1 of 2000; total allocated: 1 of 2000]
11-09-2018 06:45:30 RequestAddCookies.java DEBUG [Forwarding setTimeout on session 029705e03dc47b5e85742a7d0b139050 to remote] protocol.RequestAddCookies 123 - CookieSpec selected: default
11-09-2018 06:45:30 RequestAuthCache.java DEBUG [Forwarding setTimeout on session 029705e03dc47b5e85742a7d0b139050 to remote] protocol.RequestAuthCache 77 - Auth cache not set in the context
11-09-2018 06:45:30 PoolingHttpClientConnectionManager.java DEBUG [Forwarding setTimeout on session 029705e03dc47b5e85742a7d0b139050 to remote] conn.PoolingHttpClientConnectionManager 255 - Connection request: [route: {}-&gt;http://localhost:21444][total kept alive: 1; route allocated: 1 of 2000; total allocated: 1 of 2000]
11-09-2018 06:45:30 PoolingHttpClientConnectionManager.java DEBUG [Forwarding setTimeout on session 029705e03dc47b5e85742a7d0b139050 to remote] conn.PoolingHttpClientConnectionManager 288 - Connection leased: [id: 1][route: {}-&gt;http://localhost:21444][total kept alive: 0; route allocated: 1 of 2000; total allocated: 1 of 2000]
11-09-2018 06:45:30 MainClientExec.java DEBUG [Forwarding setTimeout on session 029705e03dc47b5e85742a7d0b139050 to remote] execchain.MainClientExec 208 - Stale connection check
11-09-2018 06:45:30 Wire.java DEBUG [Forwarding setTimeout on session 029705e03dc47b5e85742a7d0b139050 to remote] http.wire 87 - http-outgoing-1 &lt;&lt; &quot;[read] I/O error: Read timed out&quot;
11-09-2018 06:45:30 LoggingManagedHttpClientConnection.java DEBUG [Forwarding setTimeout on session 029705e03dc47b5e85742a7d0b139050 to remote] conn.DefaultManagedHttpClientConnection 88 - http-outgoing-1: set socket timeout to 10800000
11-09-2018 06:45:30 MainClientExec.java DEBUG [Forwarding setTimeout on session 029705e03dc47b5e85742a7d0b139050 to remote] execchain.MainClientExec 256 - Executing request POST /session/029705e03dc47b5e85742a7d0b139050/timeouts HTTP/1.1
11-09-2018 06:45:30 MainClientExec.java DEBUG [Forwarding setTimeout on session 029705e03dc47b5e85742a7d0b139050 to remote] execchain.MainClientExec 261 - Target auth state: UNCHALLENGED
11-09-2018 06:45:30 MainClientExec.java DEBUG [Forwarding setTimeout on session 029705e03dc47b5e85742a7d0b139050 to remote] execchain.MainClientExec 267 - Proxy auth state: UNCHALLENGED
11-09-2018 06:45:30 LoggingManagedHttpClientConnection.java DEBUG [Forwarding setTimeout on session 029705e03dc47b5e85742a7d0b139050 to remote] http.headers 133 - http-outgoing-1 &gt;&gt; POST /session/029705e03dc47b5e85742a7d0b139050/timeouts HTTP/1.1
11-09-2018 06:45:30 LoggingManagedHttpClientConnection.java DEBUG [Forwarding setTimeout on session 029705e03dc47b5e85742a7d0b139050 to remote] http.headers 136 - http-outgoing-1 &gt;&gt; Content-Type: application/json; charset=utf-8
11-09-2018 06:45:30 LoggingManagedHttpClientConnection.java DEBUG [Forwarding setTimeout on session 029705e03dc47b5e85742a7d0b139050 to remote] http.headers 136 - http-outgoing-1 &gt;&gt; Content-Length: 31
11-09-2018 06:45:30 LoggingManagedHttpClientConnection.java DEBUG [Forwarding setTimeout on session 029705e03dc47b5e85742a7d0b139050 to remote] http.headers 136 - http-outgoing-1 &gt;&gt; Host: localhost:21444
11-09-2018 06:45:30 LoggingManagedHttpClientConnection.java DEBUG [Forwarding setTimeout on session 029705e03dc47b5e85742a7d0b139050 to remote] http.headers 136 - http-outgoing-1 &gt;&gt; Connection: Keep-Alive
11-09-2018 06:45:30 LoggingManagedHttpClientConnection.java DEBUG [Forwarding setTimeout on session 029705e03dc47b5e85742a7d0b139050 to remote] http.headers 136 - http-outgoing-1 &gt;&gt; User-Agent: Apache-HttpClient/4.5.3 (Java/1.8.0_191)
11-09-2018 06:45:30 LoggingManagedHttpClientConnection.java DEBUG [Forwarding setTimeout on session 029705e03dc47b5e85742a7d0b139050 to remote] http.headers 136 - http-outgoing-1 &gt;&gt; Accept-Encoding: gzip,deflate
11-09-2018 06:45:30 Wire.java DEBUG [Forwarding setTimeout on session 029705e03dc47b5e85742a7d0b139050 to remote] http.wire 73 - http-outgoing-1 &gt;&gt; &quot;POST /session/029705e03dc47b5e85742a7d0b139050/timeouts HTTP/1.1[\r][\n]&quot;
11-09-2018 06:45:30 Wire.java DEBUG [Forwarding setTimeout on session 029705e03dc47b5e85742a7d0b139050 to remote] http.wire 73 - http-outgoing-1 &gt;&gt; &quot;Content-Type: application/json; charset=utf-8[\r][\n]&quot;
11-09-2018 06:45:30 Wire.java DEBUG [Forwarding setTimeout on session 029705e03dc47b5e85742a7d0b139050 to remote] http.wire 73 - http-outgoing-1 &gt;&gt; &quot;Content-Length: 31[\r][\n]&quot;
11-09-2018 06:45:30 Wire.java DEBUG [Forwarding setTimeout on session 029705e03dc47b5e85742a7d0b139050 to remote] http.wire 73 - http-outgoing-1 &gt;&gt; &quot;Host: localhost:21444[\r][\n]&quot;
11-09-2018 06:45:30 Wire.java DEBUG [Forwarding setTimeout on session 029705e03dc47b5e85742a7d0b139050 to remote] http.wire 73 - http-outgoing-1 &gt;&gt; &quot;Connection: Keep-Alive[\r][\n]&quot;
11-09-2018 06:45:30 Wire.java DEBUG [Forwarding setTimeout on session 029705e03dc47b5e85742a7d0b139050 to remote] http.wire 73 - http-outgoing-1 &gt;&gt; &quot;User-Agent: Apache-HttpClient/4.5.3 (Java/1.8.0_191)[\r][\n]&quot;
11-09-2018 06:45:30 Wire.java DEBUG [Forwarding setTimeout on session 029705e03dc47b5e85742a7d0b139050 to remote] http.wire 73 - http-outgoing-1 &gt;&gt; &quot;Accept-Encoding: gzip,deflate[\r][\n]&quot;
11-09-2018 06:45:30 Wire.java DEBUG [Forwarding setTimeout on session 029705e03dc47b5e85742a7d0b139050 to remote] http.wire 73 - http-outgoing-1 &gt;&gt; &quot;[\r][\n]&quot;
11-09-2018 06:45:30 Wire.java DEBUG [Forwarding setTimeout on session 029705e03dc47b5e85742a7d0b139050 to remote] http.wire 87 - http-outgoing-1 &gt;&gt; &quot;{&quot;type&quot;:&quot;page load&quot;,&quot;ms&quot;:30000}&quot;
11-09-2018 06:45:30 Wire.java DEBUG [Forwarding setTimeout on session 029705e03dc47b5e85742a7d0b139050 to remote] http.wire 73 - http-outgoing-1 &lt;&lt; &quot;HTTP/1.1 200 OK[\r][\n]&quot;
11-09-2018 06:45:30 Wire.java DEBUG [Forwarding setTimeout on session 029705e03dc47b5e85742a7d0b139050 to remote] http.wire 73 - http-outgoing-1 &lt;&lt; &quot;Content-Length:72[\r][\n]&quot;
11-09-2018 06:45:30 Wire.java DEBUG [Forwarding setTimeout on session 029705e03dc47b5e85742a7d0b139050 to remote] http.wire 73 - http-outgoing-1 &lt;&lt; &quot;Content-Type:application/json; charset=utf-8[\r][\n]&quot;
11-09-2018 06:45:30 Wire.java DEBUG [Forwarding setTimeout on session 029705e03dc47b5e85742a7d0b139050 to remote] http.wire 73 - http-outgoing-1 &lt;&lt; &quot;[\r][\n]&quot;
11-09-2018 06:45:30 Wire.java DEBUG [Forwarding setTimeout on session 029705e03dc47b5e85742a7d0b139050 to remote] http.wire 87 - http-outgoing-1 &lt;&lt; &quot;{&quot;sessionId&quot;:&quot;029705e03dc47b5e85742a7d0b139050&quot;,&quot;status&quot;:0,&quot;value&quot;:null}&quot;
11-09-2018 06:45:30 LoggingManagedHttpClientConnection.java DEBUG [Forwarding setTimeout on session 029705e03dc47b5e85742a7d0b139050 to remote] http.headers 122 - http-outgoing-1 &lt;&lt; HTTP/1.1 200 OK
11-09-2018 06:45:30 LoggingManagedHttpClientConnection.java DEBUG [Forwarding setTimeout on session 029705e03dc47b5e85742a7d0b139050 to remote] http.headers 125 - http-outgoing-1 &lt;&lt; Content-Length:72
11-09-2018 06:45:30 LoggingManagedHttpClientConnection.java DEBUG [Forwarding setTimeout on session 029705e03dc47b5e85742a7d0b139050 to remote] http.headers 125 - http-outgoing-1 &lt;&lt; Content-Type:application/json; charset=utf-8
11-09-2018 06:45:30 MainClientExec.java DEBUG [Forwarding setTimeout on session 029705e03dc47b5e85742a7d0b139050 to remote] execchain.MainClientExec 285 - Connection can be kept alive indefinitely
11-09-2018 06:45:30 PoolingHttpClientConnectionManager.java DEBUG [Forwarding setTimeout on session 029705e03dc47b5e85742a7d0b139050 to remote] conn.PoolingHttpClientConnectionManager 320 - Connection [id: 1][route: {}-&gt;http://localhost:21444] can be kept alive indefinitely
11-09-2018 06:45:30 PoolingHttpClientConnectionManager.java DEBUG [Forwarding setTimeout on session 029705e03dc47b5e85742a7d0b139050 to remote] conn.PoolingHttpClientConnectionManager 326 - Connection released: [id: 1][route: {}-&gt;http://localhost:21444][total kept alive: 1; route allocated: 1 of 2000; total allocated: 1 of 2000]
11-09-2018 06:45:30 RequestAddCookies.java DEBUG [Forwarding setTimeout on session 029705e03dc47b5e85742a7d0b139050 to remote] protocol.RequestAddCookies 123 - CookieSpec selected: default
11-09-2018 06:45:30 RequestAuthCache.java DEBUG [Forwarding setTimeout on session 029705e03dc47b5e85742a7d0b139050 to remote] protocol.RequestAuthCache 77 - Auth cache not set in the context
11-09-2018 06:45:30 PoolingHttpClientConnectionManager.java DEBUG [Forwarding setTimeout on session 029705e03dc47b5e85742a7d0b139050 to remote] conn.PoolingHttpClientConnectionManager 255 - Connection request: [route: {}-&gt;http://localhost:21444][total kept alive: 1; route allocated: 1 of 2000; total allocated: 1 of 2000]
11-09-2018 06:45:30 PoolingHttpClientConnectionManager.java DEBUG [Forwarding setTimeout on session 029705e03dc47b5e85742a7d0b139050 to remote] conn.PoolingHttpClientConnectionManager 288 - Connection leased: [id: 1][route: {}-&gt;http://localhost:21444][total kept alive: 0; route allocated: 1 of 2000; total allocated: 1 of 2000]
11-09-2018 06:45:30 MainClientExec.java DEBUG [Forwarding setTimeout on session 029705e03dc47b5e85742a7d0b139050 to remote] execchain.MainClientExec 208 - Stale connection check
11-09-2018 06:45:30 Wire.java DEBUG [Forwarding setTimeout on session 029705e03dc47b5e85742a7d0b139050 to remote] http.wire 87 - http-outgoing-1 &lt;&lt; &quot;[read] I/O error: Read timed out&quot;
11-09-2018 06:45:30 LoggingManagedHttpClientConnection.java DEBUG [Forwarding setTimeout on session 029705e03dc47b5e85742a7d0b139050 to remote] conn.DefaultManagedHttpClientConnection 88 - http-outgoing-1: set socket timeout to 10800000
11-09-2018 06:45:30 MainClientExec.java DEBUG [Forwarding setTimeout on session 029705e03dc47b5e85742a7d0b139050 to remote] execchain.MainClientExec 256 - Executing request POST /session/029705e03dc47b5e85742a7d0b139050/timeouts HTTP/1.1
11-09-2018 06:45:30 MainClientExec.java DEBUG [Forwarding setTimeout on session 029705e03dc47b5e85742a7d0b139050 to remote] execchain.MainClientExec 261 - Target auth state: UNCHALLENGED
11-09-2018 06:45:30 MainClientExec.java DEBUG [Forwarding setTimeout on session 029705e03dc47b5e85742a7d0b139050 to remote] execchain.MainClientExec 267 - Proxy auth state: UNCHALLENGED
11-09-2018 06:45:30 LoggingManagedHttpClientConnection.java DEBUG [Forwarding setTimeout on session 029705e03dc47b5e85742a7d0b139050 to remote] http.headers 133 - http-outgoing-1 &gt;&gt; POST /session/029705e03dc47b5e85742a7d0b139050/timeouts HTTP/1.1
11-09-2018 06:45:30 LoggingManagedHttpClientConnection.java DEBUG [Forwarding setTimeout on session 029705e03dc47b5e85742a7d0b139050 to remote] http.headers 136 - http-outgoing-1 &gt;&gt; Content-Type: application/json; charset=utf-8
11-09-2018 06:45:30 LoggingManagedHttpClientConnection.java DEBUG [Forwarding setTimeout on session 029705e03dc47b5e85742a7d0b139050 to remote] http.headers 136 - http-outgoing-1 &gt;&gt; Content-Length: 30
11-09-2018 06:45:30 LoggingManagedHttpClientConnection.java DEBUG [Forwarding setTimeout on session 029705e03dc47b5e85742a7d0b139050 to remote] http.headers 136 - http-outgoing-1 &gt;&gt; Host: localhost:21444
11-09-2018 06:45:30 LoggingManagedHttpClientConnection.java DEBUG [Forwarding setTimeout on session 029705e03dc47b5e85742a7d0b139050 to remote] http.headers 136 - http-outgoing-1 &gt;&gt; Connection: Keep-Alive
11-09-2018 06:45:30 LoggingManagedHttpClientConnection.java DEBUG [Forwarding setTimeout on session 029705e03dc47b5e85742a7d0b139050 to remote] http.headers 136 - http-outgoing-1 &gt;&gt; User-Agent: Apache-HttpClient/4.5.3 (Java/1.8.0_191)
11-09-2018 06:45:30 LoggingManagedHttpClientConnection.java DEBUG [Forwarding setTimeout on session 029705e03dc47b5e85742a7d0b139050 to remote] http.headers 136 - http-outgoing-1 &gt;&gt; Accept-Encoding: gzip,deflate
11-09-2018 06:45:30 Wire.java DEBUG [Forwarding setTimeout on session 029705e03dc47b5e85742a7d0b139050 to remote] http.wire 73 - http-outgoing-1 &gt;&gt; &quot;POST /session/029705e03dc47b5e85742a7d0b139050/timeouts HTTP/1.1[\r][\n]&quot;
11-09-2018 06:45:30 Wire.java DEBUG [Forwarding setTimeout on session 029705e03dc47b5e85742a7d0b139050 to remote] http.wire 73 - http-outgoing-1 &gt;&gt; &quot;Content-Type: application/json; charset=utf-8[\r][\n]&quot;
11-09-2018 06:45:30 Wire.java DEBUG [Forwarding setTimeout on session 029705e03dc47b5e85742a7d0b139050 to remote] http.wire 73 - http-outgoing-1 &gt;&gt; &quot;Content-Length: 30[\r][\n]&quot;
11-09-2018 06:45:30 Wire.java DEBUG [Forwarding setTimeout on session 029705e03dc47b5e85742a7d0b139050 to remote] http.wire 73 - http-outgoing-1 &gt;&gt; &quot;Host: localhost:21444[\r][\n]&quot;
11-09-2018 06:45:30 Wire.java DEBUG [Forwarding setTimeout on session 029705e03dc47b5e85742a7d0b139050 to remote] http.wire 73 - http-outgoing-1 &gt;&gt; &quot;Connection: Keep-Alive[\r][\n]&quot;
11-09-2018 06:45:30 Wire.java DEBUG [Forwarding setTimeout on session 029705e03dc47b5e85742a7d0b139050 to remote] http.wire 73 - http-outgoing-1 &gt;&gt; &quot;User-Agent: Apache-HttpClient/4.5.3 (Java/1.8.0_191)[\r][\n]&quot;
11-09-2018 06:45:30 Wire.java DEBUG [Forwarding setTimeout on session 029705e03dc47b5e85742a7d0b139050 to remote] http.wire 73 - http-outgoing-1 &gt;&gt; &quot;Accept-Encoding: gzip,deflate[\r][\n]&quot;
11-09-2018 06:45:30 Wire.java DEBUG [Forwarding setTimeout on session 029705e03dc47b5e85742a7d0b139050 to remote] http.wire 73 - http-outgoing-1 &gt;&gt; &quot;[\r][\n]&quot;
11-09-2018 06:45:30 Wire.java DEBUG [Forwarding setTimeout on session 029705e03dc47b5e85742a7d0b139050 to remote] http.wire 87 - http-outgoing-1 &gt;&gt; &quot;{&quot;type&quot;:&quot;implicit&quot;,&quot;ms&quot;:30000}&quot;
11-09-2018 06:45:30 Wire.java DEBUG [Forwarding setTimeout on session 029705e03dc47b5e85742a7d0b139050 to remote] http.wire 73 - http-outgoing-1 &lt;&lt; &quot;HTTP/1.1 200 OK[\r][\n]&quot;
11-09-2018 06:45:30 Wire.java DEBUG [Forwarding setTimeout on session 029705e03dc47b5e85742a7d0b139050 to remote] http.wire 73 - http-outgoing-1 &lt;&lt; &quot;Content-Length:72[\r][\n]&quot;
11-09-2018 06:45:30 Wire.java DEBUG [Forwarding setTimeout on session 029705e03dc47b5e85742a7d0b139050 to remote] http.wire 73 - http-outgoing-1 &lt;&lt; &quot;Content-Type:application/json; charset=utf-8[\r][\n]&quot;
11-09-2018 06:45:30 Wire.java DEBUG [Forwarding setTimeout on session 029705e03dc47b5e85742a7d0b139050 to remote] http.wire 73 - http-outgoing-1 &lt;&lt; &quot;[\r][\n]&quot;
11-09-2018 06:45:30 Wire.java DEBUG [Forwarding setTimeout on session 029705e03dc47b5e85742a7d0b139050 to remote] http.wire 87 - http-outgoing-1 &lt;&lt; &quot;{&quot;sessionId&quot;:&quot;029705e03dc47b5e85742a7d0b139050&quot;,&quot;status&quot;:0,&quot;value&quot;:null}&quot;
11-09-2018 06:45:30 LoggingManagedHttpClientConnection.java DEBUG [Forwarding setTimeout on session 029705e03dc47b5e85742a7d0b139050 to remote] http.headers 122 - http-outgoing-1 &lt;&lt; HTTP/1.1 200 OK
11-09-2018 06:45:30 LoggingManagedHttpClientConnection.java DEBUG [Forwarding setTimeout on session 029705e03dc47b5e85742a7d0b139050 to remote] http.headers 125 - http-outgoing-1 &lt;&lt; Content-Length:72
11-09-2018 06:45:30 LoggingManagedHttpClientConnection.java DEBUG [Forwarding setTimeout on session 029705e03dc47b5e85742a7d0b139050 to remote] http.headers 125 - http-outgoing-1 &lt;&lt; Content-Type:application/json; charset=utf-8
11-09-2018 06:45:30 MainClientExec.java DEBUG [Forwarding setTimeout on session 029705e03dc47b5e85742a7d0b139050 to remote] execchain.MainClientExec 285 - Connection can be kept alive indefinitely
11-09-2018 06:45:30 PoolingHttpClientConnectionManager.java DEBUG [Forwarding setTimeout on session 029705e03dc47b5e85742a7d0b139050 to remote] conn.PoolingHttpClientConnectionManager 320 - Connection [id: 1][route: {}-&gt;http://localhost:21444] can be kept alive indefinitely
11-09-2018 06:45:30 PoolingHttpClientConnectionManager.java DEBUG [Forwarding setTimeout on session 029705e03dc47b5e85742a7d0b139050 to remote] conn.PoolingHttpClientConnectionManager 326 - Connection released: [id: 1][route: {}-&gt;http://localhost:21444][total kept alive: 1; route allocated: 1 of 2000; total allocated: 1 of 2000]
11-09-2018 06:45:30 RequestAddCookies.java DEBUG [Forwarding get on session 029705e03dc47b5e85742a7d0b139050 to remote] protocol.RequestAddCookies 123 - CookieSpec selected: default
11-09-2018 06:45:30 RequestAuthCache.java DEBUG [Forwarding get on session 029705e03dc47b5e85742a7d0b139050 to remote] protocol.RequestAuthCache 77 - Auth cache not set in the context
11-09-2018 06:45:30 PoolingHttpClientConnectionManager.java DEBUG [Forwarding get on session 029705e03dc47b5e85742a7d0b139050 to remote] conn.PoolingHttpClientConnectionManager 255 - Connection request: [route: {}-&gt;http://localhost:21444][total kept alive: 1; route allocated: 1 of 2000; total allocated: 1 of 2000]
11-09-2018 06:45:30 PoolingHttpClientConnectionManager.java DEBUG [Forwarding get on session 029705e03dc47b5e85742a7d0b139050 to remote] conn.PoolingHttpClientConnectionManager 288 - Connection leased: [id: 1][route: {}-&gt;http://localhost:21444][total kept alive: 0; route allocated: 1 of 2000; total allocated: 1 of 2000]
11-09-2018 06:45:30 MainClientExec.java DEBUG [Forwarding get on session 029705e03dc47b5e85742a7d0b139050 to remote] execchain.MainClientExec 208 - Stale connection check
11-09-2018 06:45:30 Wire.java DEBUG [Forwarding get on session 029705e03dc47b5e85742a7d0b139050 to remote] http.wire 87 - http-outgoing-1 &lt;&lt; &quot;[read] I/O error: Read timed out&quot;
11-09-2018 06:45:30 LoggingManagedHttpClientConnection.java DEBUG [Forwarding get on session 029705e03dc47b5e85742a7d0b139050 to remote] conn.DefaultManagedHttpClientConnection 88 - http-outgoing-1: set socket timeout to 10800000
11-09-2018 06:45:30 MainClientExec.java DEBUG [Forwarding get on session 029705e03dc47b5e85742a7d0b139050 to remote] execchain.MainClientExec 256 - Executing request POST /session/029705e03dc47b5e85742a7d0b139050/url HTTP/1.1
11-09-2018 06:45:30 MainClientExec.java DEBUG [Forwarding get on session 029705e03dc47b5e85742a7d0b139050 to remote] execchain.MainClientExec 261 - Target auth state: UNCHALLENGED
11-09-2018 06:45:30 MainClientExec.java DEBUG [Forwarding get on session 029705e03dc47b5e85742a7d0b139050 to remote] execchain.MainClientExec 267 - Proxy auth state: UNCHALLENGED
11-09-2018 06:45:30 LoggingManagedHttpClientConnection.java DEBUG [Forwarding get on session 029705e03dc47b5e85742a7d0b139050 to remote] http.headers 133 - http-outgoing-1 &gt;&gt; POST /session/029705e03dc47b5e85742a7d0b139050/url HTTP/1.1
11-09-2018 06:45:30 LoggingManagedHttpClientConnection.java DEBUG [Forwarding get on session 029705e03dc47b5e85742a7d0b139050 to remote] http.headers 136 - http-outgoing-1 &gt;&gt; Content-Type: application/json; charset=utf-8
11-09-2018 06:45:30 LoggingManagedHttpClientConnection.java DEBUG [Forwarding get on session 029705e03dc47b5e85742a7d0b139050 to remote] http.headers 136 - http-outgoing-1 &gt;&gt; Content-Length: 37
11-09-2018 06:45:30 LoggingManagedHttpClientConnection.java DEBUG [Forwarding get on session 029705e03dc47b5e85742a7d0b139050 to remote] http.headers 136 - http-outgoing-1 &gt;&gt; Host: localhost:21444
11-09-2018 06:45:30 LoggingManagedHttpClientConnection.java DEBUG [Forwarding get on session 029705e03dc47b5e85742a7d0b139050 to remote] http.headers 136 - http-outgoing-1 &gt;&gt; Connection: Keep-Alive
11-09-2018 06:45:30 LoggingManagedHttpClientConnection.java DEBUG [Forwarding get on session 029705e03dc47b5e85742a7d0b139050 to remote] http.headers 136 - http-outgoing-1 &gt;&gt; User-Agent: Apache-HttpClient/4.5.3 (Java/1.8.0_191)
11-09-2018 06:45:30 LoggingManagedHttpClientConnection.java DEBUG [Forwarding get on session 029705e03dc47b5e85742a7d0b139050 to remote] http.headers 136 - http-outgoing-1 &gt;&gt; Accept-Encoding: gzip,deflate
11-09-2018 06:45:30 Wire.java DEBUG [Forwarding get on session 029705e03dc47b5e85742a7d0b139050 to remote] http.wire 73 - http-outgoing-1 &gt;&gt; &quot;POST /session/029705e03dc47b5e85742a7d0b139050/url HTTP/1.1[\r][\n]&quot;
11-09-2018 06:45:30 Wire.java DEBUG [Forwarding get on session 029705e03dc47b5e85742a7d0b139050 to remote] http.wire 73 - http-outgoing-1 &gt;&gt; &quot;Content-Type: application/json; charset=utf-8[\r][\n]&quot;
11-09-2018 06:45:30 Wire.java DEBUG [Forwarding get on session 029705e03dc47b5e85742a7d0b139050 to remote] http.wire 73 - http-outgoing-1 &gt;&gt; &quot;Content-Length: 37[\r][\n]&quot;
11-09-2018 06:45:30 Wire.java DEBUG [Forwarding get on session 029705e03dc47b5e85742a7d0b139050 to remote] http.wire 73 - http-outgoing-1 &gt;&gt; &quot;Host: localhost:21444[\r][\n]&quot;
11-09-2018 06:45:30 Wire.java DEBUG [Forwarding get on session 029705e03dc47b5e85742a7d0b139050 to remote] http.wire 73 - http-outgoing-1 &gt;&gt; &quot;Connection: Keep-Alive[\r][\n]&quot;
11-09-2018 06:45:30 Wire.java DEBUG [Forwarding get on session 029705e03dc47b5e85742a7d0b139050 to remote] http.wire 73 - http-outgoing-1 &gt;&gt; &quot;User-Agent: Apache-HttpClient/4.5.3 (Java/1.8.0_191)[\r][\n]&quot;
11-09-2018 06:45:30 Wire.java DEBUG [Forwarding get on session 029705e03dc47b5e85742a7d0b139050 to remote] http.wire 73 - http-outgoing-1 &gt;&gt; &quot;Accept-Encoding: gzip,deflate[\r][\n]&quot;
11-09-2018 06:45:30 Wire.java DEBUG [Forwarding get on session 029705e03dc47b5e85742a7d0b139050 to remote] http.wire 73 - http-outgoing-1 &gt;&gt; &quot;[\r][\n]&quot;
11-09-2018 06:45:30 Wire.java DEBUG [Forwarding get on session 029705e03dc47b5e85742a7d0b139050 to remote] http.wire 87 - http-outgoing-1 &gt;&gt; &quot;{&quot;url&quot;:&quot;https://www.makemytrip.com &quot;}&quot;
11-09-2018 06:45:38 Wire.java DEBUG [Forwarding get on session 029705e03dc47b5e85742a7d0b139050 to remote] http.wire 73 - http-outgoing-1 &lt;&lt; &quot;HTTP/1.1 200 OK[\r][\n]&quot;
11-09-2018 06:45:38 Wire.java DEBUG [Forwarding get on session 029705e03dc47b5e85742a7d0b139050 to remote] http.wire 73 - http-outgoing-1 &lt;&lt; &quot;Content-Length:72[\r][\n]&quot;
11-09-2018 06:45:38 Wire.java DEBUG [Forwarding get on session 029705e03dc47b5e85742a7d0b139050 to remote] http.wire 73 - http-outgoing-1 &lt;&lt; &quot;Content-Type:application/json; charset=utf-8[\r][\n]&quot;
11-09-2018 06:45:38 Wire.java DEBUG [Forwarding get on session 029705e03dc47b5e85742a7d0b139050 to remote] http.wire 73 - http-outgoing-1 &lt;&lt; &quot;[\r][\n]&quot;
11-09-2018 06:45:38 Wire.java DEBUG [Forwarding get on session 029705e03dc47b5e85742a7d0b139050 to remote] http.wire 87 - http-outgoing-1 &lt;&lt; &quot;{&quot;sessionId&quot;:&quot;029705e03dc47b5e85742a7d0b139050&quot;,&quot;status&quot;:0,&quot;value&quot;:null}&quot;
11-09-2018 06:45:38 LoggingManagedHttpClientConnection.java DEBUG [Forwarding get on session 029705e03dc47b5e85742a7d0b139050 to remote] http.headers 122 - http-outgoing-1 &lt;&lt; HTTP/1.1 200 OK
11-09-2018 06:45:38 LoggingManagedHttpClientConnection.java DEBUG [Forwarding get on session 029705e03dc47b5e85742a7d0b139050 to remote] http.headers 125 - http-outgoing-1 &lt;&lt; Content-Length:72
11-09-2018 06:45:38 LoggingManagedHttpClientConnection.java DEBUG [Forwarding get on session 029705e03dc47b5e85742a7d0b139050 to remote] http.headers 125 - http-outgoing-1 &lt;&lt; Content-Type:application/json; charset=utf-8
11-09-2018 06:45:38 MainClientExec.java DEBUG [Forwarding get on session 029705e03dc47b5e85742a7d0b139050 to remote] execchain.MainClientExec 285 - Connection can be kept alive indefinitely
11-09-2018 06:45:38 PoolingHttpClientConnectionManager.java DEBUG [Forwarding get on session 029705e03dc47b5e85742a7d0b139050 to remote] conn.PoolingHttpClientConnectionManager 320 - Connection [id: 1][route: {}-&gt;http://localhost:21444] can be kept alive indefinitely
11-09-2018 06:45:38 PoolingHttpClientConnectionManager.java DEBUG [Forwarding get on session 029705e03dc47b5e85742a7d0b139050 to remote] conn.PoolingHttpClientConnectionManager 326 - Connection released: [id: 1][route: {}-&gt;http://localhost:21444][total kept alive: 1; route allocated: 1 of 2000; total allocated: 1 of 2000]
i am here
11-09-2018 06:45:38 RequestAddCookies.java DEBUG [Forwarding findElement on session 029705e03dc47b5e85742a7d0b139050 to remote] protocol.RequestAddCookies 123 - CookieSpec selected: default
11-09-2018 06:45:38 RequestAuthCache.java DEBUG [Forwarding findElement on session 029705e03dc47b5e85742a7d0b139050 to remote] protocol.RequestAuthCache 77 - Auth cache not set in the context
11-09-2018 06:45:38 PoolingHttpClientConnectionManager.java DEBUG [Forwarding findElement on session 029705e03dc47b5e85742a7d0b139050 to remote] conn.PoolingHttpClientConnectionManager 255 - Connection request: [route: {}-&gt;http://localhost:21444][total kept alive: 1; route allocated: 1 of 2000; total allocated: 1 of 2000]
11-09-2018 06:45:38 PoolingHttpClientConnectionManager.java DEBUG [Forwarding findElement on session 029705e03dc47b5e85742a7d0b139050 to remote] conn.PoolingHttpClientConnectionManager 288 - Connection leased: [id: 1][route: {}-&gt;http://localhost:21444][total kept alive: 0; route allocated: 1 of 2000; total allocated: 1 of 2000]
11-09-2018 06:45:38 MainClientExec.java DEBUG [Forwarding findElement on session 029705e03dc47b5e85742a7d0b139050 to remote] execchain.MainClientExec 208 - Stale connection check
11-09-2018 06:45:38 Wire.java DEBUG [Forwarding findElement on session 029705e03dc47b5e85742a7d0b139050 to remote] http.wire 87 - http-outgoing-1 &lt;&lt; &quot;[read] I/O error: Read timed out&quot;
11-09-2018 06:45:38 LoggingManagedHttpClientConnection.java DEBUG [Forwarding findElement on session 029705e03dc47b5e85742a7d0b139050 to remote] conn.DefaultManagedHttpClientConnection 88 - http-outgoing-1: set socket timeout to 10800000
11-09-2018 06:45:38 MainClientExec.java DEBUG [Forwarding findElement on session 029705e03dc47b5e85742a7d0b139050 to remote] execchain.MainClientExec 256 - Executing request POST /session/029705e03dc47b5e85742a7d0b139050/element HTTP/1.1
11-09-2018 06:45:38 MainClientExec.java DEBUG [Forwarding findElement on session 029705e03dc47b5e85742a7d0b139050 to remote] execchain.MainClientExec 261 - Target auth state: UNCHALLENGED
11-09-2018 06:45:38 MainClientExec.java DEBUG [Forwarding findElement on session 029705e03dc47b5e85742a7d0b139050 to remote] execchain.MainClientExec 267 - Proxy auth state: UNCHALLENGED
11-09-2018 06:45:38 LoggingManagedHttpClientConnection.java DEBUG [Forwarding findElement on session 029705e03dc47b5e85742a7d0b139050 to remote] http.headers 133 - http-outgoing-1 &gt;&gt; POST /session/029705e03dc47b5e85742a7d0b139050/element HTTP/1.1
11-09-2018 06:45:38 LoggingManagedHttpClientConnection.java DEBUG [Forwarding findElement on session 029705e03dc47b5e85742a7d0b139050 to remote] http.headers 136 - http-outgoing-1 &gt;&gt; Content-Type: application/json; charset=utf-8
11-09-2018 06:45:38 LoggingManagedHttpClientConnection.java DEBUG [Forwarding findElement on session 029705e03dc47b5e85742a7d0b139050 to remote] http.headers 136 - http-outgoing-1 &gt;&gt; Content-Length: 52
11-09-2018 06:45:38 LoggingManagedHttpClientConnection.java DEBUG [Forwarding findElement on session 029705e03dc47b5e85742a7d0b139050 to remote] http.headers 136 - http-outgoing-1 &gt;&gt; Host: localhost:21444
11-09-2018 06:45:38 LoggingManagedHttpClientConnection.java DEBUG [Forwarding findElement on session 029705e03dc47b5e85742a7d0b139050 to remote] http.headers 136 - http-outgoing-1 &gt;&gt; Connection: Keep-Alive
11-09-2018 06:45:38 LoggingManagedHttpClientConnection.java DEBUG [Forwarding findElement on session 029705e03dc47b5e85742a7d0b139050 to remote] http.headers 136 - http-outgoing-1 &gt;&gt; User-Agent: Apache-HttpClient/4.5.3 (Java/1.8.0_191)
11-09-2018 06:45:38 LoggingManagedHttpClientConnection.java DEBUG [Forwarding findElement on session 029705e03dc47b5e85742a7d0b139050 to remote] http.headers 136 - http-outgoing-1 &gt;&gt; Accept-Encoding: gzip,deflate
11-09-2018 06:45:38 Wire.java DEBUG [Forwarding findElement on session 029705e03dc47b5e85742a7d0b139050 to remote] http.wire 73 - http-outgoing-1 &gt;&gt; &quot;POST /session/029705e03dc47b5e85742a7d0b139050/element HTTP/1.1[\r][\n]&quot;
11-09-2018 06:45:38 Wire.java DEBUG [Forwarding findElement on session 029705e03dc47b5e85742a7d0b139050 to remote] http.wire 73 - http-outgoing-1 &gt;&gt; &quot;Content-Type: application/json; charset=utf-8[\r][\n]&quot;
11-09-2018 06:45:38 Wire.java DEBUG [Forwarding findElement on session 029705e03dc47b5e85742a7d0b139050 to remote] http.wire 73 - http-outgoing-1 &gt;&gt; &quot;Content-Length: 52[\r][\n]&quot;
11-09-2018 06:45:38 Wire.java DEBUG [Forwarding findElement on session 029705e03dc47b5e85742a7d0b139050 to remote] http.wire 73 - http-outgoing-1 &gt;&gt; &quot;Host: localhost:21444[\r][\n]&quot;
11-09-2018 06:45:38 Wire.java DEBUG [Forwarding findElement on session 029705e03dc47b5e85742a7d0b139050 to remote] http.wire 73 - http-outgoing-1 &gt;&gt; &quot;Connection: Keep-Alive[\r][\n]&quot;
11-09-2018 06:45:38 Wire.java DEBUG [Forwarding findElement on session 029705e03dc47b5e85742a7d0b139050 to remote] http.wire 73 - http-outgoing-1 &gt;&gt; &quot;User-Agent: Apache-HttpClient/4.5.3 (Java/1.8.0_191)[\r][\n]&quot;
11-09-2018 06:45:38 Wire.java DEBUG [Forwarding findElement on session 029705e03dc47b5e85742a7d0b139050 to remote] http.wire 73 - http-outgoing-1 &gt;&gt; &quot;Accept-Encoding: gzip,deflate[\r][\n]&quot;
11-09-2018 06:45:38 Wire.java DEBUG [Forwarding findElement on session 029705e03dc47b5e85742a7d0b139050 to remote] http.wire 73 - http-outgoing-1 &gt;&gt; &quot;[\r][\n]&quot;
11-09-2018 06:45:38 Wire.java DEBUG [Forwarding findElement on session 029705e03dc47b5e85742a7d0b139050 to remote] http.wire 87 - http-outgoing-1 &gt;&gt; &quot;{&quot;using&quot;:&quot;xpath&quot;,&quot;value&quot;:&quot;//a[@id=&apos;ch_login_icon&apos;]&quot;}&quot;
11-09-2018 06:45:38 Wire.java DEBUG [Forwarding findElement on session 029705e03dc47b5e85742a7d0b139050 to remote] http.wire 73 - http-outgoing-1 &lt;&lt; &quot;HTTP/1.1 200 OK[\r][\n]&quot;
11-09-2018 06:45:38 Wire.java DEBUG [Forwarding findElement on session 029705e03dc47b5e85742a7d0b139050 to remote] http.wire 73 - http-outgoing-1 &lt;&lt; &quot;Content-Length:101[\r][\n]&quot;
11-09-2018 06:45:38 Wire.java DEBUG [Forwarding findElement on session 029705e03dc47b5e85742a7d0b139050 to remote] http.wire 73 - http-outgoing-1 &lt;&lt; &quot;Content-Type:application/json; charset=utf-8[\r][\n]&quot;
11-09-2018 06:45:38 Wire.java DEBUG [Forwarding findElement on session 029705e03dc47b5e85742a7d0b139050 to remote] http.wire 73 - http-outgoing-1 &lt;&lt; &quot;[\r][\n]&quot;
11-09-2018 06:45:38 Wire.java DEBUG [Forwarding findElement on session 029705e03dc47b5e85742a7d0b139050 to remote] http.wire 87 - http-outgoing-1 &lt;&lt; &quot;{&quot;sessionId&quot;:&quot;029705e03dc47b5e85742a7d0b139050&quot;,&quot;status&quot;:0,&quot;value&quot;:{&quot;ELEMENT&quot;:&quot;0.861720760253841-1&quot;}}&quot;
11-09-2018 06:45:38 LoggingManagedHttpClientConnection.java DEBUG [Forwarding findElement on session 029705e03dc47b5e85742a7d0b139050 to remote] http.headers 122 - http-outgoing-1 &lt;&lt; HTTP/1.1 200 OK
11-09-2018 06:45:38 LoggingManagedHttpClientConnection.java DEBUG [Forwarding findElement on session 029705e03dc47b5e85742a7d0b139050 to remote] http.headers 125 - http-outgoing-1 &lt;&lt; Content-Length:101
11-09-2018 06:45:38 LoggingManagedHttpClientConnection.java DEBUG [Forwarding findElement on session 029705e03dc47b5e85742a7d0b139050 to remote] http.headers 125 - http-outgoing-1 &lt;&lt; Content-Type:application/json; charset=utf-8
11-09-2018 06:45:38 MainClientExec.java DEBUG [Forwarding findElement on session 029705e03dc47b5e85742a7d0b139050 to remote] execchain.MainClientExec 285 - Connection can be kept alive indefinitely
11-09-2018 06:45:38 PoolingHttpClientConnectionManager.java DEBUG [Forwarding findElement on session 029705e03dc47b5e85742a7d0b139050 to remote] conn.PoolingHttpClientConnectionManager 320 - Connection [id: 1][route: {}-&gt;http://localhost:21444] can be kept alive indefinitely
11-09-2018 06:45:38 PoolingHttpClientConnectionManager.java DEBUG [Forwarding findElement on session 029705e03dc47b5e85742a7d0b139050 to remote] conn.PoolingHttpClientConnectionManager 326 - Connection released: [id: 1][route: {}-&gt;http://localhost:21444][total kept alive: 1; route allocated: 1 of 2000; total allocated: 1 of 2000]
11-09-2018 06:45:38 RequestAddCookies.java DEBUG [Forwarding clickElement on session 029705e03dc47b5e85742a7d0b139050 to remote] protocol.RequestAddCookies 123 - CookieSpec selected: default
11-09-2018 06:45:38 RequestAuthCache.java DEBUG [Forwarding clickElement on session 029705e03dc47b5e85742a7d0b139050 to remote] protocol.RequestAuthCache 77 - Auth cache not set in the context
11-09-2018 06:45:38 PoolingHttpClientConnectionManager.java DEBUG [Forwarding clickElement on session 029705e03dc47b5e85742a7d0b139050 to remote] conn.PoolingHttpClientConnectionManager 255 - Connection request: [route: {}-&gt;http://localhost:21444][total kept alive: 1; route allocated: 1 of 2000; total allocated: 1 of 2000]
11-09-2018 06:45:38 PoolingHttpClientConnectionManager.java DEBUG [Forwarding clickElement on session 029705e03dc47b5e85742a7d0b139050 to remote] conn.PoolingHttpClientConnectionManager 288 - Connection leased: [id: 1][route: {}-&gt;http://localhost:21444][total kept alive: 0; route allocated: 1 of 2000; total allocated: 1 of 2000]
11-09-2018 06:45:38 MainClientExec.java DEBUG [Forwarding clickElement on session 029705e03dc47b5e85742a7d0b139050 to remote] execchain.MainClientExec 208 - Stale connection check
11-09-2018 06:45:38 Wire.java DEBUG [Forwarding clickElement on session 029705e03dc47b5e85742a7d0b139050 to remote] http.wire 87 - http-outgoing-1 &lt;&lt; &quot;[read] I/O error: Read timed out&quot;
11-09-2018 06:45:38 LoggingManagedHttpClientConnection.java DEBUG [Forwarding clickElement on session 029705e03dc47b5e85742a7d0b139050 to remote] conn.DefaultManagedHttpClientConnection 88 - http-outgoing-1: set socket timeout to 10800000
11-09-2018 06:45:38 MainClientExec.java DEBUG [Forwarding clickElement on session 029705e03dc47b5e85742a7d0b139050 to remote] execchain.MainClientExec 256 - Executing request POST /session/029705e03dc47b5e85742a7d0b139050/element/0.861720760253841-1/click HTTP/1.1
11-09-2018 06:45:38 MainClientExec.java DEBUG [Forwarding clickElement on session 029705e03dc47b5e85742a7d0b139050 to remote] execchain.MainClientExec 261 - Target auth state: UNCHALLENGED
11-09-2018 06:45:38 MainClientExec.java DEBUG [Forwarding clickElement on session 029705e03dc47b5e85742a7d0b139050 to remote] execchain.MainClientExec 267 - Proxy auth state: UNCHALLENGED
11-09-2018 06:45:38 LoggingManagedHttpClientConnection.java DEBUG [Forwarding clickElement on session 029705e03dc47b5e85742a7d0b139050 to remote] http.headers 133 - http-outgoing-1 &gt;&gt; POST /session/029705e03dc47b5e85742a7d0b139050/element/0.861720760253841-1/click HTTP/1.1
11-09-2018 06:45:38 LoggingManagedHttpClientConnection.java DEBUG [Forwarding clickElement on session 029705e03dc47b5e85742a7d0b139050 to remote] http.headers 136 - http-outgoing-1 &gt;&gt; Content-Type: application/json; charset=utf-8
11-09-2018 06:45:38 LoggingManagedHttpClientConnection.java DEBUG [Forwarding clickElement on session 029705e03dc47b5e85742a7d0b139050 to remote] http.headers 136 - http-outgoing-1 &gt;&gt; Content-Length: 28
11-09-2018 06:45:38 LoggingManagedHttpClientConnection.java DEBUG [Forwarding clickElement on session 029705e03dc47b5e85742a7d0b139050 to remote] http.headers 136 - http-outgoing-1 &gt;&gt; Host: localhost:21444
11-09-2018 06:45:38 LoggingManagedHttpClientConnection.java DEBUG [Forwarding clickElement on session 029705e03dc47b5e85742a7d0b139050 to remote] http.headers 136 - http-outgoing-1 &gt;&gt; Connection: Keep-Alive
11-09-2018 06:45:38 LoggingManagedHttpClientConnection.java DEBUG [Forwarding clickElement on session 029705e03dc47b5e85742a7d0b139050 to remote] http.headers 136 - http-outgoing-1 &gt;&gt; User-Agent: Apache-HttpClient/4.5.3 (Java/1.8.0_191)
11-09-2018 06:45:38 LoggingManagedHttpClientConnection.java DEBUG [Forwarding clickElement on session 029705e03dc47b5e85742a7d0b139050 to remote] http.headers 136 - http-outgoing-1 &gt;&gt; Accept-Encoding: gzip,deflate
11-09-2018 06:45:38 Wire.java DEBUG [Forwarding clickElement on session 029705e03dc47b5e85742a7d0b139050 to remote] http.wire 73 - http-outgoing-1 &gt;&gt; &quot;POST /session/029705e03dc47b5e85742a7d0b139050/element/0.861720760253841-1/click HTTP/1.1[\r][\n]&quot;
11-09-2018 06:45:38 Wire.java DEBUG [Forwarding clickElement on session 029705e03dc47b5e85742a7d0b139050 to remote] http.wire 73 - http-outgoing-1 &gt;&gt; &quot;Content-Type: application/json; charset=utf-8[\r][\n]&quot;
11-09-2018 06:45:38 Wire.java DEBUG [Forwarding clickElement on session 029705e03dc47b5e85742a7d0b139050 to remote] http.wire 73 - http-outgoing-1 &gt;&gt; &quot;Content-Length: 28[\r][\n]&quot;
11-09-2018 06:45:38 Wire.java DEBUG [Forwarding clickElement on session 029705e03dc47b5e85742a7d0b139050 to remote] http.wire 73 - http-outgoing-1 &gt;&gt; &quot;Host: localhost:21444[\r][\n]&quot;
11-09-2018 06:45:38 Wire.java DEBUG [Forwarding clickElement on session 029705e03dc47b5e85742a7d0b139050 to remote] http.wire 73 - http-outgoing-1 &gt;&gt; &quot;Connection: Keep-Alive[\r][\n]&quot;
11-09-2018 06:45:38 Wire.java DEBUG [Forwarding clickElement on session 029705e03dc47b5e85742a7d0b139050 to remote] http.wire 73 - http-outgoing-1 &gt;&gt; &quot;User-Agent: Apache-HttpClient/4.5.3 (Java/1.8.0_191)[\r][\n]&quot;
11-09-2018 06:45:38 Wire.java DEBUG [Forwarding clickElement on session 029705e03dc47b5e85742a7d0b139050 to remote] http.wire 73 - http-outgoing-1 &gt;&gt; &quot;Accept-Encoding: gzip,deflate[\r][\n]&quot;
11-09-2018 06:45:38 Wire.java DEBUG [Forwarding clickElement on session 029705e03dc47b5e85742a7d0b139050 to remote] http.wire 73 - http-outgoing-1 &gt;&gt; &quot;[\r][\n]&quot;
11-09-2018 06:45:38 Wire.java DEBUG [Forwarding clickElement on session 029705e03dc47b5e85742a7d0b139050 to remote] http.wire 87 - http-outgoing-1 &gt;&gt; &quot;{&quot;id&quot;:&quot;0.861720760253841-1&quot;}&quot;
11-09-2018 06:45:38 Wire.java DEBUG [Forwarding clickElement on session 029705e03dc47b5e85742a7d0b139050 to remote] http.wire 73 - http-outgoing-1 &lt;&lt; &quot;HTTP/1.1 200 OK[\r][\n]&quot;
11-09-2018 06:45:38 Wire.java DEBUG [Forwarding clickElement on session 029705e03dc47b5e85742a7d0b139050 to remote] http.wire 73 - http-outgoing-1 &lt;&lt; &quot;Content-Length:72[\r][\n]&quot;
11-09-2018 06:45:38 Wire.java DEBUG [Forwarding clickElement on session 029705e03dc47b5e85742a7d0b139050 to remote] http.wire 73 - http-outgoing-1 &lt;&lt; &quot;Content-Type:application/json; charset=utf-8[\r][\n]&quot;
11-09-2018 06:45:38 Wire.java DEBUG [Forwarding clickElement on session 029705e03dc47b5e85742a7d0b139050 to remote] http.wire 73 - http-outgoing-1 &lt;&lt; &quot;[\r][\n]&quot;
11-09-2018 06:45:38 Wire.java DEBUG [Forwarding clickElement on session 029705e03dc47b5e85742a7d0b139050 to remote] http.wire 87 - http-outgoing-1 &lt;&lt; &quot;{&quot;sessionId&quot;:&quot;029705e03dc47b5e85742a7d0b139050&quot;,&quot;status&quot;:0,&quot;value&quot;:null}&quot;
11-09-2018 06:45:38 LoggingManagedHttpClientConnection.java DEBUG [Forwarding clickElement on session 029705e03dc47b5e85742a7d0b139050 to remote] http.headers 122 - http-outgoing-1 &lt;&lt; HTTP/1.1 200 OK
11-09-2018 06:45:38 LoggingManagedHttpClientConnection.java DEBUG [Forwarding clickElement on session 029705e03dc47b5e85742a7d0b139050 to remote] http.headers 125 - http-outgoing-1 &lt;&lt; Content-Length:72
11-09-2018 06:45:38 LoggingManagedHttpClientConnection.java DEBUG [Forwarding clickElement on session 029705e03dc47b5e85742a7d0b139050 to remote] http.headers 125 - http-outgoing-1 &lt;&lt; Content-Type:application/json; charset=utf-8
11-09-2018 06:45:38 MainClientExec.java DEBUG [Forwarding clickElement on session 029705e03dc47b5e85742a7d0b139050 to remote] execchain.MainClientExec 285 - Connection can be kept alive indefinitely
11-09-2018 06:45:38 PoolingHttpClientConnectionManager.java DEBUG [Forwarding clickElement on session 029705e03dc47b5e85742a7d0b139050 to remote] conn.PoolingHttpClientConnectionManager 320 - Connection [id: 1][route: {}-&gt;http://localhost:21444] can be kept alive indefinitely
11-09-2018 06:45:38 PoolingHttpClientConnectionManager.java DEBUG [Forwarding clickElement on session 029705e03dc47b5e85742a7d0b139050 to remote] conn.PoolingHttpClientConnectionManager 326 - Connection released: [id: 1][route: {}-&gt;http://localhost:21444][total kept alive: 1; route allocated: 1 of 2000; total allocated: 1 of 2000]
11-09-2018 06:45:38 RequestAddCookies.java DEBUG [Forwarding findElement on session 029705e03dc47b5e85742a7d0b139050 to remote] protocol.RequestAddCookies 123 - CookieSpec selected: default
11-09-2018 06:45:38 RequestAuthCache.java DEBUG [Forwarding findElement on session 029705e03dc47b5e85742a7d0b139050 to remote] protocol.RequestAuthCache 77 - Auth cache not set in the context
11-09-2018 06:45:38 PoolingHttpClientConnectionManager.java DEBUG [Forwarding findElement on session 029705e03dc47b5e85742a7d0b139050 to remote] conn.PoolingHttpClientConnectionManager 255 - Connection request: [route: {}-&gt;http://localhost:21444][total kept alive: 1; route allocated: 1 of 2000; total allocated: 1 of 2000]
11-09-2018 06:45:38 PoolingHttpClientConnectionManager.java DEBUG [Forwarding findElement on session 029705e03dc47b5e85742a7d0b139050 to remote] conn.PoolingHttpClientConnectionManager 288 - Connection leased: [id: 1][route: {}-&gt;http://localhost:21444][total kept alive: 0; route allocated: 1 of 2000; total allocated: 1 of 2000]
11-09-2018 06:45:38 MainClientExec.java DEBUG [Forwarding findElement on session 029705e03dc47b5e85742a7d0b139050 to remote] execchain.MainClientExec 208 - Stale connection check
11-09-2018 06:45:38 Wire.java DEBUG [Forwarding findElement on session 029705e03dc47b5e85742a7d0b139050 to remote] http.wire 87 - http-outgoing-1 &lt;&lt; &quot;[read] I/O error: Read timed out&quot;
11-09-2018 06:45:38 LoggingManagedHttpClientConnection.java DEBUG [Forwarding findElement on session 029705e03dc47b5e85742a7d0b139050 to remote] conn.DefaultManagedHttpClientConnection 88 - http-outgoing-1: set socket timeout to 10800000
11-09-2018 06:45:38 MainClientExec.java DEBUG [Forwarding findElement on session 029705e03dc47b5e85742a7d0b139050 to remote] execchain.MainClientExec 256 - Executing request POST /session/029705e03dc47b5e85742a7d0b139050/element HTTP/1.1
11-09-2018 06:45:38 MainClientExec.java DEBUG [Forwarding findElement on session 029705e03dc47b5e85742a7d0b139050 to remote] execchain.MainClientExec 261 - Target auth state: UNCHALLENGED
11-09-2018 06:45:38 MainClientExec.java DEBUG [Forwarding findElement on session 029705e03dc47b5e85742a7d0b139050 to remote] execchain.MainClientExec 267 - Proxy auth state: UNCHALLENGED
11-09-2018 06:45:38 LoggingManagedHttpClientConnection.java DEBUG [Forwarding findElement on session 029705e03dc47b5e85742a7d0b139050 to remote] http.headers 133 - http-outgoing-1 &gt;&gt; POST /session/029705e03dc47b5e85742a7d0b139050/element HTTP/1.1
11-09-2018 06:45:38 LoggingManagedHttpClientConnection.java DEBUG [Forwarding findElement on session 029705e03dc47b5e85742a7d0b139050 to remote] http.headers 136 - http-outgoing-1 &gt;&gt; Content-Type: application/json; charset=utf-8
11-09-2018 06:45:38 LoggingManagedHttpClientConnection.java DEBUG [Forwarding findElement on session 029705e03dc47b5e85742a7d0b139050 to remote] http.headers 136 - http-outgoing-1 &gt;&gt; Content-Length: 78
11-09-2018 06:45:38 LoggingManagedHttpClientConnection.java DEBUG [Forwarding findElement on session 029705e03dc47b5e85742a7d0b139050 to remote] http.headers 136 - http-outgoing-1 &gt;&gt; Host: localhost:21444
11-09-2018 06:45:38 LoggingManagedHttpClientConnection.java DEBUG [Forwarding findElement on session 029705e03dc47b5e85742a7d0b139050 to remote] http.headers 136 - http-outgoing-1 &gt;&gt; Connection: Keep-Alive
11-09-2018 06:45:38 LoggingManagedHttpClientConnection.java DEBUG [Forwarding findElement on session 029705e03dc47b5e85742a7d0b139050 to remote] http.headers 136 - http-outgoing-1 &gt;&gt; User-Agent: Apache-HttpClient/4.5.3 (Java/1.8.0_191)
11-09-2018 06:45:38 LoggingManagedHttpClientConnection.java DEBUG [Forwarding findElement on session 029705e03dc47b5e85742a7d0b139050 to remote] http.headers 136 - http-outgoing-1 &gt;&gt; Accept-Encoding: gzip,deflate
11-09-2018 06:45:38 Wire.java DEBUG [Forwarding findElement on session 029705e03dc47b5e85742a7d0b139050 to remote] http.wire 73 - http-outgoing-1 &gt;&gt; &quot;POST /session/029705e03dc47b5e85742a7d0b139050/element HTTP/1.1[\r][\n]&quot;
11-09-2018 06:45:38 Wire.java DEBUG [Forwarding findElement on session 029705e03dc47b5e85742a7d0b139050 to remote] http.wire 73 - http-outgoing-1 &gt;&gt; &quot;Content-Type: application/json; charset=utf-8[\r][\n]&quot;
11-09-2018 06:45:38 Wire.java DEBUG [Forwarding findElement on session 029705e03dc47b5e85742a7d0b139050 to remote] http.wire 73 - http-outgoing-1 &gt;&gt; &quot;Content-Length: 78[\r][\n]&quot;
11-09-2018 06:45:38 Wire.java DEBUG [Forwarding findElement on session 029705e03dc47b5e85742a7d0b139050 to remote] http.wire 73 - http-outgoing-1 &gt;&gt; &quot;Host: localhost:21444[\r][\n]&quot;
11-09-2018 06:45:38 Wire.java DEBUG [Forwarding findElement on session 029705e03dc47b5e85742a7d0b139050 to remote] http.wire 73 - http-outgoing-1 &gt;&gt; &quot;Connection: Keep-Alive[\r][\n]&quot;
11-09-2018 06:45:38 Wire.java DEBUG [Forwarding findElement on session 029705e03dc47b5e85742a7d0b139050 to remote] http.wire 73 - http-outgoing-1 &gt;&gt; &quot;User-Agent: Apache-HttpClient/4.5.3 (Java/1.8.0_191)[\r][\n]&quot;
11-09-2018 06:45:38 Wire.java DEBUG [Forwarding findElement on session 029705e03dc47b5e85742a7d0b139050 to remote] http.wire 73 - http-outgoing-1 &gt;&gt; &quot;Accept-Encoding: gzip,deflate[\r][\n]&quot;
11-09-2018 06:45:38 Wire.java DEBUG [Forwarding findElement on session 029705e03dc47b5e85742a7d0b139050 to remote] http.wire 73 - http-outgoing-1 &gt;&gt; &quot;[\r][\n]&quot;
11-09-2018 06:45:38 Wire.java DEBUG [Forwarding findElement on session 029705e03dc47b5e85742a7d0b139050 to remote] http.wire 87 - http-outgoing-1 &gt;&gt; &quot;{&quot;using&quot;:&quot;xpath&quot;,&quot;value&quot;:&quot;//input[@type=\&quot;text\&quot; and @id=\&quot;ch_login_email\&quot;]&quot;}&quot;
11-09-2018 06:45:38 Wire.java DEBUG [Forwarding findElement on session 029705e03dc47b5e85742a7d0b139050 to remote] http.wire 73 - http-outgoing-1 &lt;&lt; &quot;HTTP/1.1 200 OK[\r][\n]&quot;
11-09-2018 06:45:38 Wire.java DEBUG [Forwarding findElement on session 029705e03dc47b5e85742a7d0b139050 to remote] http.wire 73 - http-outgoing-1 &lt;&lt; &quot;Content-Length:101[\r][\n]&quot;
11-09-2018 06:45:38 Wire.java DEBUG [Forwarding findElement on session 029705e03dc47b5e85742a7d0b139050 to remote] http.wire 73 - http-outgoing-1 &lt;&lt; &quot;Content-Type:application/json; charset=utf-8[\r][\n]&quot;
11-09-2018 06:45:38 Wire.java DEBUG [Forwarding findElement on session 029705e03dc47b5e85742a7d0b139050 to remote] http.wire 73 - http-outgoing-1 &lt;&lt; &quot;[\r][\n]&quot;
11-09-2018 06:45:38 Wire.java DEBUG [Forwarding findElement on session 029705e03dc47b5e85742a7d0b139050 to remote] http.wire 87 - http-outgoing-1 &lt;&lt; &quot;{&quot;sessionId&quot;:&quot;029705e03dc47b5e85742a7d0b139050&quot;,&quot;status&quot;:0,&quot;value&quot;:{&quot;ELEMENT&quot;:&quot;0.861720760253841-2&quot;}}&quot;
11-09-2018 06:45:38 LoggingManagedHttpClientConnection.java DEBUG [Forwarding findElement on session 029705e03dc47b5e85742a7d0b139050 to remote] http.headers 122 - http-outgoing-1 &lt;&lt; HTTP/1.1 200 OK
11-09-2018 06:45:38 LoggingManagedHttpClientConnection.java DEBUG [Forwarding findElement on session 029705e03dc47b5e85742a7d0b139050 to remote] http.headers 125 - http-outgoing-1 &lt;&lt; Content-Length:101
11-09-2018 06:45:38 LoggingManagedHttpClientConnection.java DEBUG [Forwarding findElement on session 029705e03dc47b5e85742a7d0b139050 to remote] http.headers 125 - http-outgoing-1 &lt;&lt; Content-Type:application/json; charset=utf-8
11-09-2018 06:45:38 MainClientExec.java DEBUG [Forwarding findElement on session 029705e03dc47b5e85742a7d0b139050 to remote] execchain.MainClientExec 285 - Connection can be kept alive indefinitely
11-09-2018 06:45:38 PoolingHttpClientConnectionManager.java DEBUG [Forwarding findElement on session 029705e03dc47b5e85742a7d0b139050 to remote] conn.PoolingHttpClientConnectionManager 320 - Connection [id: 1][route: {}-&gt;http://localhost:21444] can be kept alive indefinitely
11-09-2018 06:45:38 PoolingHttpClientConnectionManager.java DEBUG [Forwarding findElement on session 029705e03dc47b5e85742a7d0b139050 to remote] conn.PoolingHttpClientConnectionManager 326 - Connection released: [id: 1][route: {}-&gt;http://localhost:21444][total kept alive: 1; route allocated: 1 of 2000; total allocated: 1 of 2000]
11-09-2018 06:45:38 RequestAddCookies.java DEBUG [Forwarding sendKeysToElement on session 029705e03dc47b5e85742a7d0b139050 to remote] protocol.RequestAddCookies 123 - CookieSpec selected: default
11-09-2018 06:45:38 RequestAuthCache.java DEBUG [Forwarding sendKeysToElement on session 029705e03dc47b5e85742a7d0b139050 to remote] protocol.RequestAuthCache 77 - Auth cache not set in the context
11-09-2018 06:45:38 PoolingHttpClientConnectionManager.java DEBUG [Forwarding sendKeysToElement on session 029705e03dc47b5e85742a7d0b139050 to remote] conn.PoolingHttpClientConnectionManager 255 - Connection request: [route: {}-&gt;http://localhost:21444][total kept alive: 1; route allocated: 1 of 2000; total allocated: 1 of 2000]
11-09-2018 06:45:38 PoolingHttpClientConnectionManager.java DEBUG [Forwarding sendKeysToElement on session 029705e03dc47b5e85742a7d0b139050 to remote] conn.PoolingHttpClientConnectionManager 288 - Connection leased: [id: 1][route: {}-&gt;http://localhost:21444][total kept alive: 0; route allocated: 1 of 2000; total allocated: 1 of 2000]
11-09-2018 06:45:38 MainClientExec.java DEBUG [Forwarding sendKeysToElement on session 029705e03dc47b5e85742a7d0b139050 to remote] execchain.MainClientExec 208 - Stale connection check
11-09-2018 06:45:38 Wire.java DEBUG [Forwarding sendKeysToElement on session 029705e03dc47b5e85742a7d0b139050 to remote] http.wire 87 - http-outgoing-1 &lt;&lt; &quot;[read] I/O error: Read timed out&quot;
11-09-2018 06:45:38 LoggingManagedHttpClientConnection.java DEBUG [Forwarding sendKeysToElement on session 029705e03dc47b5e85742a7d0b139050 to remote] conn.DefaultManagedHttpClientConnection 88 - http-outgoing-1: set socket timeout to 10800000
11-09-2018 06:45:38 MainClientExec.java DEBUG [Forwarding sendKeysToElement on session 029705e03dc47b5e85742a7d0b139050 to remote] execchain.MainClientExec 256 - Executing request POST /session/029705e03dc47b5e85742a7d0b139050/element/0.861720760253841-2/value HTTP/1.1
11-09-2018 06:45:38 MainClientExec.java DEBUG [Forwarding sendKeysToElement on session 029705e03dc47b5e85742a7d0b139050 to remote] execchain.MainClientExec 261 - Target auth state: UNCHALLENGED
11-09-2018 06:45:38 MainClientExec.java DEBUG [Forwarding sendKeysToElement on session 029705e03dc47b5e85742a7d0b139050 to remote] execchain.MainClientExec 267 - Proxy auth state: UNCHALLENGED
11-09-2018 06:45:38 LoggingManagedHttpClientConnection.java DEBUG [Forwarding sendKeysToElement on session 029705e03dc47b5e85742a7d0b139050 to remote] http.headers 133 - http-outgoing-1 &gt;&gt; POST /session/029705e03dc47b5e85742a7d0b139050/element/0.861720760253841-2/value HTTP/1.1
11-09-2018 06:45:38 LoggingManagedHttpClientConnection.java DEBUG [Forwarding sendKeysToElement on session 029705e03dc47b5e85742a7d0b139050 to remote] http.headers 136 - http-outgoing-1 &gt;&gt; Content-Type: application/json; charset=utf-8
11-09-2018 06:45:38 LoggingManagedHttpClientConnection.java DEBUG [Forwarding sendKeysToElement on session 029705e03dc47b5e85742a7d0b139050 to remote] http.headers 136 - http-outgoing-1 &gt;&gt; Content-Length: 69
11-09-2018 06:45:38 LoggingManagedHttpClientConnection.java DEBUG [Forwarding sendKeysToElement on session 029705e03dc47b5e85742a7d0b139050 to remote] http.headers 136 - http-outgoing-1 &gt;&gt; Host: localhost:21444
11-09-2018 06:45:38 LoggingManagedHttpClientConnection.java DEBUG [Forwarding sendKeysToElement on session 029705e03dc47b5e85742a7d0b139050 to remote] http.headers 136 - http-outgoing-1 &gt;&gt; Connection: Keep-Alive
11-09-2018 06:45:38 LoggingManagedHttpClientConnection.java DEBUG [Forwarding sendKeysToElement on session 029705e03dc47b5e85742a7d0b139050 to remote] http.headers 136 - http-outgoing-1 &gt;&gt; User-Agent: Apache-HttpClient/4.5.3 (Java/1.8.0_191)
11-09-2018 06:45:38 LoggingManagedHttpClientConnection.java DEBUG [Forwarding sendKeysToElement on session 029705e03dc47b5e85742a7d0b139050 to remote] http.headers 136 - http-outgoing-1 &gt;&gt; Accept-Encoding: gzip,deflate
11-09-2018 06:45:38 Wire.java DEBUG [Forwarding sendKeysToElement on session 029705e03dc47b5e85742a7d0b139050 to remote] http.wire 73 - http-outgoing-1 &gt;&gt; &quot;POST /session/029705e03dc47b5e85742a7d0b139050/element/0.861720760253841-2/value HTTP/1.1[\r][\n]&quot;
11-09-2018 06:45:38 Wire.java DEBUG [Forwarding sendKeysToElement on session 029705e03dc47b5e85742a7d0b139050 to remote] http.wire 73 - http-outgoing-1 &gt;&gt; &quot;Content-Type: application/json; charset=utf-8[\r][\n]&quot;
11-09-2018 06:45:38 Wire.java DEBUG [Forwarding sendKeysToElement on session 029705e03dc47b5e85742a7d0b139050 to remote] http.wire 73 - http-outgoing-1 &gt;&gt; &quot;Content-Length: 69[\r][\n]&quot;
11-09-2018 06:45:38 Wire.java DEBUG [Forwarding sendKeysToElement on session 029705e03dc47b5e85742a7d0b139050 to remote] http.wire 73 - http-outgoing-1 &gt;&gt; &quot;Host: localhost:21444[\r][\n]&quot;
11-09-2018 06:45:38 Wire.java DEBUG [Forwarding sendKeysToElement on session 029705e03dc47b5e85742a7d0b139050 to remote] http.wire 73 - http-outgoing-1 &gt;&gt; &quot;Connection: Keep-Alive[\r][\n]&quot;
11-09-2018 06:45:38 Wire.java DEBUG [Forwarding sendKeysToElement on session 029705e03dc47b5e85742a7d0b139050 to remote] http.wire 73 - http-outgoing-1 &gt;&gt; &quot;User-Agent: Apache-HttpClient/4.5.3 (Java/1.8.0_191)[\r][\n]&quot;
11-09-2018 06:45:38 Wire.java DEBUG [Forwarding sendKeysToElement on session 029705e03dc47b5e85742a7d0b139050 to remote] http.wire 73 - http-outgoing-1 &gt;&gt; &quot;Accept-Encoding: gzip,deflate[\r][\n]&quot;
11-09-2018 06:45:38 Wire.java DEBUG [Forwarding sendKeysToElement on session 029705e03dc47b5e85742a7d0b139050 to remote] http.wire 73 - http-outgoing-1 &gt;&gt; &quot;[\r][\n]&quot;
11-09-2018 06:45:38 Wire.java DEBUG [Forwarding sendKeysToElement on session 029705e03dc47b5e85742a7d0b139050 to remote] http.wire 87 - http-outgoing-1 &gt;&gt; &quot;{&quot;id&quot;:&quot;0.861720760253841-2&quot;,&quot;value&quot;:[&quot;ashwinidhanodkar26@gmail.com&quot;]}&quot;
11-09-2018 06:45:39 Wire.java DEBUG [Forwarding sendKeysToElement on session 029705e03dc47b5e85742a7d0b139050 to remote] http.wire 73 - http-outgoing-1 &lt;&lt; &quot;HTTP/1.1 200 OK[\r][\n]&quot;
11-09-2018 06:45:39 Wire.java DEBUG [Forwarding sendKeysToElement on session 029705e03dc47b5e85742a7d0b139050 to remote] http.wire 73 - http-outgoing-1 &lt;&lt; &quot;Content-Length:72[\r][\n]&quot;
11-09-2018 06:45:39 Wire.java DEBUG [Forwarding sendKeysToElement on session 029705e03dc47b5e85742a7d0b139050 to remote] http.wire 73 - http-outgoing-1 &lt;&lt; &quot;Content-Type:application/json; charset=utf-8[\r][\n]&quot;
11-09-2018 06:45:39 Wire.java DEBUG [Forwarding sendKeysToElement on session 029705e03dc47b5e85742a7d0b139050 to remote] http.wire 73 - http-outgoing-1 &lt;&lt; &quot;[\r][\n]&quot;
11-09-2018 06:45:39 Wire.java DEBUG [Forwarding sendKeysToElement on session 029705e03dc47b5e85742a7d0b139050 to remote] http.wire 87 - http-outgoing-1 &lt;&lt; &quot;{&quot;sessionId&quot;:&quot;029705e03dc47b5e85742a7d0b139050&quot;,&quot;status&quot;:0,&quot;value&quot;:null}&quot;
11-09-2018 06:45:39 LoggingManagedHttpClientConnection.java DEBUG [Forwarding sendKeysToElement on session 029705e03dc47b5e85742a7d0b139050 to remote] http.headers 122 - http-outgoing-1 &lt;&lt; HTTP/1.1 200 OK
11-09-2018 06:45:39 LoggingManagedHttpClientConnection.java DEBUG [Forwarding sendKeysToElement on session 029705e03dc47b5e85742a7d0b139050 to remote] http.headers 125 - http-outgoing-1 &lt;&lt; Content-Length:72
11-09-2018 06:45:39 LoggingManagedHttpClientConnection.java DEBUG [Forwarding sendKeysToElement on session 029705e03dc47b5e85742a7d0b139050 to remote] http.headers 125 - http-outgoing-1 &lt;&lt; Content-Type:application/json; charset=utf-8
11-09-2018 06:45:39 MainClientExec.java DEBUG [Forwarding sendKeysToElement on session 029705e03dc47b5e85742a7d0b139050 to remote] execchain.MainClientExec 285 - Connection can be kept alive indefinitely
11-09-2018 06:45:39 PoolingHttpClientConnectionManager.java DEBUG [Forwarding sendKeysToElement on session 029705e03dc47b5e85742a7d0b139050 to remote] conn.PoolingHttpClientConnectionManager 320 - Connection [id: 1][route: {}-&gt;http://localhost:21444] can be kept alive indefinitely
11-09-2018 06:45:39 PoolingHttpClientConnectionManager.java DEBUG [Forwarding sendKeysToElement on session 029705e03dc47b5e85742a7d0b139050 to remote] conn.PoolingHttpClientConnectionManager 326 - Connection released: [id: 1][route: {}-&gt;http://localhost:21444][total kept alive: 1; route allocated: 1 of 2000; total allocated: 1 of 2000]
11-09-2018 06:45:39 RequestAddCookies.java DEBUG [Forwarding findElement on session 029705e03dc47b5e85742a7d0b139050 to remote] protocol.RequestAddCookies 123 - CookieSpec selected: default
11-09-2018 06:45:39 RequestAuthCache.java DEBUG [Forwarding findElement on session 029705e03dc47b5e85742a7d0b139050 to remote] protocol.RequestAuthCache 77 - Auth cache not set in the context
11-09-2018 06:45:39 PoolingHttpClientConnectionManager.java DEBUG [Forwarding findElement on session 029705e03dc47b5e85742a7d0b139050 to remote] conn.PoolingHttpClientConnectionManager 255 - Connection request: [route: {}-&gt;http://localhost:21444][total kept alive: 1; route allocated: 1 of 2000; total allocated: 1 of 2000]
11-09-2018 06:45:39 PoolingHttpClientConnectionManager.java DEBUG [Forwarding findElement on session 029705e03dc47b5e85742a7d0b139050 to remote] conn.PoolingHttpClientConnectionManager 288 - Connection leased: [id: 1][route: {}-&gt;http://localhost:21444][total kept alive: 0; route allocated: 1 of 2000; total allocated: 1 of 2000]
11-09-2018 06:45:39 MainClientExec.java DEBUG [Forwarding findElement on session 029705e03dc47b5e85742a7d0b139050 to remote] execchain.MainClientExec 208 - Stale connection check
11-09-2018 06:45:39 Wire.java DEBUG [Forwarding findElement on session 029705e03dc47b5e85742a7d0b139050 to remote] http.wire 87 - http-outgoing-1 &lt;&lt; &quot;[read] I/O error: Read timed out&quot;
11-09-2018 06:45:39 LoggingManagedHttpClientConnection.java DEBUG [Forwarding findElement on session 029705e03dc47b5e85742a7d0b139050 to remote] conn.DefaultManagedHttpClientConnection 88 - http-outgoing-1: set socket timeout to 10800000
11-09-2018 06:45:39 MainClientExec.java DEBUG [Forwarding findElement on session 029705e03dc47b5e85742a7d0b139050 to remote] execchain.MainClientExec 256 - Executing request POST /session/029705e03dc47b5e85742a7d0b139050/element HTTP/1.1
11-09-2018 06:45:39 MainClientExec.java DEBUG [Forwarding findElement on session 029705e03dc47b5e85742a7d0b139050 to remote] execchain.MainClientExec 261 - Target auth state: UNCHALLENGED
11-09-2018 06:45:39 MainClientExec.java DEBUG [Forwarding findElement on session 029705e03dc47b5e85742a7d0b139050 to remote] execchain.MainClientExec 267 - Proxy auth state: UNCHALLENGED
11-09-2018 06:45:39 LoggingManagedHttpClientConnection.java DEBUG [Forwarding findElement on session 029705e03dc47b5e85742a7d0b139050 to remote] http.headers 133 - http-outgoing-1 &gt;&gt; POST /session/029705e03dc47b5e85742a7d0b139050/element HTTP/1.1
11-09-2018 06:45:39 LoggingManagedHttpClientConnection.java DEBUG [Forwarding findElement on session 029705e03dc47b5e85742a7d0b139050 to remote] http.headers 136 - http-outgoing-1 &gt;&gt; Content-Type: application/json; charset=utf-8
11-09-2018 06:45:39 LoggingManagedHttpClientConnection.java DEBUG [Forwarding findElement on session 029705e03dc47b5e85742a7d0b139050 to remote] http.headers 136 - http-outgoing-1 &gt;&gt; Content-Length: 85
11-09-2018 06:45:39 LoggingManagedHttpClientConnection.java DEBUG [Forwarding findElement on session 029705e03dc47b5e85742a7d0b139050 to remote] http.headers 136 - http-outgoing-1 &gt;&gt; Host: localhost:21444
11-09-2018 06:45:39 LoggingManagedHttpClientConnection.java DEBUG [Forwarding findElement on session 029705e03dc47b5e85742a7d0b139050 to remote] http.headers 136 - http-outgoing-1 &gt;&gt; Connection: Keep-Alive
11-09-2018 06:45:39 LoggingManagedHttpClientConnection.java DEBUG [Forwarding findElement on session 029705e03dc47b5e85742a7d0b139050 to remote] http.headers 136 - http-outgoing-1 &gt;&gt; User-Agent: Apache-HttpClient/4.5.3 (Java/1.8.0_191)
11-09-2018 06:45:39 LoggingManagedHttpClientConnection.java DEBUG [Forwarding findElement on session 029705e03dc47b5e85742a7d0b139050 to remote] http.headers 136 - http-outgoing-1 &gt;&gt; Accept-Encoding: gzip,deflate
11-09-2018 06:45:39 Wire.java DEBUG [Forwarding findElement on session 029705e03dc47b5e85742a7d0b139050 to remote] http.wire 73 - http-outgoing-1 &gt;&gt; &quot;POST /session/029705e03dc47b5e85742a7d0b139050/element HTTP/1.1[\r][\n]&quot;
11-09-2018 06:45:39 Wire.java DEBUG [Forwarding findElement on session 029705e03dc47b5e85742a7d0b139050 to remote] http.wire 73 - http-outgoing-1 &gt;&gt; &quot;Content-Type: application/json; charset=utf-8[\r][\n]&quot;
11-09-2018 06:45:39 Wire.java DEBUG [Forwarding findElement on session 029705e03dc47b5e85742a7d0b139050 to remote] http.wire 73 - http-outgoing-1 &gt;&gt; &quot;Content-Length: 85[\r][\n]&quot;
11-09-2018 06:45:39 Wire.java DEBUG [Forwarding findElement on session 029705e03dc47b5e85742a7d0b139050 to remote] http.wire 73 - http-outgoing-1 &gt;&gt; &quot;Host: localhost:21444[\r][\n]&quot;
11-09-2018 06:45:39 Wire.java DEBUG [Forwarding findElement on session 029705e03dc47b5e85742a7d0b139050 to remote] http.wire 73 - http-outgoing-1 &gt;&gt; &quot;Connection: Keep-Alive[\r][\n]&quot;
11-09-2018 06:45:39 Wire.java DEBUG [Forwarding findElement on session 029705e03dc47b5e85742a7d0b139050 to remote] http.wire 73 - http-outgoing-1 &gt;&gt; &quot;User-Agent: Apache-HttpClient/4.5.3 (Java/1.8.0_191)[\r][\n]&quot;
11-09-2018 06:45:39 Wire.java DEBUG [Forwarding findElement on session 029705e03dc47b5e85742a7d0b139050 to remote] http.wire 73 - http-outgoing-1 &gt;&gt; &quot;Accept-Encoding: gzip,deflate[\r][\n]&quot;
11-09-2018 06:45:39 Wire.java DEBUG [Forwarding findElement on session 029705e03dc47b5e85742a7d0b139050 to remote] http.wire 73 - http-outgoing-1 &gt;&gt; &quot;[\r][\n]&quot;
11-09-2018 06:45:39 Wire.java DEBUG [Forwarding findElement on session 029705e03dc47b5e85742a7d0b139050 to remote] http.wire 87 - http-outgoing-1 &gt;&gt; &quot;{&quot;using&quot;:&quot;xpath&quot;,&quot;value&quot;:&quot;//input[@type=\&quot;password\&quot; and @id=\&quot;ch_login_password\&quot;]&quot;}&quot;
11-09-2018 06:45:39 Wire.java DEBUG [Forwarding findElement on session 029705e03dc47b5e85742a7d0b139050 to remote] http.wire 73 - http-outgoing-1 &lt;&lt; &quot;HTTP/1.1 200 OK[\r][\n]&quot;
11-09-2018 06:45:39 Wire.java DEBUG [Forwarding findElement on session 029705e03dc47b5e85742a7d0b139050 to remote] http.wire 73 - http-outgoing-1 &lt;&lt; &quot;Content-Length:101[\r][\n]&quot;
11-09-2018 06:45:39 Wire.java DEBUG [Forwarding findElement on session 029705e03dc47b5e85742a7d0b139050 to remote] http.wire 73 - http-outgoing-1 &lt;&lt; &quot;Content-Type:application/json; charset=utf-8[\r][\n]&quot;
11-09-2018 06:45:39 Wire.java DEBUG [Forwarding findElement on session 029705e03dc47b5e85742a7d0b139050 to remote] http.wire 73 - http-outgoing-1 &lt;&lt; &quot;[\r][\n]&quot;
11-09-2018 06:45:39 Wire.java DEBUG [Forwarding findElement on session 029705e03dc47b5e85742a7d0b139050 to remote] http.wire 87 - http-outgoing-1 &lt;&lt; &quot;{&quot;sessionId&quot;:&quot;029705e03dc47b5e85742a7d0b139050&quot;,&quot;status&quot;:0,&quot;value&quot;:{&quot;ELEMENT&quot;:&quot;0.861720760253841-4&quot;}}&quot;
11-09-2018 06:45:39 LoggingManagedHttpClientConnection.java DEBUG [Forwarding findElement on session 029705e03dc47b5e85742a7d0b139050 to remote] http.headers 122 - http-outgoing-1 &lt;&lt; HTTP/1.1 200 OK
11-09-2018 06:45:39 LoggingManagedHttpClientConnection.java DEBUG [Forwarding findElement on session 029705e03dc47b5e85742a7d0b139050 to remote] http.headers 125 - http-outgoing-1 &lt;&lt; Content-Length:101
11-09-2018 06:45:39 LoggingManagedHttpClientConnection.java DEBUG [Forwarding findElement on session 029705e03dc47b5e85742a7d0b139050 to remote] http.headers 125 - http-outgoing-1 &lt;&lt; Content-Type:application/json; charset=utf-8
11-09-2018 06:45:39 MainClientExec.java DEBUG [Forwarding findElement on session 029705e03dc47b5e85742a7d0b139050 to remote] execchain.MainClientExec 285 - Connection can be kept alive indefinitely
11-09-2018 06:45:39 PoolingHttpClientConnectionManager.java DEBUG [Forwarding findElement on session 029705e03dc47b5e85742a7d0b139050 to remote] conn.PoolingHttpClientConnectionManager 320 - Connection [id: 1][route: {}-&gt;http://localhost:21444] can be kept alive indefinitely
11-09-2018 06:45:39 PoolingHttpClientConnectionManager.java DEBUG [Forwarding findElement on session 029705e03dc47b5e85742a7d0b139050 to remote] conn.PoolingHttpClientConnectionManager 326 - Connection released: [id: 1][route: {}-&gt;http://localhost:21444][total kept alive: 1; route allocated: 1 of 2000; total allocated: 1 of 2000]
11-09-2018 06:45:39 RequestAddCookies.java DEBUG [Forwarding sendKeysToElement on session 029705e03dc47b5e85742a7d0b139050 to remote] protocol.RequestAddCookies 123 - CookieSpec selected: default
11-09-2018 06:45:39 RequestAuthCache.java DEBUG [Forwarding sendKeysToElement on session 029705e03dc47b5e85742a7d0b139050 to remote] protocol.RequestAuthCache 77 - Auth cache not set in the context
11-09-2018 06:45:39 PoolingHttpClientConnectionManager.java DEBUG [Forwarding sendKeysToElement on session 029705e03dc47b5e85742a7d0b139050 to remote] conn.PoolingHttpClientConnectionManager 255 - Connection request: [route: {}-&gt;http://localhost:21444][total kept alive: 1; route allocated: 1 of 2000; total allocated: 1 of 2000]
11-09-2018 06:45:39 PoolingHttpClientConnectionManager.java DEBUG [Forwarding sendKeysToElement on session 029705e03dc47b5e85742a7d0b139050 to remote] conn.PoolingHttpClientConnectionManager 288 - Connection leased: [id: 1][route: {}-&gt;http://localhost:21444][total kept alive: 0; route allocated: 1 of 2000; total allocated: 1 of 2000]
11-09-2018 06:45:39 MainClientExec.java DEBUG [Forwarding sendKeysToElement on session 029705e03dc47b5e85742a7d0b139050 to remote] execchain.MainClientExec 208 - Stale connection check
11-09-2018 06:45:39 Wire.java DEBUG [Forwarding sendKeysToElement on session 029705e03dc47b5e85742a7d0b139050 to remote] http.wire 87 - http-outgoing-1 &lt;&lt; &quot;[read] I/O error: Read timed out&quot;
11-09-2018 06:45:39 LoggingManagedHttpClientConnection.java DEBUG [Forwarding sendKeysToElement on session 029705e03dc47b5e85742a7d0b139050 to remote] conn.DefaultManagedHttpClientConnection 88 - http-outgoing-1: set socket timeout to 10800000
11-09-2018 06:45:39 MainClientExec.java DEBUG [Forwarding sendKeysToElement on session 029705e03dc47b5e85742a7d0b139050 to remote] execchain.MainClientExec 256 - Executing request POST /session/029705e03dc47b5e85742a7d0b139050/element/0.861720760253841-4/value HTTP/1.1
11-09-2018 06:45:39 MainClientExec.java DEBUG [Forwarding sendKeysToElement on session 029705e03dc47b5e85742a7d0b139050 to remote] execchain.MainClientExec 261 - Target auth state: UNCHALLENGED
11-09-2018 06:45:39 MainClientExec.java DEBUG [Forwarding sendKeysToElement on session 029705e03dc47b5e85742a7d0b139050 to remote] execchain.MainClientExec 267 - Proxy auth state: UNCHALLENGED
11-09-2018 06:45:39 LoggingManagedHttpClientConnection.java DEBUG [Forwarding sendKeysToElement on session 029705e03dc47b5e85742a7d0b139050 to remote] http.headers 133 - http-outgoing-1 &gt;&gt; POST /session/029705e03dc47b5e85742a7d0b139050/element/0.861720760253841-4/value HTTP/1.1
11-09-2018 06:45:39 LoggingManagedHttpClientConnection.java DEBUG [Forwarding sendKeysToElement on session 029705e03dc47b5e85742a7d0b139050 to remote] http.headers 136 - http-outgoing-1 &gt;&gt; Content-Type: application/json; charset=utf-8
11-09-2018 06:45:39 LoggingManagedHttpClientConnection.java DEBUG [Forwarding sendKeysToElement on session 029705e03dc47b5e85742a7d0b139050 to remote] http.headers 136 - http-outgoing-1 &gt;&gt; Content-Length: 50
11-09-2018 06:45:39 LoggingManagedHttpClientConnection.java DEBUG [Forwarding sendKeysToElement on session 029705e03dc47b5e85742a7d0b139050 to remote] http.headers 136 - http-outgoing-1 &gt;&gt; Host: localhost:21444
11-09-2018 06:45:39 LoggingManagedHttpClientConnection.java DEBUG [Forwarding sendKeysToElement on session 029705e03dc47b5e85742a7d0b139050 to remote] http.headers 136 - http-outgoing-1 &gt;&gt; Connection: Keep-Alive
11-09-2018 06:45:39 LoggingManagedHttpClientConnection.java DEBUG [Forwarding sendKeysToElement on session 029705e03dc47b5e85742a7d0b139050 to remote] http.headers 136 - http-outgoing-1 &gt;&gt; User-Agent: Apache-HttpClient/4.5.3 (Java/1.8.0_191)
11-09-2018 06:45:39 LoggingManagedHttpClientConnection.java DEBUG [Forwarding sendKeysToElement on session 029705e03dc47b5e85742a7d0b139050 to remote] http.headers 136 - http-outgoing-1 &gt;&gt; Accept-Encoding: gzip,deflate
11-09-2018 06:45:39 Wire.java DEBUG [Forwarding sendKeysToElement on session 029705e03dc47b5e85742a7d0b139050 to remote] http.wire 73 - http-outgoing-1 &gt;&gt; &quot;POST /session/029705e03dc47b5e85742a7d0b139050/element/0.861720760253841-4/value HTTP/1.1[\r][\n]&quot;
11-09-2018 06:45:39 Wire.java DEBUG [Forwarding sendKeysToElement on session 029705e03dc47b5e85742a7d0b139050 to remote] http.wire 73 - http-outgoing-1 &gt;&gt; &quot;Content-Type: application/json; charset=utf-8[\r][\n]&quot;
11-09-2018 06:45:39 Wire.java DEBUG [Forwarding sendKeysToElement on session 029705e03dc47b5e85742a7d0b139050 to remote] http.wire 73 - http-outgoing-1 &gt;&gt; &quot;Content-Length: 50[\r][\n]&quot;
11-09-2018 06:45:39 Wire.java DEBUG [Forwarding sendKeysToElement on session 029705e03dc47b5e85742a7d0b139050 to remote] http.wire 73 - http-outgoing-1 &gt;&gt; &quot;Host: localhost:21444[\r][\n]&quot;
11-09-2018 06:45:39 Wire.java DEBUG [Forwarding sendKeysToElement on session 029705e03dc47b5e85742a7d0b139050 to remote] http.wire 73 - http-outgoing-1 &gt;&gt; &quot;Connection: Keep-Alive[\r][\n]&quot;
11-09-2018 06:45:39 Wire.java DEBUG [Forwarding sendKeysToElement on session 029705e03dc47b5e85742a7d0b139050 to remote] http.wire 73 - http-outgoing-1 &gt;&gt; &quot;User-Agent: Apache-HttpClient/4.5.3 (Java/1.8.0_191)[\r][\n]&quot;
11-09-2018 06:45:39 Wire.java DEBUG [Forwarding sendKeysToElement on session 029705e03dc47b5e85742a7d0b139050 to remote] http.wire 73 - http-outgoing-1 &gt;&gt; &quot;Accept-Encoding: gzip,deflate[\r][\n]&quot;
11-09-2018 06:45:39 Wire.java DEBUG [Forwarding sendKeysToElement on session 029705e03dc47b5e85742a7d0b139050 to remote] http.wire 73 - http-outgoing-1 &gt;&gt; &quot;[\r][\n]&quot;
11-09-2018 06:45:39 Wire.java DEBUG [Forwarding sendKeysToElement on session 029705e03dc47b5e85742a7d0b139050 to remote] http.wire 87 - http-outgoing-1 &gt;&gt; &quot;{&quot;id&quot;:&quot;0.861720760253841-4&quot;,&quot;value&quot;:[&quot;Pass@1234&quot;]}&quot;
11-09-2018 06:45:40 Wire.java DEBUG [Forwarding sendKeysToElement on session 029705e03dc47b5e85742a7d0b139050 to remote] http.wire 73 - http-outgoing-1 &lt;&lt; &quot;HTTP/1.1 200 OK[\r][\n]&quot;
11-09-2018 06:45:40 Wire.java DEBUG [Forwarding sendKeysToElement on session 029705e03dc47b5e85742a7d0b139050 to remote] http.wire 73 - http-outgoing-1 &lt;&lt; &quot;Content-Length:72[\r][\n]&quot;
11-09-2018 06:45:40 Wire.java DEBUG [Forwarding sendKeysToElement on session 029705e03dc47b5e85742a7d0b139050 to remote] http.wire 73 - http-outgoing-1 &lt;&lt; &quot;Content-Type:application/json; charset=utf-8[\r][\n]&quot;
11-09-2018 06:45:40 Wire.java DEBUG [Forwarding sendKeysToElement on session 029705e03dc47b5e85742a7d0b139050 to remote] http.wire 73 - http-outgoing-1 &lt;&lt; &quot;[\r][\n]&quot;
11-09-2018 06:45:40 Wire.java DEBUG [Forwarding sendKeysToElement on session 029705e03dc47b5e85742a7d0b139050 to remote] http.wire 87 - http-outgoing-1 &lt;&lt; &quot;{&quot;sessionId&quot;:&quot;029705e03dc47b5e85742a7d0b139050&quot;,&quot;status&quot;:0,&quot;value&quot;:null}&quot;
11-09-2018 06:45:40 LoggingManagedHttpClientConnection.java DEBUG [Forwarding sendKeysToElement on session 029705e03dc47b5e85742a7d0b139050 to remote] http.headers 122 - http-outgoing-1 &lt;&lt; HTTP/1.1 200 OK
11-09-2018 06:45:40 LoggingManagedHttpClientConnection.java DEBUG [Forwarding sendKeysToElement on session 029705e03dc47b5e85742a7d0b139050 to remote] http.headers 125 - http-outgoing-1 &lt;&lt; Content-Length:72
11-09-2018 06:45:40 LoggingManagedHttpClientConnection.java DEBUG [Forwarding sendKeysToElement on session 029705e03dc47b5e85742a7d0b139050 to remote] http.headers 125 - http-outgoing-1 &lt;&lt; Content-Type:application/json; charset=utf-8
11-09-2018 06:45:40 MainClientExec.java DEBUG [Forwarding sendKeysToElement on session 029705e03dc47b5e85742a7d0b139050 to remote] execchain.MainClientExec 285 - Connection can be kept alive indefinitely
11-09-2018 06:45:40 PoolingHttpClientConnectionManager.java DEBUG [Forwarding sendKeysToElement on session 029705e03dc47b5e85742a7d0b139050 to remote] conn.PoolingHttpClientConnectionManager 320 - Connection [id: 1][route: {}-&gt;http://localhost:21444] can be kept alive indefinitely
11-09-2018 06:45:40 PoolingHttpClientConnectionManager.java DEBUG [Forwarding sendKeysToElement on session 029705e03dc47b5e85742a7d0b139050 to remote] conn.PoolingHttpClientConnectionManager 326 - Connection released: [id: 1][route: {}-&gt;http://localhost:21444][total kept alive: 1; route allocated: 1 of 2000; total allocated: 1 of 2000]
11-09-2018 06:45:40 RequestAddCookies.java DEBUG [Forwarding findElement on session 029705e03dc47b5e85742a7d0b139050 to remote] protocol.RequestAddCookies 123 - CookieSpec selected: default
11-09-2018 06:45:40 RequestAuthCache.java DEBUG [Forwarding findElement on session 029705e03dc47b5e85742a7d0b139050 to remote] protocol.RequestAuthCache 77 - Auth cache not set in the context
11-09-2018 06:45:40 PoolingHttpClientConnectionManager.java DEBUG [Forwarding findElement on session 029705e03dc47b5e85742a7d0b139050 to remote] conn.PoolingHttpClientConnectionManager 255 - Connection request: [route: {}-&gt;http://localhost:21444][total kept alive: 1; route allocated: 1 of 2000; total allocated: 1 of 2000]
11-09-2018 06:45:40 PoolingHttpClientConnectionManager.java DEBUG [Forwarding findElement on session 029705e03dc47b5e85742a7d0b139050 to remote] conn.PoolingHttpClientConnectionManager 288 - Connection leased: [id: 1][route: {}-&gt;http://localhost:21444][total kept alive: 0; route allocated: 1 of 2000; total allocated: 1 of 2000]
11-09-2018 06:45:40 MainClientExec.java DEBUG [Forwarding findElement on session 029705e03dc47b5e85742a7d0b139050 to remote] execchain.MainClientExec 208 - Stale connection check
11-09-2018 06:45:40 Wire.java DEBUG [Forwarding findElement on session 029705e03dc47b5e85742a7d0b139050 to remote] http.wire 87 - http-outgoing-1 &lt;&lt; &quot;[read] I/O error: Read timed out&quot;
11-09-2018 06:45:40 LoggingManagedHttpClientConnection.java DEBUG [Forwarding findElement on session 029705e03dc47b5e85742a7d0b139050 to remote] conn.DefaultManagedHttpClientConnection 88 - http-outgoing-1: set socket timeout to 10800000
11-09-2018 06:45:40 MainClientExec.java DEBUG [Forwarding findElement on session 029705e03dc47b5e85742a7d0b139050 to remote] execchain.MainClientExec 256 - Executing request POST /session/029705e03dc47b5e85742a7d0b139050/element HTTP/1.1
11-09-2018 06:45:40 MainClientExec.java DEBUG [Forwarding findElement on session 029705e03dc47b5e85742a7d0b139050 to remote] execchain.MainClientExec 261 - Target auth state: UNCHALLENGED
11-09-2018 06:45:40 MainClientExec.java DEBUG [Forwarding findElement on session 029705e03dc47b5e85742a7d0b139050 to remote] execchain.MainClientExec 267 - Proxy auth state: UNCHALLENGED
11-09-2018 06:45:40 LoggingManagedHttpClientConnection.java DEBUG [Forwarding findElement on session 029705e03dc47b5e85742a7d0b139050 to remote] http.headers 133 - http-outgoing-1 &gt;&gt; POST /session/029705e03dc47b5e85742a7d0b139050/element HTTP/1.1
11-09-2018 06:45:40 LoggingManagedHttpClientConnection.java DEBUG [Forwarding findElement on session 029705e03dc47b5e85742a7d0b139050 to remote] http.headers 136 - http-outgoing-1 &gt;&gt; Content-Type: application/json; charset=utf-8
11-09-2018 06:45:40 LoggingManagedHttpClientConnection.java DEBUG [Forwarding findElement on session 029705e03dc47b5e85742a7d0b139050 to remote] http.headers 136 - http-outgoing-1 &gt;&gt; Content-Length: 58
11-09-2018 06:45:40 LoggingManagedHttpClientConnection.java DEBUG [Forwarding findElement on session 029705e03dc47b5e85742a7d0b139050 to remote] http.headers 136 - http-outgoing-1 &gt;&gt; Host: localhost:21444
11-09-2018 06:45:40 LoggingManagedHttpClientConnection.java DEBUG [Forwarding findElement on session 029705e03dc47b5e85742a7d0b139050 to remote] http.headers 136 - http-outgoing-1 &gt;&gt; Connection: Keep-Alive
11-09-2018 06:45:40 LoggingManagedHttpClientConnection.java DEBUG [Forwarding findElement on session 029705e03dc47b5e85742a7d0b139050 to remote] http.headers 136 - http-outgoing-1 &gt;&gt; User-Agent: Apache-HttpClient/4.5.3 (Java/1.8.0_191)
11-09-2018 06:45:40 LoggingManagedHttpClientConnection.java DEBUG [Forwarding findElement on session 029705e03dc47b5e85742a7d0b139050 to remote] http.headers 136 - http-outgoing-1 &gt;&gt; Accept-Encoding: gzip,deflate
11-09-2018 06:45:40 Wire.java DEBUG [Forwarding findElement on session 029705e03dc47b5e85742a7d0b139050 to remote] http.wire 73 - http-outgoing-1 &gt;&gt; &quot;POST /session/029705e03dc47b5e85742a7d0b139050/element HTTP/1.1[\r][\n]&quot;
11-09-2018 06:45:40 Wire.java DEBUG [Forwarding findElement on session 029705e03dc47b5e85742a7d0b139050 to remote] http.wire 73 - http-outgoing-1 &gt;&gt; &quot;Content-Type: application/json; charset=utf-8[\r][\n]&quot;
11-09-2018 06:45:40 Wire.java DEBUG [Forwarding findElement on session 029705e03dc47b5e85742a7d0b139050 to remote] http.wire 73 - http-outgoing-1 &gt;&gt; &quot;Content-Length: 58[\r][\n]&quot;
11-09-2018 06:45:40 Wire.java DEBUG [Forwarding findElement on session 029705e03dc47b5e85742a7d0b139050 to remote] http.wire 73 - http-outgoing-1 &gt;&gt; &quot;Host: localhost:21444[\r][\n]&quot;
11-09-2018 06:45:40 Wire.java DEBUG [Forwarding findElement on session 029705e03dc47b5e85742a7d0b139050 to remote] http.wire 73 - http-outgoing-1 &gt;&gt; &quot;Connection: Keep-Alive[\r][\n]&quot;
11-09-2018 06:45:40 Wire.java DEBUG [Forwarding findElement on session 029705e03dc47b5e85742a7d0b139050 to remote] http.wire 73 - http-outgoing-1 &gt;&gt; &quot;User-Agent: Apache-HttpClient/4.5.3 (Java/1.8.0_191)[\r][\n]&quot;
11-09-2018 06:45:40 Wire.java DEBUG [Forwarding findElement on session 029705e03dc47b5e85742a7d0b139050 to remote] http.wire 73 - http-outgoing-1 &gt;&gt; &quot;Accept-Encoding: gzip,deflate[\r][\n]&quot;
11-09-2018 06:45:40 Wire.java DEBUG [Forwarding findElement on session 029705e03dc47b5e85742a7d0b139050 to remote] http.wire 73 - http-outgoing-1 &gt;&gt; &quot;[\r][\n]&quot;
11-09-2018 06:45:40 Wire.java DEBUG [Forwarding findElement on session 029705e03dc47b5e85742a7d0b139050 to remote] http.wire 87 - http-outgoing-1 &gt;&gt; &quot;{&quot;using&quot;:&quot;xpath&quot;,&quot;value&quot;:&quot;//button[@id=\&quot;ch_login_btn\&quot;]&quot;}&quot;
11-09-2018 06:45:40 Wire.java DEBUG [Forwarding findElement on session 029705e03dc47b5e85742a7d0b139050 to remote] http.wire 73 - http-outgoing-1 &lt;&lt; &quot;HTTP/1.1 200 OK[\r][\n]&quot;
11-09-2018 06:45:40 Wire.java DEBUG [Forwarding findElement on session 029705e03dc47b5e85742a7d0b139050 to remote] http.wire 73 - http-outgoing-1 &lt;&lt; &quot;Content-Length:101[\r][\n]&quot;
11-09-2018 06:45:40 Wire.java DEBUG [Forwarding findElement on session 029705e03dc47b5e85742a7d0b139050 to remote] http.wire 73 - http-outgoing-1 &lt;&lt; &quot;Content-Type:application/json; charset=utf-8[\r][\n]&quot;
11-09-2018 06:45:40 Wire.java DEBUG [Forwarding findElement on session 029705e03dc47b5e85742a7d0b139050 to remote] http.wire 73 - http-outgoing-1 &lt;&lt; &quot;[\r][\n]&quot;
11-09-2018 06:45:40 Wire.java DEBUG [Forwarding findElement on session 029705e03dc47b5e85742a7d0b139050 to remote] http.wire 87 - http-outgoing-1 &lt;&lt; &quot;{&quot;sessionId&quot;:&quot;029705e03dc47b5e85742a7d0b139050&quot;,&quot;status&quot;:0,&quot;value&quot;:{&quot;ELEMENT&quot;:&quot;0.861720760253841-5&quot;}}&quot;
11-09-2018 06:45:40 LoggingManagedHttpClientConnection.java DEBUG [Forwarding findElement on session 029705e03dc47b5e85742a7d0b139050 to remote] http.headers 122 - http-outgoing-1 &lt;&lt; HTTP/1.1 200 OK
11-09-2018 06:45:40 LoggingManagedHttpClientConnection.java DEBUG [Forwarding findElement on session 029705e03dc47b5e85742a7d0b139050 to remote] http.headers 125 - http-outgoing-1 &lt;&lt; Content-Length:101
11-09-2018 06:45:40 LoggingManagedHttpClientConnection.java DEBUG [Forwarding findElement on session 029705e03dc47b5e85742a7d0b139050 to remote] http.headers 125 - http-outgoing-1 &lt;&lt; Content-Type:application/json; charset=utf-8
11-09-2018 06:45:40 MainClientExec.java DEBUG [Forwarding findElement on session 029705e03dc47b5e85742a7d0b139050 to remote] execchain.MainClientExec 285 - Connection can be kept alive indefinitely
11-09-2018 06:45:40 PoolingHttpClientConnectionManager.java DEBUG [Forwarding findElement on session 029705e03dc47b5e85742a7d0b139050 to remote] conn.PoolingHttpClientConnectionManager 320 - Connection [id: 1][route: {}-&gt;http://localhost:21444] can be kept alive indefinitely
11-09-2018 06:45:40 PoolingHttpClientConnectionManager.java DEBUG [Forwarding findElement on session 029705e03dc47b5e85742a7d0b139050 to remote] conn.PoolingHttpClientConnectionManager 326 - Connection released: [id: 1][route: {}-&gt;http://localhost:21444][total kept alive: 1; route allocated: 1 of 2000; total allocated: 1 of 2000]
11-09-2018 06:45:40 RequestAddCookies.java DEBUG [Forwarding clickElement on session 029705e03dc47b5e85742a7d0b139050 to remote] protocol.RequestAddCookies 123 - CookieSpec selected: default
11-09-2018 06:45:40 RequestAuthCache.java DEBUG [Forwarding clickElement on session 029705e03dc47b5e85742a7d0b139050 to remote] protocol.RequestAuthCache 77 - Auth cache not set in the context
11-09-2018 06:45:40 PoolingHttpClientConnectionManager.java DEBUG [Forwarding clickElement on session 029705e03dc47b5e85742a7d0b139050 to remote] conn.PoolingHttpClientConnectionManager 255 - Connection request: [route: {}-&gt;http://localhost:21444][total kept alive: 1; route allocated: 1 of 2000; total allocated: 1 of 2000]
11-09-2018 06:45:40 PoolingHttpClientConnectionManager.java DEBUG [Forwarding clickElement on session 029705e03dc47b5e85742a7d0b139050 to remote] conn.PoolingHttpClientConnectionManager 288 - Connection leased: [id: 1][route: {}-&gt;http://localhost:21444][total kept alive: 0; route allocated: 1 of 2000; total allocated: 1 of 2000]
11-09-2018 06:45:40 MainClientExec.java DEBUG [Forwarding clickElement on session 029705e03dc47b5e85742a7d0b139050 to remote] execchain.MainClientExec 208 - Stale connection check
11-09-2018 06:45:40 Wire.java DEBUG [Forwarding clickElement on session 029705e03dc47b5e85742a7d0b139050 to remote] http.wire 87 - http-outgoing-1 &lt;&lt; &quot;[read] I/O error: Read timed out&quot;
11-09-2018 06:45:40 LoggingManagedHttpClientConnection.java DEBUG [Forwarding clickElement on session 029705e03dc47b5e85742a7d0b139050 to remote] conn.DefaultManagedHttpClientConnection 88 - http-outgoing-1: set socket timeout to 10800000
11-09-2018 06:45:40 MainClientExec.java DEBUG [Forwarding clickElement on session 029705e03dc47b5e85742a7d0b139050 to remote] execchain.MainClientExec 256 - Executing request POST /session/029705e03dc47b5e85742a7d0b139050/element/0.861720760253841-5/click HTTP/1.1
11-09-2018 06:45:40 MainClientExec.java DEBUG [Forwarding clickElement on session 029705e03dc47b5e85742a7d0b139050 to remote] execchain.MainClientExec 261 - Target auth state: UNCHALLENGED
11-09-2018 06:45:40 MainClientExec.java DEBUG [Forwarding clickElement on session 029705e03dc47b5e85742a7d0b139050 to remote] execchain.MainClientExec 267 - Proxy auth state: UNCHALLENGED
11-09-2018 06:45:40 LoggingManagedHttpClientConnection.java DEBUG [Forwarding clickElement on session 029705e03dc47b5e85742a7d0b139050 to remote] http.headers 133 - http-outgoing-1 &gt;&gt; POST /session/029705e03dc47b5e85742a7d0b139050/element/0.861720760253841-5/click HTTP/1.1
11-09-2018 06:45:40 LoggingManagedHttpClientConnection.java DEBUG [Forwarding clickElement on session 029705e03dc47b5e85742a7d0b139050 to remote] http.headers 136 - http-outgoing-1 &gt;&gt; Content-Type: application/json; charset=utf-8
11-09-2018 06:45:40 LoggingManagedHttpClientConnection.java DEBUG [Forwarding clickElement on session 029705e03dc47b5e85742a7d0b139050 to remote] http.headers 136 - http-outgoing-1 &gt;&gt; Content-Length: 28
11-09-2018 06:45:40 LoggingManagedHttpClientConnection.java DEBUG [Forwarding clickElement on session 029705e03dc47b5e85742a7d0b139050 to remote] http.headers 136 - http-outgoing-1 &gt;&gt; Host: localhost:21444
11-09-2018 06:45:40 LoggingManagedHttpClientConnection.java DEBUG [Forwarding clickElement on session 029705e03dc47b5e85742a7d0b139050 to remote] http.headers 136 - http-outgoing-1 &gt;&gt; Connection: Keep-Alive
11-09-2018 06:45:40 LoggingManagedHttpClientConnection.java DEBUG [Forwarding clickElement on session 029705e03dc47b5e85742a7d0b139050 to remote] http.headers 136 - http-outgoing-1 &gt;&gt; User-Agent: Apache-HttpClient/4.5.3 (Java/1.8.0_191)
11-09-2018 06:45:40 LoggingManagedHttpClientConnection.java DEBUG [Forwarding clickElement on session 029705e03dc47b5e85742a7d0b139050 to remote] http.headers 136 - http-outgoing-1 &gt;&gt; Accept-Encoding: gzip,deflate
11-09-2018 06:45:40 Wire.java DEBUG [Forwarding clickElement on session 029705e03dc47b5e85742a7d0b139050 to remote] http.wire 73 - http-outgoing-1 &gt;&gt; &quot;POST /session/029705e03dc47b5e85742a7d0b139050/element/0.861720760253841-5/click HTTP/1.1[\r][\n]&quot;
11-09-2018 06:45:40 Wire.java DEBUG [Forwarding clickElement on session 029705e03dc47b5e85742a7d0b139050 to remote] http.wire 73 - http-outgoing-1 &gt;&gt; &quot;Content-Type: application/json; charset=utf-8[\r][\n]&quot;
11-09-2018 06:45:40 Wire.java DEBUG [Forwarding clickElement on session 029705e03dc47b5e85742a7d0b139050 to remote] http.wire 73 - http-outgoing-1 &gt;&gt; &quot;Content-Length: 28[\r][\n]&quot;
11-09-2018 06:45:40 Wire.java DEBUG [Forwarding clickElement on session 029705e03dc47b5e85742a7d0b139050 to remote] http.wire 73 - http-outgoing-1 &gt;&gt; &quot;Host: localhost:21444[\r][\n]&quot;
11-09-2018 06:45:40 Wire.java DEBUG [Forwarding clickElement on session 029705e03dc47b5e85742a7d0b139050 to remote] http.wire 73 - http-outgoing-1 &gt;&gt; &quot;Connection: Keep-Alive[\r][\n]&quot;
11-09-2018 06:45:40 Wire.java DEBUG [Forwarding clickElement on session 029705e03dc47b5e85742a7d0b139050 to remote] http.wire 73 - http-outgoing-1 &gt;&gt; &quot;User-Agent: Apache-HttpClient/4.5.3 (Java/1.8.0_191)[\r][\n]&quot;
11-09-2018 06:45:40 Wire.java DEBUG [Forwarding clickElement on session 029705e03dc47b5e85742a7d0b139050 to remote] http.wire 73 - http-outgoing-1 &gt;&gt; &quot;Accept-Encoding: gzip,deflate[\r][\n]&quot;
11-09-2018 06:45:40 Wire.java DEBUG [Forwarding clickElement on session 029705e03dc47b5e85742a7d0b139050 to remote] http.wire 73 - http-outgoing-1 &gt;&gt; &quot;[\r][\n]&quot;
11-09-2018 06:45:40 Wire.java DEBUG [Forwarding clickElement on session 029705e03dc47b5e85742a7d0b139050 to remote] http.wire 87 - http-outgoing-1 &gt;&gt; &quot;{&quot;id&quot;:&quot;0.861720760253841-5&quot;}&quot;
11-09-2018 06:45:40 Wire.java DEBUG [Forwarding clickElement on session 029705e03dc47b5e85742a7d0b139050 to remote] http.wire 73 - http-outgoing-1 &lt;&lt; &quot;HTTP/1.1 200 OK[\r][\n]&quot;
11-09-2018 06:45:40 Wire.java DEBUG [Forwarding clickElement on session 029705e03dc47b5e85742a7d0b139050 to remote] http.wire 73 - http-outgoing-1 &lt;&lt; &quot;Content-Length:72[\r][\n]&quot;
11-09-2018 06:45:40 Wire.java DEBUG [Forwarding clickElement on session 029705e03dc47b5e85742a7d0b139050 to remote] http.wire 73 - http-outgoing-1 &lt;&lt; &quot;Content-Type:application/json; charset=utf-8[\r][\n]&quot;
11-09-2018 06:45:40 Wire.java DEBUG [Forwarding clickElement on session 029705e03dc47b5e85742a7d0b139050 to remote] http.wire 73 - http-outgoing-1 &lt;&lt; &quot;[\r][\n]&quot;
11-09-2018 06:45:40 Wire.java DEBUG [Forwarding clickElement on session 029705e03dc47b5e85742a7d0b139050 to remote] http.wire 87 - http-outgoing-1 &lt;&lt; &quot;{&quot;sessionId&quot;:&quot;029705e03dc47b5e85742a7d0b139050&quot;,&quot;status&quot;:0,&quot;value&quot;:null}&quot;
11-09-2018 06:45:40 LoggingManagedHttpClientConnection.java DEBUG [Forwarding clickElement on session 029705e03dc47b5e85742a7d0b139050 to remote] http.headers 122 - http-outgoing-1 &lt;&lt; HTTP/1.1 200 OK
11-09-2018 06:45:40 LoggingManagedHttpClientConnection.java DEBUG [Forwarding clickElement on session 029705e03dc47b5e85742a7d0b139050 to remote] http.headers 125 - http-outgoing-1 &lt;&lt; Content-Length:72
11-09-2018 06:45:40 LoggingManagedHttpClientConnection.java DEBUG [Forwarding clickElement on session 029705e03dc47b5e85742a7d0b139050 to remote] http.headers 125 - http-outgoing-1 &lt;&lt; Content-Type:application/json; charset=utf-8
11-09-2018 06:45:40 MainClientExec.java DEBUG [Forwarding clickElement on session 029705e03dc47b5e85742a7d0b139050 to remote] execchain.MainClientExec 285 - Connection can be kept alive indefinitely
11-09-2018 06:45:40 PoolingHttpClientConnectionManager.java DEBUG [Forwarding clickElement on session 029705e03dc47b5e85742a7d0b139050 to remote] conn.PoolingHttpClientConnectionManager 320 - Connection [id: 1][route: {}-&gt;http://localhost:21444] can be kept alive indefinitely
11-09-2018 06:45:40 PoolingHttpClientConnectionManager.java DEBUG [Forwarding clickElement on session 029705e03dc47b5e85742a7d0b139050 to remote] conn.PoolingHttpClientConnectionManager 326 - Connection released: [id: 1][route: {}-&gt;http://localhost:21444][total kept alive: 1; route allocated: 1 of 2000; total allocated: 1 of 2000]
11-09-2018 06:45:40 RequestAddCookies.java DEBUG [Forwarding findElement on session 029705e03dc47b5e85742a7d0b139050 to remote] protocol.RequestAddCookies 123 - CookieSpec selected: default
11-09-2018 06:45:40 RequestAuthCache.java DEBUG [Forwarding findElement on session 029705e03dc47b5e85742a7d0b139050 to remote] protocol.RequestAuthCache 77 - Auth cache not set in the context
11-09-2018 06:45:40 PoolingHttpClientConnectionManager.java DEBUG [Forwarding findElement on session 029705e03dc47b5e85742a7d0b139050 to remote] conn.PoolingHttpClientConnectionManager 255 - Connection request: [route: {}-&gt;http://localhost:21444][total kept alive: 1; route allocated: 1 of 2000; total allocated: 1 of 2000]
11-09-2018 06:45:40 PoolingHttpClientConnectionManager.java DEBUG [Forwarding findElement on session 029705e03dc47b5e85742a7d0b139050 to remote] conn.PoolingHttpClientConnectionManager 288 - Connection leased: [id: 1][route: {}-&gt;http://localhost:21444][total kept alive: 0; route allocated: 1 of 2000; total allocated: 1 of 2000]
11-09-2018 06:45:40 MainClientExec.java DEBUG [Forwarding findElement on session 029705e03dc47b5e85742a7d0b139050 to remote] execchain.MainClientExec 208 - Stale connection check
11-09-2018 06:45:40 Wire.java DEBUG [Forwarding findElement on session 029705e03dc47b5e85742a7d0b139050 to remote] http.wire 87 - http-outgoing-1 &lt;&lt; &quot;[read] I/O error: Read timed out&quot;
11-09-2018 06:45:40 LoggingManagedHttpClientConnection.java DEBUG [Forwarding findElement on session 029705e03dc47b5e85742a7d0b139050 to remote] conn.DefaultManagedHttpClientConnection 88 - http-outgoing-1: set socket timeout to 10800000
11-09-2018 06:45:40 MainClientExec.java DEBUG [Forwarding findElement on session 029705e03dc47b5e85742a7d0b139050 to remote] execchain.MainClientExec 256 - Executing request POST /session/029705e03dc47b5e85742a7d0b139050/element HTTP/1.1
11-09-2018 06:45:40 MainClientExec.java DEBUG [Forwarding findElement on session 029705e03dc47b5e85742a7d0b139050 to remote] execchain.MainClientExec 261 - Target auth state: UNCHALLENGED
11-09-2018 06:45:40 MainClientExec.java DEBUG [Forwarding findElement on session 029705e03dc47b5e85742a7d0b139050 to remote] execchain.MainClientExec 267 - Proxy auth state: UNCHALLENGED
11-09-2018 06:45:40 LoggingManagedHttpClientConnection.java DEBUG [Forwarding findElement on session 029705e03dc47b5e85742a7d0b139050 to remote] http.headers 133 - http-outgoing-1 &gt;&gt; POST /session/029705e03dc47b5e85742a7d0b139050/element HTTP/1.1
11-09-2018 06:45:40 LoggingManagedHttpClientConnection.java DEBUG [Forwarding findElement on session 029705e03dc47b5e85742a7d0b139050 to remote] http.headers 136 - http-outgoing-1 &gt;&gt; Content-Type: application/json; charset=utf-8
11-09-2018 06:45:40 LoggingManagedHttpClientConnection.java DEBUG [Forwarding findElement on session 029705e03dc47b5e85742a7d0b139050 to remote] http.headers 136 - http-outgoing-1 &gt;&gt; Content-Length: 58
11-09-2018 06:45:40 LoggingManagedHttpClientConnection.java DEBUG [Forwarding findElement on session 029705e03dc47b5e85742a7d0b139050 to remote] http.headers 136 - http-outgoing-1 &gt;&gt; Host: localhost:21444
11-09-2018 06:45:40 LoggingManagedHttpClientConnection.java DEBUG [Forwarding findElement on session 029705e03dc47b5e85742a7d0b139050 to remote] http.headers 136 - http-outgoing-1 &gt;&gt; Connection: Keep-Alive
11-09-2018 06:45:40 LoggingManagedHttpClientConnection.java DEBUG [Forwarding findElement on session 029705e03dc47b5e85742a7d0b139050 to remote] http.headers 136 - http-outgoing-1 &gt;&gt; User-Agent: Apache-HttpClient/4.5.3 (Java/1.8.0_191)
11-09-2018 06:45:40 LoggingManagedHttpClientConnection.java DEBUG [Forwarding findElement on session 029705e03dc47b5e85742a7d0b139050 to remote] http.headers 136 - http-outgoing-1 &gt;&gt; Accept-Encoding: gzip,deflate
11-09-2018 06:45:40 Wire.java DEBUG [Forwarding findElement on session 029705e03dc47b5e85742a7d0b139050 to remote] http.wire 73 - http-outgoing-1 &gt;&gt; &quot;POST /session/029705e03dc47b5e85742a7d0b139050/element HTTP/1.1[\r][\n]&quot;
11-09-2018 06:45:40 Wire.java DEBUG [Forwarding findElement on session 029705e03dc47b5e85742a7d0b139050 to remote] http.wire 73 - http-outgoing-1 &gt;&gt; &quot;Content-Type: application/json; charset=utf-8[\r][\n]&quot;
11-09-2018 06:45:40 Wire.java DEBUG [Forwarding findElement on session 029705e03dc47b5e85742a7d0b139050 to remote] http.wire 73 - http-outgoing-1 &gt;&gt; &quot;Content-Length: 58[\r][\n]&quot;
11-09-2018 06:45:40 Wire.java DEBUG [Forwarding findElement on session 029705e03dc47b5e85742a7d0b139050 to remote] http.wire 73 - http-outgoing-1 &gt;&gt; &quot;Host: localhost:21444[\r][\n]&quot;
11-09-2018 06:45:40 Wire.java DEBUG [Forwarding findElement on session 029705e03dc47b5e85742a7d0b139050 to remote] http.wire 73 - http-outgoing-1 &gt;&gt; &quot;Connection: Keep-Alive[\r][\n]&quot;
11-09-2018 06:45:40 Wire.java DEBUG [Forwarding findElement on session 029705e03dc47b5e85742a7d0b139050 to remote] http.wire 73 - http-outgoing-1 &gt;&gt; &quot;User-Agent: Apache-HttpClient/4.5.3 (Java/1.8.0_191)[\r][\n]&quot;
11-09-2018 06:45:40 Wire.java DEBUG [Forwarding findElement on session 029705e03dc47b5e85742a7d0b139050 to remote] http.wire 73 - http-outgoing-1 &gt;&gt; &quot;Accept-Encoding: gzip,deflate[\r][\n]&quot;
11-09-2018 06:45:40 Wire.java DEBUG [Forwarding findElement on session 029705e03dc47b5e85742a7d0b139050 to remote] http.wire 73 - http-outgoing-1 &gt;&gt; &quot;[\r][\n]&quot;
11-09-2018 06:45:40 Wire.java DEBUG [Forwarding findElement on session 029705e03dc47b5e85742a7d0b139050 to remote] http.wire 87 - http-outgoing-1 &gt;&gt; &quot;{&quot;using&quot;:&quot;xpath&quot;,&quot;value&quot;:&quot;//button[@id=\&quot;ch_login_btn\&quot;]&quot;}&quot;
11-09-2018 06:45:40 Wire.java DEBUG [Forwarding findElement on session 029705e03dc47b5e85742a7d0b139050 to remote] http.wire 73 - http-outgoing-1 &lt;&lt; &quot;HTTP/1.1 200 OK[\r][\n]&quot;
11-09-2018 06:45:40 Wire.java DEBUG [Forwarding findElement on session 029705e03dc47b5e85742a7d0b139050 to remote] http.wire 73 - http-outgoing-1 &lt;&lt; &quot;Content-Length:101[\r][\n]&quot;
11-09-2018 06:45:40 Wire.java DEBUG [Forwarding findElement on session 029705e03dc47b5e85742a7d0b139050 to remote] http.wire 73 - http-outgoing-1 &lt;&lt; &quot;Content-Type:application/json; charset=utf-8[\r][\n]&quot;
11-09-2018 06:45:40 Wire.java DEBUG [Forwarding findElement on session 029705e03dc47b5e85742a7d0b139050 to remote] http.wire 73 - http-outgoing-1 &lt;&lt; &quot;[\r][\n]&quot;
11-09-2018 06:45:40 Wire.java DEBUG [Forwarding findElement on session 029705e03dc47b5e85742a7d0b139050 to remote] http.wire 87 - http-outgoing-1 &lt;&lt; &quot;{&quot;sessionId&quot;:&quot;029705e03dc47b5e85742a7d0b139050&quot;,&quot;status&quot;:0,&quot;value&quot;:{&quot;ELEMENT&quot;:&quot;0.861720760253841-5&quot;}}&quot;
11-09-2018 06:45:40 LoggingManagedHttpClientConnection.java DEBUG [Forwarding findElement on session 029705e03dc47b5e85742a7d0b139050 to remote] http.headers 122 - http-outgoing-1 &lt;&lt; HTTP/1.1 200 OK
11-09-2018 06:45:40 LoggingManagedHttpClientConnection.java DEBUG [Forwarding findElement on session 029705e03dc47b5e85742a7d0b139050 to remote] http.headers 125 - http-outgoing-1 &lt;&lt; Content-Length:101
11-09-2018 06:45:40 LoggingManagedHttpClientConnection.java DEBUG [Forwarding findElement on session 029705e03dc47b5e85742a7d0b139050 to remote] http.headers 125 - http-outgoing-1 &lt;&lt; Content-Type:application/json; charset=utf-8
11-09-2018 06:45:40 MainClientExec.java DEBUG [Forwarding findElement on session 029705e03dc47b5e85742a7d0b139050 to remote] execchain.MainClientExec 285 - Connection can be kept alive indefinitely
11-09-2018 06:45:40 PoolingHttpClientConnectionManager.java DEBUG [Forwarding findElement on session 029705e03dc47b5e85742a7d0b139050 to remote] conn.PoolingHttpClientConnectionManager 320 - Connection [id: 1][route: {}-&gt;http://localhost:21444] can be kept alive indefinitely
11-09-2018 06:45:40 PoolingHttpClientConnectionManager.java DEBUG [Forwarding findElement on session 029705e03dc47b5e85742a7d0b139050 to remote] conn.PoolingHttpClientConnectionManager 326 - Connection released: [id: 1][route: {}-&gt;http://localhost:21444][total kept alive: 1; route allocated: 1 of 2000; total allocated: 1 of 2000]
11-09-2018 06:45:40 RequestAddCookies.java DEBUG [Forwarding executeScript on session 029705e03dc47b5e85742a7d0b139050 to remote] protocol.RequestAddCookies 123 - CookieSpec selected: default
11-09-2018 06:45:40 RequestAuthCache.java DEBUG [Forwarding executeScript on session 029705e03dc47b5e85742a7d0b139050 to remote] protocol.RequestAuthCache 77 - Auth cache not set in the context
11-09-2018 06:45:40 PoolingHttpClientConnectionManager.java DEBUG [Forwarding executeScript on session 029705e03dc47b5e85742a7d0b139050 to remote] conn.PoolingHttpClientConnectionManager 255 - Connection request: [route: {}-&gt;http://localhost:21444][total kept alive: 1; route allocated: 1 of 2000; total allocated: 1 of 2000]
11-09-2018 06:45:40 PoolingHttpClientConnectionManager.java DEBUG [Forwarding executeScript on session 029705e03dc47b5e85742a7d0b139050 to remote] conn.PoolingHttpClientConnectionManager 288 - Connection leased: [id: 1][route: {}-&gt;http://localhost:21444][total kept alive: 0; route allocated: 1 of 2000; total allocated: 1 of 2000]
11-09-2018 06:45:40 MainClientExec.java DEBUG [Forwarding executeScript on session 029705e03dc47b5e85742a7d0b139050 to remote] execchain.MainClientExec 208 - Stale connection check
11-09-2018 06:45:40 Wire.java DEBUG [Forwarding executeScript on session 029705e03dc47b5e85742a7d0b139050 to remote] http.wire 87 - http-outgoing-1 &lt;&lt; &quot;[read] I/O error: Read timed out&quot;
11-09-2018 06:45:40 LoggingManagedHttpClientConnection.java DEBUG [Forwarding executeScript on session 029705e03dc47b5e85742a7d0b139050 to remote] conn.DefaultManagedHttpClientConnection 88 - http-outgoing-1: set socket timeout to 10800000
11-09-2018 06:45:40 MainClientExec.java DEBUG [Forwarding executeScript on session 029705e03dc47b5e85742a7d0b139050 to remote] execchain.MainClientExec 256 - Executing request POST /session/029705e03dc47b5e85742a7d0b139050/execute HTTP/1.1
11-09-2018 06:45:40 MainClientExec.java DEBUG [Forwarding executeScript on session 029705e03dc47b5e85742a7d0b139050 to remote] execchain.MainClientExec 261 - Target auth state: UNCHALLENGED
11-09-2018 06:45:40 MainClientExec.java DEBUG [Forwarding executeScript on session 029705e03dc47b5e85742a7d0b139050 to remote] execchain.MainClientExec 267 - Proxy auth state: UNCHALLENGED
11-09-2018 06:45:40 LoggingManagedHttpClientConnection.java DEBUG [Forwarding executeScript on session 029705e03dc47b5e85742a7d0b139050 to remote] http.headers 133 - http-outgoing-1 &gt;&gt; POST /session/029705e03dc47b5e85742a7d0b139050/execute HTTP/1.1
11-09-2018 06:45:40 LoggingManagedHttpClientConnection.java DEBUG [Forwarding executeScript on session 029705e03dc47b5e85742a7d0b139050 to remote] http.headers 136 - http-outgoing-1 &gt;&gt; Content-Type: application/json; charset=utf-8
11-09-2018 06:45:40 LoggingManagedHttpClientConnection.java DEBUG [Forwarding executeScript on session 029705e03dc47b5e85742a7d0b139050 to remote] http.headers 136 - http-outgoing-1 &gt;&gt; Content-Length: 137
11-09-2018 06:45:40 LoggingManagedHttpClientConnection.java DEBUG [Forwarding executeScript on session 029705e03dc47b5e85742a7d0b139050 to remote] http.headers 136 - http-outgoing-1 &gt;&gt; Host: localhost:21444
11-09-2018 06:45:40 LoggingManagedHttpClientConnection.java DEBUG [Forwarding executeScript on session 029705e03dc47b5e85742a7d0b139050 to remote] http.headers 136 - http-outgoing-1 &gt;&gt; Connection: Keep-Alive
11-09-2018 06:45:40 LoggingManagedHttpClientConnection.java DEBUG [Forwarding executeScript on session 029705e03dc47b5e85742a7d0b139050 to remote] http.headers 136 - http-outgoing-1 &gt;&gt; User-Agent: Apache-HttpClient/4.5.3 (Java/1.8.0_191)
11-09-2018 06:45:40 LoggingManagedHttpClientConnection.java DEBUG [Forwarding executeScript on session 029705e03dc47b5e85742a7d0b139050 to remote] http.headers 136 - http-outgoing-1 &gt;&gt; Accept-Encoding: gzip,deflate
11-09-2018 06:45:40 Wire.java DEBUG [Forwarding executeScript on session 029705e03dc47b5e85742a7d0b139050 to remote] http.wire 73 - http-outgoing-1 &gt;&gt; &quot;POST /session/029705e03dc47b5e85742a7d0b139050/execute HTTP/1.1[\r][\n]&quot;
11-09-2018 06:45:40 Wire.java DEBUG [Forwarding executeScript on session 029705e03dc47b5e85742a7d0b139050 to remote] http.wire 73 - http-outgoing-1 &gt;&gt; &quot;Content-Type: application/json; charset=utf-8[\r][\n]&quot;
11-09-2018 06:45:40 Wire.java DEBUG [Forwarding executeScript on session 029705e03dc47b5e85742a7d0b139050 to remote] http.wire 73 - http-outgoing-1 &gt;&gt; &quot;Content-Length: 137[\r][\n]&quot;
11-09-2018 06:45:40 Wire.java DEBUG [Forwarding executeScript on session 029705e03dc47b5e85742a7d0b139050 to remote] http.wire 73 - http-outgoing-1 &gt;&gt; &quot;Host: localhost:21444[\r][\n]&quot;
11-09-2018 06:45:40 Wire.java DEBUG [Forwarding executeScript on session 029705e03dc47b5e85742a7d0b139050 to remote] http.wire 73 - http-outgoing-1 &gt;&gt; &quot;Connection: Keep-Alive[\r][\n]&quot;
11-09-2018 06:45:40 Wire.java DEBUG [Forwarding executeScript on session 029705e03dc47b5e85742a7d0b139050 to remote] http.wire 73 - http-outgoing-1 &gt;&gt; &quot;User-Agent: Apache-HttpClient/4.5.3 (Java/1.8.0_191)[\r][\n]&quot;
11-09-2018 06:45:40 Wire.java DEBUG [Forwarding executeScript on session 029705e03dc47b5e85742a7d0b139050 to remote] http.wire 73 - http-outgoing-1 &gt;&gt; &quot;Accept-Encoding: gzip,deflate[\r][\n]&quot;
11-09-2018 06:45:40 Wire.java DEBUG [Forwarding executeScript on session 029705e03dc47b5e85742a7d0b139050 to remote] http.wire 73 - http-outgoing-1 &gt;&gt; &quot;[\r][\n]&quot;
11-09-2018 06:45:40 Wire.java DEBUG [Forwarding executeScript on session 029705e03dc47b5e85742a7d0b139050 to remote] http.wire 87 - http-outgoing-1 &gt;&gt; &quot;{&quot;script&quot;:&quot;arguments[0].click();&quot;,&quot;args&quot;:[{&quot;ELEMENT&quot;:&quot;0.861720760253841-5&quot;,&quot;element-6066-11e4-a52e-4f735466cecf&quot;:&quot;0.861720760253841-5&quot;}]}&quot;
11-09-2018 06:45:40 Wire.java DEBUG [Forwarding executeScript on session 029705e03dc47b5e85742a7d0b139050 to remote] http.wire 73 - http-outgoing-1 &lt;&lt; &quot;HTTP/1.1 200 OK[\r][\n]&quot;
11-09-2018 06:45:40 Wire.java DEBUG [Forwarding executeScript on session 029705e03dc47b5e85742a7d0b139050 to remote] http.wire 73 - http-outgoing-1 &lt;&lt; &quot;Content-Length:72[\r][\n]&quot;
11-09-2018 06:45:40 Wire.java DEBUG [Forwarding executeScript on session 029705e03dc47b5e85742a7d0b139050 to remote] http.wire 73 - http-outgoing-1 &lt;&lt; &quot;Content-Type:application/json; charset=utf-8[\r][\n]&quot;
11-09-2018 06:45:40 Wire.java DEBUG [Forwarding executeScript on session 029705e03dc47b5e85742a7d0b139050 to remote] http.wire 73 - http-outgoing-1 &lt;&lt; &quot;[\r][\n]&quot;
11-09-2018 06:45:40 Wire.java DEBUG [Forwarding executeScript on session 029705e03dc47b5e85742a7d0b139050 to remote] http.wire 87 - http-outgoing-1 &lt;&lt; &quot;{&quot;sessionId&quot;:&quot;029705e03dc47b5e85742a7d0b139050&quot;,&quot;status&quot;:0,&quot;value&quot;:null}&quot;
11-09-2018 06:45:40 LoggingManagedHttpClientConnection.java DEBUG [Forwarding executeScript on session 029705e03dc47b5e85742a7d0b139050 to remote] http.headers 122 - http-outgoing-1 &lt;&lt; HTTP/1.1 200 OK
11-09-2018 06:45:40 LoggingManagedHttpClientConnection.java DEBUG [Forwarding executeScript on session 029705e03dc47b5e85742a7d0b139050 to remote] http.headers 125 - http-outgoing-1 &lt;&lt; Content-Length:72
11-09-2018 06:45:40 LoggingManagedHttpClientConnection.java DEBUG [Forwarding executeScript on session 029705e03dc47b5e85742a7d0b139050 to remote] http.headers 125 - http-outgoing-1 &lt;&lt; Content-Type:application/json; charset=utf-8
11-09-2018 06:45:40 MainClientExec.java DEBUG [Forwarding executeScript on session 029705e03dc47b5e85742a7d0b139050 to remote] execchain.MainClientExec 285 - Connection can be kept alive indefinitely
11-09-2018 06:45:40 PoolingHttpClientConnectionManager.java DEBUG [Forwarding executeScript on session 029705e03dc47b5e85742a7d0b139050 to remote] conn.PoolingHttpClientConnectionManager 320 - Connection [id: 1][route: {}-&gt;http://localhost:21444] can be kept alive indefinitely
11-09-2018 06:45:40 PoolingHttpClientConnectionManager.java DEBUG [Forwarding executeScript on session 029705e03dc47b5e85742a7d0b139050 to remote] conn.PoolingHttpClientConnectionManager 326 - Connection released: [id: 1][route: {}-&gt;http://localhost:21444][total kept alive: 1; route allocated: 1 of 2000; total allocated: 1 of 2000]
reached in searchhotelMumbai
11-09-2018 06:45:40 RequestAddCookies.java DEBUG [Forwarding findElement on session 029705e03dc47b5e85742a7d0b139050 to remote] protocol.RequestAddCookies 123 - CookieSpec selected: default
11-09-2018 06:45:40 RequestAuthCache.java DEBUG [Forwarding findElement on session 029705e03dc47b5e85742a7d0b139050 to remote] protocol.RequestAuthCache 77 - Auth cache not set in the context
11-09-2018 06:45:40 PoolingHttpClientConnectionManager.java DEBUG [Forwarding findElement on session 029705e03dc47b5e85742a7d0b139050 to remote] conn.PoolingHttpClientConnectionManager 255 - Connection request: [route: {}-&gt;http://localhost:21444][total kept alive: 1; route allocated: 1 of 2000; total allocated: 1 of 2000]
11-09-2018 06:45:40 PoolingHttpClientConnectionManager.java DEBUG [Forwarding findElement on session 029705e03dc47b5e85742a7d0b139050 to remote] conn.PoolingHttpClientConnectionManager 288 - Connection leased: [id: 1][route: {}-&gt;http://localhost:21444][total kept alive: 0; route allocated: 1 of 2000; total allocated: 1 of 2000]
11-09-2018 06:45:40 MainClientExec.java DEBUG [Forwarding findElement on session 029705e03dc47b5e85742a7d0b139050 to remote] execchain.MainClientExec 208 - Stale connection check
11-09-2018 06:45:40 Wire.java DEBUG [Forwarding findElement on session 029705e03dc47b5e85742a7d0b139050 to remote] http.wire 87 - http-outgoing-1 &lt;&lt; &quot;[read] I/O error: Read timed out&quot;
11-09-2018 06:45:40 LoggingManagedHttpClientConnection.java DEBUG [Forwarding findElement on session 029705e03dc47b5e85742a7d0b139050 to remote] conn.DefaultManagedHttpClientConnection 88 - http-outgoing-1: set socket timeout to 10800000
11-09-2018 06:45:40 MainClientExec.java DEBUG [Forwarding findElement on session 029705e03dc47b5e85742a7d0b139050 to remote] execchain.MainClientExec 256 - Executing request POST /session/029705e03dc47b5e85742a7d0b139050/element HTTP/1.1
11-09-2018 06:45:40 MainClientExec.java DEBUG [Forwarding findElement on session 029705e03dc47b5e85742a7d0b139050 to remote] execchain.MainClientExec 261 - Target auth state: UNCHALLENGED
11-09-2018 06:45:40 MainClientExec.java DEBUG [Forwarding findElement on session 029705e03dc47b5e85742a7d0b139050 to remote] execchain.MainClientExec 267 - Proxy auth state: UNCHALLENGED
11-09-2018 06:45:40 LoggingManagedHttpClientConnection.java DEBUG [Forwarding findElement on session 029705e03dc47b5e85742a7d0b139050 to remote] http.headers 133 - http-outgoing-1 &gt;&gt; POST /session/029705e03dc47b5e85742a7d0b139050/element HTTP/1.1
11-09-2018 06:45:40 LoggingManagedHttpClientConnection.java DEBUG [Forwarding findElement on session 029705e03dc47b5e85742a7d0b139050 to remote] http.headers 136 - http-outgoing-1 &gt;&gt; Content-Type: application/json; charset=utf-8
11-09-2018 06:45:40 LoggingManagedHttpClientConnection.java DEBUG [Forwarding findElement on session 029705e03dc47b5e85742a7d0b139050 to remote] http.headers 136 - http-outgoing-1 &gt;&gt; Content-Length: 58
11-09-2018 06:45:40 LoggingManagedHttpClientConnection.java DEBUG [Forwarding findElement on session 029705e03dc47b5e85742a7d0b139050 to remote] http.headers 136 - http-outgoing-1 &gt;&gt; Host: localhost:21444
11-09-2018 06:45:40 LoggingManagedHttpClientConnection.java DEBUG [Forwarding findElement on session 029705e03dc47b5e85742a7d0b139050 to remote] http.headers 136 - http-outgoing-1 &gt;&gt; Connection: Keep-Alive
11-09-2018 06:45:40 LoggingManagedHttpClientConnection.java DEBUG [Forwarding findElement on session 029705e03dc47b5e85742a7d0b139050 to remote] http.headers 136 - http-outgoing-1 &gt;&gt; User-Agent: Apache-HttpClient/4.5.3 (Java/1.8.0_191)
11-09-2018 06:45:40 LoggingManagedHttpClientConnection.java DEBUG [Forwarding findElement on session 029705e03dc47b5e85742a7d0b139050 to remote] http.headers 136 - http-outgoing-1 &gt;&gt; Accept-Encoding: gzip,deflate
11-09-2018 06:45:40 Wire.java DEBUG [Forwarding findElement on session 029705e03dc47b5e85742a7d0b139050 to remote] http.wire 73 - http-outgoing-1 &gt;&gt; &quot;POST /session/029705e03dc47b5e85742a7d0b139050/element HTTP/1.1[\r][\n]&quot;
11-09-2018 06:45:40 Wire.java DEBUG [Forwarding findElement on session 029705e03dc47b5e85742a7d0b139050 to remote] http.wire 73 - http-outgoing-1 &gt;&gt; &quot;Content-Type: application/json; charset=utf-8[\r][\n]&quot;
11-09-2018 06:45:40 Wire.java DEBUG [Forwarding findElement on session 029705e03dc47b5e85742a7d0b139050 to remote] http.wire 73 - http-outgoing-1 &gt;&gt; &quot;Content-Length: 58[\r][\n]&quot;
11-09-2018 06:45:40 Wire.java DEBUG [Forwarding findElement on session 029705e03dc47b5e85742a7d0b139050 to remote] http.wire 73 - http-outgoing-1 &gt;&gt; &quot;Host: localhost:21444[\r][\n]&quot;
11-09-2018 06:45:40 Wire.java DEBUG [Forwarding findElement on session 029705e03dc47b5e85742a7d0b139050 to remote] http.wire 73 - http-outgoing-1 &gt;&gt; &quot;Connection: Keep-Alive[\r][\n]&quot;
11-09-2018 06:45:40 Wire.java DEBUG [Forwarding findElement on session 029705e03dc47b5e85742a7d0b139050 to remote] http.wire 73 - http-outgoing-1 &gt;&gt; &quot;User-Agent: Apache-HttpClient/4.5.3 (Java/1.8.0_191)[\r][\n]&quot;
11-09-2018 06:45:40 Wire.java DEBUG [Forwarding findElement on session 029705e03dc47b5e85742a7d0b139050 to remote] http.wire 73 - http-outgoing-1 &gt;&gt; &quot;Accept-Encoding: gzip,deflate[\r][\n]&quot;
11-09-2018 06:45:40 Wire.java DEBUG [Forwarding findElement on session 029705e03dc47b5e85742a7d0b139050 to remote] http.wire 73 - http-outgoing-1 &gt;&gt; &quot;[\r][\n]&quot;
11-09-2018 06:45:40 Wire.java DEBUG [Forwarding findElement on session 029705e03dc47b5e85742a7d0b139050 to remote] http.wire 87 - http-outgoing-1 &gt;&gt; &quot;{&quot;using&quot;:&quot;xpath&quot;,&quot;value&quot;:&quot;//a[contains(text(),&apos;hotels&apos;)]&quot;}&quot;
11-09-2018 06:45:40 Wire.java DEBUG [Forwarding findElement on session 029705e03dc47b5e85742a7d0b139050 to remote] http.wire 73 - http-outgoing-1 &lt;&lt; &quot;HTTP/1.1 200 OK[\r][\n]&quot;
11-09-2018 06:45:40 Wire.java DEBUG [Forwarding findElement on session 029705e03dc47b5e85742a7d0b139050 to remote] http.wire 73 - http-outgoing-1 &lt;&lt; &quot;Content-Length:101[\r][\n]&quot;
11-09-2018 06:45:40 Wire.java DEBUG [Forwarding findElement on session 029705e03dc47b5e85742a7d0b139050 to remote] http.wire 73 - http-outgoing-1 &lt;&lt; &quot;Content-Type:application/json; charset=utf-8[\r][\n]&quot;
11-09-2018 06:45:40 Wire.java DEBUG [Forwarding findElement on session 029705e03dc47b5e85742a7d0b139050 to remote] http.wire 73 - http-outgoing-1 &lt;&lt; &quot;[\r][\n]&quot;
11-09-2018 06:45:40 Wire.java DEBUG [Forwarding findElement on session 029705e03dc47b5e85742a7d0b139050 to remote] http.wire 87 - http-outgoing-1 &lt;&lt; &quot;{&quot;sessionId&quot;:&quot;029705e03dc47b5e85742a7d0b139050&quot;,&quot;status&quot;:0,&quot;value&quot;:{&quot;ELEMENT&quot;:&quot;0.861720760253841-6&quot;}}&quot;
11-09-2018 06:45:40 LoggingManagedHttpClientConnection.java DEBUG [Forwarding findElement on session 029705e03dc47b5e85742a7d0b139050 to remote] http.headers 122 - http-outgoing-1 &lt;&lt; HTTP/1.1 200 OK
11-09-2018 06:45:40 LoggingManagedHttpClientConnection.java DEBUG [Forwarding findElement on session 029705e03dc47b5e85742a7d0b139050 to remote] http.headers 125 - http-outgoing-1 &lt;&lt; Content-Length:101
11-09-2018 06:45:40 LoggingManagedHttpClientConnection.java DEBUG [Forwarding findElement on session 029705e03dc47b5e85742a7d0b139050 to remote] http.headers 125 - http-outgoing-1 &lt;&lt; Content-Type:application/json; charset=utf-8
11-09-2018 06:45:40 MainClientExec.java DEBUG [Forwarding findElement on session 029705e03dc47b5e85742a7d0b139050 to remote] execchain.MainClientExec 285 - Connection can be kept alive indefinitely
11-09-2018 06:45:40 PoolingHttpClientConnectionManager.java DEBUG [Forwarding findElement on session 029705e03dc47b5e85742a7d0b139050 to remote] conn.PoolingHttpClientConnectionManager 320 - Connection [id: 1][route: {}-&gt;http://localhost:21444] can be kept alive indefinitely
11-09-2018 06:45:40 PoolingHttpClientConnectionManager.java DEBUG [Forwarding findElement on session 029705e03dc47b5e85742a7d0b139050 to remote] conn.PoolingHttpClientConnectionManager 326 - Connection released: [id: 1][route: {}-&gt;http://localhost:21444][total kept alive: 1; route allocated: 1 of 2000; total allocated: 1 of 2000]
11-09-2018 06:45:40 RequestAddCookies.java DEBUG [Forwarding clickElement on session 029705e03dc47b5e85742a7d0b139050 to remote] protocol.RequestAddCookies 123 - CookieSpec selected: default
11-09-2018 06:45:40 RequestAuthCache.java DEBUG [Forwarding clickElement on session 029705e03dc47b5e85742a7d0b139050 to remote] protocol.RequestAuthCache 77 - Auth cache not set in the context
11-09-2018 06:45:40 PoolingHttpClientConnectionManager.java DEBUG [Forwarding clickElement on session 029705e03dc47b5e85742a7d0b139050 to remote] conn.PoolingHttpClientConnectionManager 255 - Connection request: [route: {}-&gt;http://localhost:21444][total kept alive: 1; route allocated: 1 of 2000; total allocated: 1 of 2000]
11-09-2018 06:45:40 PoolingHttpClientConnectionManager.java DEBUG [Forwarding clickElement on session 029705e03dc47b5e85742a7d0b139050 to remote] conn.PoolingHttpClientConnectionManager 288 - Connection leased: [id: 1][route: {}-&gt;http://localhost:21444][total kept alive: 0; route allocated: 1 of 2000; total allocated: 1 of 2000]
11-09-2018 06:45:40 MainClientExec.java DEBUG [Forwarding clickElement on session 029705e03dc47b5e85742a7d0b139050 to remote] execchain.MainClientExec 208 - Stale connection check
11-09-2018 06:45:40 Wire.java DEBUG [Forwarding clickElement on session 029705e03dc47b5e85742a7d0b139050 to remote] http.wire 87 - http-outgoing-1 &lt;&lt; &quot;[read] I/O error: Read timed out&quot;
11-09-2018 06:45:40 LoggingManagedHttpClientConnection.java DEBUG [Forwarding clickElement on session 029705e03dc47b5e85742a7d0b139050 to remote] conn.DefaultManagedHttpClientConnection 88 - http-outgoing-1: set socket timeout to 10800000
11-09-2018 06:45:40 MainClientExec.java DEBUG [Forwarding clickElement on session 029705e03dc47b5e85742a7d0b139050 to remote] execchain.MainClientExec 256 - Executing request POST /session/029705e03dc47b5e85742a7d0b139050/element/0.861720760253841-6/click HTTP/1.1
11-09-2018 06:45:40 MainClientExec.java DEBUG [Forwarding clickElement on session 029705e03dc47b5e85742a7d0b139050 to remote] execchain.MainClientExec 261 - Target auth state: UNCHALLENGED
11-09-2018 06:45:40 MainClientExec.java DEBUG [Forwarding clickElement on session 029705e03dc47b5e85742a7d0b139050 to remote] execchain.MainClientExec 267 - Proxy auth state: UNCHALLENGED
11-09-2018 06:45:40 LoggingManagedHttpClientConnection.java DEBUG [Forwarding clickElement on session 029705e03dc47b5e85742a7d0b139050 to remote] http.headers 133 - http-outgoing-1 &gt;&gt; POST /session/029705e03dc47b5e85742a7d0b139050/element/0.861720760253841-6/click HTTP/1.1
11-09-2018 06:45:40 LoggingManagedHttpClientConnection.java DEBUG [Forwarding clickElement on session 029705e03dc47b5e85742a7d0b139050 to remote] http.headers 136 - http-outgoing-1 &gt;&gt; Content-Type: application/json; charset=utf-8
11-09-2018 06:45:40 LoggingManagedHttpClientConnection.java DEBUG [Forwarding clickElement on session 029705e03dc47b5e85742a7d0b139050 to remote] http.headers 136 - http-outgoing-1 &gt;&gt; Content-Length: 28
11-09-2018 06:45:40 LoggingManagedHttpClientConnection.java DEBUG [Forwarding clickElement on session 029705e03dc47b5e85742a7d0b139050 to remote] http.headers 136 - http-outgoing-1 &gt;&gt; Host: localhost:21444
11-09-2018 06:45:40 LoggingManagedHttpClientConnection.java DEBUG [Forwarding clickElement on session 029705e03dc47b5e85742a7d0b139050 to remote] http.headers 136 - http-outgoing-1 &gt;&gt; Connection: Keep-Alive
11-09-2018 06:45:40 LoggingManagedHttpClientConnection.java DEBUG [Forwarding clickElement on session 029705e03dc47b5e85742a7d0b139050 to remote] http.headers 136 - http-outgoing-1 &gt;&gt; User-Agent: Apache-HttpClient/4.5.3 (Java/1.8.0_191)
11-09-2018 06:45:40 LoggingManagedHttpClientConnection.java DEBUG [Forwarding clickElement on session 029705e03dc47b5e85742a7d0b139050 to remote] http.headers 136 - http-outgoing-1 &gt;&gt; Accept-Encoding: gzip,deflate
11-09-2018 06:45:40 Wire.java DEBUG [Forwarding clickElement on session 029705e03dc47b5e85742a7d0b139050 to remote] http.wire 73 - http-outgoing-1 &gt;&gt; &quot;POST /session/029705e03dc47b5e85742a7d0b139050/element/0.861720760253841-6/click HTTP/1.1[\r][\n]&quot;
11-09-2018 06:45:40 Wire.java DEBUG [Forwarding clickElement on session 029705e03dc47b5e85742a7d0b139050 to remote] http.wire 73 - http-outgoing-1 &gt;&gt; &quot;Content-Type: application/json; charset=utf-8[\r][\n]&quot;
11-09-2018 06:45:40 Wire.java DEBUG [Forwarding clickElement on session 029705e03dc47b5e85742a7d0b139050 to remote] http.wire 73 - http-outgoing-1 &gt;&gt; &quot;Content-Length: 28[\r][\n]&quot;
11-09-2018 06:45:40 Wire.java DEBUG [Forwarding clickElement on session 029705e03dc47b5e85742a7d0b139050 to remote] http.wire 73 - http-outgoing-1 &gt;&gt; &quot;Host: localhost:21444[\r][\n]&quot;
11-09-2018 06:45:40 Wire.java DEBUG [Forwarding clickElement on session 029705e03dc47b5e85742a7d0b139050 to remote] http.wire 73 - http-outgoing-1 &gt;&gt; &quot;Connection: Keep-Alive[\r][\n]&quot;
11-09-2018 06:45:40 Wire.java DEBUG [Forwarding clickElement on session 029705e03dc47b5e85742a7d0b139050 to remote] http.wire 73 - http-outgoing-1 &gt;&gt; &quot;User-Agent: Apache-HttpClient/4.5.3 (Java/1.8.0_191)[\r][\n]&quot;
11-09-2018 06:45:40 Wire.java DEBUG [Forwarding clickElement on session 029705e03dc47b5e85742a7d0b139050 to remote] http.wire 73 - http-outgoing-1 &gt;&gt; &quot;Accept-Encoding: gzip,deflate[\r][\n]&quot;
11-09-2018 06:45:40 Wire.java DEBUG [Forwarding clickElement on session 029705e03dc47b5e85742a7d0b139050 to remote] http.wire 73 - http-outgoing-1 &gt;&gt; &quot;[\r][\n]&quot;
11-09-2018 06:45:40 Wire.java DEBUG [Forwarding clickElement on session 029705e03dc47b5e85742a7d0b139050 to remote] http.wire 87 - http-outgoing-1 &gt;&gt; &quot;{&quot;id&quot;:&quot;0.861720760253841-6&quot;}&quot;
11-09-2018 06:45:42 Wire.java DEBUG [Forwarding clickElement on session 029705e03dc47b5e85742a7d0b139050 to remote] http.wire 73 - http-outgoing-1 &lt;&lt; &quot;HTTP/1.1 200 OK[\r][\n]&quot;
11-09-2018 06:45:42 Wire.java DEBUG [Forwarding clickElement on session 029705e03dc47b5e85742a7d0b139050 to remote] http.wire 73 - http-outgoing-1 &lt;&lt; &quot;Content-Length:72[\r][\n]&quot;
11-09-2018 06:45:42 Wire.java DEBUG [Forwarding clickElement on session 029705e03dc47b5e85742a7d0b139050 to remote] http.wire 73 - http-outgoing-1 &lt;&lt; &quot;Content-Type:application/json; charset=utf-8[\r][\n]&quot;
11-09-2018 06:45:42 Wire.java DEBUG [Forwarding clickElement on session 029705e03dc47b5e85742a7d0b139050 to remote] http.wire 73 - http-outgoing-1 &lt;&lt; &quot;[\r][\n]&quot;
11-09-2018 06:45:42 Wire.java DEBUG [Forwarding clickElement on session 029705e03dc47b5e85742a7d0b139050 to remote] http.wire 87 - http-outgoing-1 &lt;&lt; &quot;{&quot;sessionId&quot;:&quot;029705e03dc47b5e85742a7d0b139050&quot;,&quot;status&quot;:0,&quot;value&quot;:null}&quot;
11-09-2018 06:45:42 LoggingManagedHttpClientConnection.java DEBUG [Forwarding clickElement on session 029705e03dc47b5e85742a7d0b139050 to remote] http.headers 122 - http-outgoing-1 &lt;&lt; HTTP/1.1 200 OK
11-09-2018 06:45:42 LoggingManagedHttpClientConnection.java DEBUG [Forwarding clickElement on session 029705e03dc47b5e85742a7d0b139050 to remote] http.headers 125 - http-outgoing-1 &lt;&lt; Content-Length:72
11-09-2018 06:45:42 LoggingManagedHttpClientConnection.java DEBUG [Forwarding clickElement on session 029705e03dc47b5e85742a7d0b139050 to remote] http.headers 125 - http-outgoing-1 &lt;&lt; Content-Type:application/json; charset=utf-8
11-09-2018 06:45:42 MainClientExec.java DEBUG [Forwarding clickElement on session 029705e03dc47b5e85742a7d0b139050 to remote] execchain.MainClientExec 285 - Connection can be kept alive indefinitely
11-09-2018 06:45:42 PoolingHttpClientConnectionManager.java DEBUG [Forwarding clickElement on session 029705e03dc47b5e85742a7d0b139050 to remote] conn.PoolingHttpClientConnectionManager 320 - Connection [id: 1][route: {}-&gt;http://localhost:21444] can be kept alive indefinitely
11-09-2018 06:45:42 PoolingHttpClientConnectionManager.java DEBUG [Forwarding clickElement on session 029705e03dc47b5e85742a7d0b139050 to remote] conn.PoolingHttpClientConnectionManager 326 - Connection released: [id: 1][route: {}-&gt;http://localhost:21444][total kept alive: 1; route allocated: 1 of 2000; total allocated: 1 of 2000]
11-09-2018 06:45:42 RequestAddCookies.java DEBUG [Forwarding findElement on session 029705e03dc47b5e85742a7d0b139050 to remote] protocol.RequestAddCookies 123 - CookieSpec selected: default
11-09-2018 06:45:42 RequestAuthCache.java DEBUG [Forwarding findElement on session 029705e03dc47b5e85742a7d0b139050 to remote] protocol.RequestAuthCache 77 - Auth cache not set in the context
11-09-2018 06:45:42 PoolingHttpClientConnectionManager.java DEBUG [Forwarding findElement on session 029705e03dc47b5e85742a7d0b139050 to remote] conn.PoolingHttpClientConnectionManager 255 - Connection request: [route: {}-&gt;http://localhost:21444][total kept alive: 1; route allocated: 1 of 2000; total allocated: 1 of 2000]
11-09-2018 06:45:42 PoolingHttpClientConnectionManager.java DEBUG [Forwarding findElement on session 029705e03dc47b5e85742a7d0b139050 to remote] conn.PoolingHttpClientConnectionManager 288 - Connection leased: [id: 1][route: {}-&gt;http://localhost:21444][total kept alive: 0; route allocated: 1 of 2000; total allocated: 1 of 2000]
11-09-2018 06:45:42 MainClientExec.java DEBUG [Forwarding findElement on session 029705e03dc47b5e85742a7d0b139050 to remote] execchain.MainClientExec 208 - Stale connection check
11-09-2018 06:45:42 Wire.java DEBUG [Forwarding findElement on session 029705e03dc47b5e85742a7d0b139050 to remote] http.wire 87 - http-outgoing-1 &lt;&lt; &quot;[read] I/O error: Read timed out&quot;
11-09-2018 06:45:42 LoggingManagedHttpClientConnection.java DEBUG [Forwarding findElement on session 029705e03dc47b5e85742a7d0b139050 to remote] conn.DefaultManagedHttpClientConnection 88 - http-outgoing-1: set socket timeout to 10800000
11-09-2018 06:45:42 MainClientExec.java DEBUG [Forwarding findElement on session 029705e03dc47b5e85742a7d0b139050 to remote] execchain.MainClientExec 256 - Executing request POST /session/029705e03dc47b5e85742a7d0b139050/element HTTP/1.1
11-09-2018 06:45:42 MainClientExec.java DEBUG [Forwarding findElement on session 029705e03dc47b5e85742a7d0b139050 to remote] execchain.MainClientExec 261 - Target auth state: UNCHALLENGED
11-09-2018 06:45:42 MainClientExec.java DEBUG [Forwarding findElement on session 029705e03dc47b5e85742a7d0b139050 to remote] execchain.MainClientExec 267 - Proxy auth state: UNCHALLENGED
11-09-2018 06:45:42 LoggingManagedHttpClientConnection.java DEBUG [Forwarding findElement on session 029705e03dc47b5e85742a7d0b139050 to remote] http.headers 133 - http-outgoing-1 &gt;&gt; POST /session/029705e03dc47b5e85742a7d0b139050/element HTTP/1.1
11-09-2018 06:45:42 LoggingManagedHttpClientConnection.java DEBUG [Forwarding findElement on session 029705e03dc47b5e85742a7d0b139050 to remote] http.headers 136 - http-outgoing-1 &gt;&gt; Content-Type: application/json; charset=utf-8
11-09-2018 06:45:42 LoggingManagedHttpClientConnection.java DEBUG [Forwarding findElement on session 029705e03dc47b5e85742a7d0b139050 to remote] http.headers 136 - http-outgoing-1 &gt;&gt; Content-Length: 61
11-09-2018 06:45:42 LoggingManagedHttpClientConnection.java DEBUG [Forwarding findElement on session 029705e03dc47b5e85742a7d0b139050 to remote] http.headers 136 - http-outgoing-1 &gt;&gt; Host: localhost:21444
11-09-2018 06:45:42 LoggingManagedHttpClientConnection.java DEBUG [Forwarding findElement on session 029705e03dc47b5e85742a7d0b139050 to remote] http.headers 136 - http-outgoing-1 &gt;&gt; Connection: Keep-Alive
11-09-2018 06:45:42 LoggingManagedHttpClientConnection.java DEBUG [Forwarding findElement on session 029705e03dc47b5e85742a7d0b139050 to remote] http.headers 136 - http-outgoing-1 &gt;&gt; User-Agent: Apache-HttpClient/4.5.3 (Java/1.8.0_191)
11-09-2018 06:45:42 LoggingManagedHttpClientConnection.java DEBUG [Forwarding findElement on session 029705e03dc47b5e85742a7d0b139050 to remote] http.headers 136 - http-outgoing-1 &gt;&gt; Accept-Encoding: gzip,deflate
11-09-2018 06:45:42 Wire.java DEBUG [Forwarding findElement on session 029705e03dc47b5e85742a7d0b139050 to remote] http.wire 73 - http-outgoing-1 &gt;&gt; &quot;POST /session/029705e03dc47b5e85742a7d0b139050/element HTTP/1.1[\r][\n]&quot;
11-09-2018 06:45:42 Wire.java DEBUG [Forwarding findElement on session 029705e03dc47b5e85742a7d0b139050 to remote] http.wire 73 - http-outgoing-1 &gt;&gt; &quot;Content-Type: application/json; charset=utf-8[\r][\n]&quot;
11-09-2018 06:45:42 Wire.java DEBUG [Forwarding findElement on session 029705e03dc47b5e85742a7d0b139050 to remote] http.wire 73 - http-outgoing-1 &gt;&gt; &quot;Content-Length: 61[\r][\n]&quot;
11-09-2018 06:45:42 Wire.java DEBUG [Forwarding findElement on session 029705e03dc47b5e85742a7d0b139050 to remote] http.wire 73 - http-outgoing-1 &gt;&gt; &quot;Host: localhost:21444[\r][\n]&quot;
11-09-2018 06:45:42 Wire.java DEBUG [Forwarding findElement on session 029705e03dc47b5e85742a7d0b139050 to remote] http.wire 73 - http-outgoing-1 &gt;&gt; &quot;Connection: Keep-Alive[\r][\n]&quot;
11-09-2018 06:45:42 Wire.java DEBUG [Forwarding findElement on session 029705e03dc47b5e85742a7d0b139050 to remote] http.wire 73 - http-outgoing-1 &gt;&gt; &quot;User-Agent: Apache-HttpClient/4.5.3 (Java/1.8.0_191)[\r][\n]&quot;
11-09-2018 06:45:42 Wire.java DEBUG [Forwarding findElement on session 029705e03dc47b5e85742a7d0b139050 to remote] http.wire 73 - http-outgoing-1 &gt;&gt; &quot;Accept-Encoding: gzip,deflate[\r][\n]&quot;
11-09-2018 06:45:42 Wire.java DEBUG [Forwarding findElement on session 029705e03dc47b5e85742a7d0b139050 to remote] http.wire 73 - http-outgoing-1 &gt;&gt; &quot;[\r][\n]&quot;
11-09-2018 06:45:42 Wire.java DEBUG [Forwarding findElement on session 029705e03dc47b5e85742a7d0b139050 to remote] http.wire 87 - http-outgoing-1 &gt;&gt; &quot;{&quot;using&quot;:&quot;xpath&quot;,&quot;value&quot;:&quot;//input[@id=\&quot;hp-widget__sDest\&quot;]&quot;}&quot;
11-09-2018 06:45:42 Wire.java DEBUG [Forwarding findElement on session 029705e03dc47b5e85742a7d0b139050 to remote] http.wire 73 - http-outgoing-1 &lt;&lt; &quot;HTTP/1.1 200 OK[\r][\n]&quot;
11-09-2018 06:45:42 Wire.java DEBUG [Forwarding findElement on session 029705e03dc47b5e85742a7d0b139050 to remote] http.wire 73 - http-outgoing-1 &lt;&lt; &quot;Content-Length:103[\r][\n]&quot;
11-09-2018 06:45:42 Wire.java DEBUG [Forwarding findElement on session 029705e03dc47b5e85742a7d0b139050 to remote] http.wire 73 - http-outgoing-1 &lt;&lt; &quot;Content-Type:application/json; charset=utf-8[\r][\n]&quot;
11-09-2018 06:45:42 Wire.java DEBUG [Forwarding findElement on session 029705e03dc47b5e85742a7d0b139050 to remote] http.wire 73 - http-outgoing-1 &lt;&lt; &quot;[\r][\n]&quot;
11-09-2018 06:45:42 Wire.java DEBUG [Forwarding findElement on session 029705e03dc47b5e85742a7d0b139050 to remote] http.wire 87 - http-outgoing-1 &lt;&lt; &quot;{&quot;sessionId&quot;:&quot;029705e03dc47b5e85742a7d0b139050&quot;,&quot;status&quot;:0,&quot;value&quot;:{&quot;ELEMENT&quot;:&quot;0.20139307270187268-1&quot;}}&quot;
11-09-2018 06:45:42 LoggingManagedHttpClientConnection.java DEBUG [Forwarding findElement on session 029705e03dc47b5e85742a7d0b139050 to remote] http.headers 122 - http-outgoing-1 &lt;&lt; HTTP/1.1 200 OK
11-09-2018 06:45:42 LoggingManagedHttpClientConnection.java DEBUG [Forwarding findElement on session 029705e03dc47b5e85742a7d0b139050 to remote] http.headers 125 - http-outgoing-1 &lt;&lt; Content-Length:103
11-09-2018 06:45:42 LoggingManagedHttpClientConnection.java DEBUG [Forwarding findElement on session 029705e03dc47b5e85742a7d0b139050 to remote] http.headers 125 - http-outgoing-1 &lt;&lt; Content-Type:application/json; charset=utf-8
11-09-2018 06:45:42 MainClientExec.java DEBUG [Forwarding findElement on session 029705e03dc47b5e85742a7d0b139050 to remote] execchain.MainClientExec 285 - Connection can be kept alive indefinitely
11-09-2018 06:45:42 PoolingHttpClientConnectionManager.java DEBUG [Forwarding findElement on session 029705e03dc47b5e85742a7d0b139050 to remote] conn.PoolingHttpClientConnectionManager 320 - Connection [id: 1][route: {}-&gt;http://localhost:21444] can be kept alive indefinitely
11-09-2018 06:45:42 PoolingHttpClientConnectionManager.java DEBUG [Forwarding findElement on session 029705e03dc47b5e85742a7d0b139050 to remote] conn.PoolingHttpClientConnectionManager 326 - Connection released: [id: 1][route: {}-&gt;http://localhost:21444][total kept alive: 1; route allocated: 1 of 2000; total allocated: 1 of 2000]
11-09-2018 06:45:42 RequestAddCookies.java DEBUG [Forwarding clearElement on session 029705e03dc47b5e85742a7d0b139050 to remote] protocol.RequestAddCookies 123 - CookieSpec selected: default
11-09-2018 06:45:42 RequestAuthCache.java DEBUG [Forwarding clearElement on session 029705e03dc47b5e85742a7d0b139050 to remote] protocol.RequestAuthCache 77 - Auth cache not set in the context
11-09-2018 06:45:42 PoolingHttpClientConnectionManager.java DEBUG [Forwarding clearElement on session 029705e03dc47b5e85742a7d0b139050 to remote] conn.PoolingHttpClientConnectionManager 255 - Connection request: [route: {}-&gt;http://localhost:21444][total kept alive: 1; route allocated: 1 of 2000; total allocated: 1 of 2000]
11-09-2018 06:45:42 PoolingHttpClientConnectionManager.java DEBUG [Forwarding clearElement on session 029705e03dc47b5e85742a7d0b139050 to remote] conn.PoolingHttpClientConnectionManager 288 - Connection leased: [id: 1][route: {}-&gt;http://localhost:21444][total kept alive: 0; route allocated: 1 of 2000; total allocated: 1 of 2000]
11-09-2018 06:45:42 MainClientExec.java DEBUG [Forwarding clearElement on session 029705e03dc47b5e85742a7d0b139050 to remote] execchain.MainClientExec 208 - Stale connection check
11-09-2018 06:45:42 Wire.java DEBUG [Forwarding clearElement on session 029705e03dc47b5e85742a7d0b139050 to remote] http.wire 87 - http-outgoing-1 &lt;&lt; &quot;[read] I/O error: Read timed out&quot;
11-09-2018 06:45:42 LoggingManagedHttpClientConnection.java DEBUG [Forwarding clearElement on session 029705e03dc47b5e85742a7d0b139050 to remote] conn.DefaultManagedHttpClientConnection 88 - http-outgoing-1: set socket timeout to 10800000
11-09-2018 06:45:42 MainClientExec.java DEBUG [Forwarding clearElement on session 029705e03dc47b5e85742a7d0b139050 to remote] execchain.MainClientExec 256 - Executing request POST /session/029705e03dc47b5e85742a7d0b139050/element/0.20139307270187268-1/clear HTTP/1.1
11-09-2018 06:45:42 MainClientExec.java DEBUG [Forwarding clearElement on session 029705e03dc47b5e85742a7d0b139050 to remote] execchain.MainClientExec 261 - Target auth state: UNCHALLENGED
11-09-2018 06:45:42 MainClientExec.java DEBUG [Forwarding clearElement on session 029705e03dc47b5e85742a7d0b139050 to remote] execchain.MainClientExec 267 - Proxy auth state: UNCHALLENGED
11-09-2018 06:45:42 LoggingManagedHttpClientConnection.java DEBUG [Forwarding clearElement on session 029705e03dc47b5e85742a7d0b139050 to remote] http.headers 133 - http-outgoing-1 &gt;&gt; POST /session/029705e03dc47b5e85742a7d0b139050/element/0.20139307270187268-1/clear HTTP/1.1
11-09-2018 06:45:42 LoggingManagedHttpClientConnection.java DEBUG [Forwarding clearElement on session 029705e03dc47b5e85742a7d0b139050 to remote] http.headers 136 - http-outgoing-1 &gt;&gt; Content-Type: application/json; charset=utf-8
11-09-2018 06:45:42 LoggingManagedHttpClientConnection.java DEBUG [Forwarding clearElement on session 029705e03dc47b5e85742a7d0b139050 to remote] http.headers 136 - http-outgoing-1 &gt;&gt; Content-Length: 30
11-09-2018 06:45:42 LoggingManagedHttpClientConnection.java DEBUG [Forwarding clearElement on session 029705e03dc47b5e85742a7d0b139050 to remote] http.headers 136 - http-outgoing-1 &gt;&gt; Host: localhost:21444
11-09-2018 06:45:42 LoggingManagedHttpClientConnection.java DEBUG [Forwarding clearElement on session 029705e03dc47b5e85742a7d0b139050 to remote] http.headers 136 - http-outgoing-1 &gt;&gt; Connection: Keep-Alive
11-09-2018 06:45:42 LoggingManagedHttpClientConnection.java DEBUG [Forwarding clearElement on session 029705e03dc47b5e85742a7d0b139050 to remote] http.headers 136 - http-outgoing-1 &gt;&gt; User-Agent: Apache-HttpClient/4.5.3 (Java/1.8.0_191)
11-09-2018 06:45:42 LoggingManagedHttpClientConnection.java DEBUG [Forwarding clearElement on session 029705e03dc47b5e85742a7d0b139050 to remote] http.headers 136 - http-outgoing-1 &gt;&gt; Accept-Encoding: gzip,deflate
11-09-2018 06:45:42 Wire.java DEBUG [Forwarding clearElement on session 029705e03dc47b5e85742a7d0b139050 to remote] http.wire 73 - http-outgoing-1 &gt;&gt; &quot;POST /session/029705e03dc47b5e85742a7d0b139050/element/0.20139307270187268-1/clear HTTP/1.1[\r][\n]&quot;
11-09-2018 06:45:42 Wire.java DEBUG [Forwarding clearElement on session 029705e03dc47b5e85742a7d0b139050 to remote] http.wire 73 - http-outgoing-1 &gt;&gt; &quot;Content-Type: application/json; charset=utf-8[\r][\n]&quot;
11-09-2018 06:45:42 Wire.java DEBUG [Forwarding clearElement on session 029705e03dc47b5e85742a7d0b139050 to remote] http.wire 73 - http-outgoing-1 &gt;&gt; &quot;Content-Length: 30[\r][\n]&quot;
11-09-2018 06:45:42 Wire.java DEBUG [Forwarding clearElement on session 029705e03dc47b5e85742a7d0b139050 to remote] http.wire 73 - http-outgoing-1 &gt;&gt; &quot;Host: localhost:21444[\r][\n]&quot;
11-09-2018 06:45:42 Wire.java DEBUG [Forwarding clearElement on session 029705e03dc47b5e85742a7d0b139050 to remote] http.wire 73 - http-outgoing-1 &gt;&gt; &quot;Connection: Keep-Alive[\r][\n]&quot;
11-09-2018 06:45:42 Wire.java DEBUG [Forwarding clearElement on session 029705e03dc47b5e85742a7d0b139050 to remote] http.wire 73 - http-outgoing-1 &gt;&gt; &quot;User-Agent: Apache-HttpClient/4.5.3 (Java/1.8.0_191)[\r][\n]&quot;
11-09-2018 06:45:42 Wire.java DEBUG [Forwarding clearElement on session 029705e03dc47b5e85742a7d0b139050 to remote] http.wire 73 - http-outgoing-1 &gt;&gt; &quot;Accept-Encoding: gzip,deflate[\r][\n]&quot;
11-09-2018 06:45:42 Wire.java DEBUG [Forwarding clearElement on session 029705e03dc47b5e85742a7d0b139050 to remote] http.wire 73 - http-outgoing-1 &gt;&gt; &quot;[\r][\n]&quot;
11-09-2018 06:45:42 Wire.java DEBUG [Forwarding clearElement on session 029705e03dc47b5e85742a7d0b139050 to remote] http.wire 87 - http-outgoing-1 &gt;&gt; &quot;{&quot;id&quot;:&quot;0.20139307270187268-1&quot;}&quot;
11-09-2018 06:45:42 Wire.java DEBUG [Forwarding clearElement on session 029705e03dc47b5e85742a7d0b139050 to remote] http.wire 73 - http-outgoing-1 &lt;&lt; &quot;HTTP/1.1 200 OK[\r][\n]&quot;
11-09-2018 06:45:42 Wire.java DEBUG [Forwarding clearElement on session 029705e03dc47b5e85742a7d0b139050 to remote] http.wire 73 - http-outgoing-1 &lt;&lt; &quot;Content-Length:72[\r][\n]&quot;
11-09-2018 06:45:42 Wire.java DEBUG [Forwarding clearElement on session 029705e03dc47b5e85742a7d0b139050 to remote] http.wire 73 - http-outgoing-1 &lt;&lt; &quot;Content-Type:application/json; charset=utf-8[\r][\n]&quot;
11-09-2018 06:45:42 Wire.java DEBUG [Forwarding clearElement on session 029705e03dc47b5e85742a7d0b139050 to remote] http.wire 73 - http-outgoing-1 &lt;&lt; &quot;[\r][\n]&quot;
11-09-2018 06:45:42 Wire.java DEBUG [Forwarding clearElement on session 029705e03dc47b5e85742a7d0b139050 to remote] http.wire 87 - http-outgoing-1 &lt;&lt; &quot;{&quot;sessionId&quot;:&quot;029705e03dc47b5e85742a7d0b139050&quot;,&quot;status&quot;:0,&quot;value&quot;:null}&quot;
11-09-2018 06:45:42 LoggingManagedHttpClientConnection.java DEBUG [Forwarding clearElement on session 029705e03dc47b5e85742a7d0b139050 to remote] http.headers 122 - http-outgoing-1 &lt;&lt; HTTP/1.1 200 OK
11-09-2018 06:45:42 LoggingManagedHttpClientConnection.java DEBUG [Forwarding clearElement on session 029705e03dc47b5e85742a7d0b139050 to remote] http.headers 125 - http-outgoing-1 &lt;&lt; Content-Length:72
11-09-2018 06:45:42 LoggingManagedHttpClientConnection.java DEBUG [Forwarding clearElement on session 029705e03dc47b5e85742a7d0b139050 to remote] http.headers 125 - http-outgoing-1 &lt;&lt; Content-Type:application/json; charset=utf-8
11-09-2018 06:45:42 MainClientExec.java DEBUG [Forwarding clearElement on session 029705e03dc47b5e85742a7d0b139050 to remote] execchain.MainClientExec 285 - Connection can be kept alive indefinitely
11-09-2018 06:45:42 PoolingHttpClientConnectionManager.java DEBUG [Forwarding clearElement on session 029705e03dc47b5e85742a7d0b139050 to remote] conn.PoolingHttpClientConnectionManager 320 - Connection [id: 1][route: {}-&gt;http://localhost:21444] can be kept alive indefinitely
11-09-2018 06:45:42 PoolingHttpClientConnectionManager.java DEBUG [Forwarding clearElement on session 029705e03dc47b5e85742a7d0b139050 to remote] conn.PoolingHttpClientConnectionManager 326 - Connection released: [id: 1][route: {}-&gt;http://localhost:21444][total kept alive: 1; route allocated: 1 of 2000; total allocated: 1 of 2000]
11-09-2018 06:45:42 RequestAddCookies.java DEBUG [Forwarding findElement on session 029705e03dc47b5e85742a7d0b139050 to remote] protocol.RequestAddCookies 123 - CookieSpec selected: default
11-09-2018 06:45:42 RequestAuthCache.java DEBUG [Forwarding findElement on session 029705e03dc47b5e85742a7d0b139050 to remote] protocol.RequestAuthCache 77 - Auth cache not set in the context
11-09-2018 06:45:42 PoolingHttpClientConnectionManager.java DEBUG [Forwarding findElement on session 029705e03dc47b5e85742a7d0b139050 to remote] conn.PoolingHttpClientConnectionManager 255 - Connection request: [route: {}-&gt;http://localhost:21444][total kept alive: 1; route allocated: 1 of 2000; total allocated: 1 of 2000]
11-09-2018 06:45:42 PoolingHttpClientConnectionManager.java DEBUG [Forwarding findElement on session 029705e03dc47b5e85742a7d0b139050 to remote] conn.PoolingHttpClientConnectionManager 288 - Connection leased: [id: 1][route: {}-&gt;http://localhost:21444][total kept alive: 0; route allocated: 1 of 2000; total allocated: 1 of 2000]
11-09-2018 06:45:42 MainClientExec.java DEBUG [Forwarding findElement on session 029705e03dc47b5e85742a7d0b139050 to remote] execchain.MainClientExec 208 - Stale connection check
11-09-2018 06:45:42 Wire.java DEBUG [Forwarding findElement on session 029705e03dc47b5e85742a7d0b139050 to remote] http.wire 87 - http-outgoing-1 &lt;&lt; &quot;[read] I/O error: Read timed out&quot;
11-09-2018 06:45:42 LoggingManagedHttpClientConnection.java DEBUG [Forwarding findElement on session 029705e03dc47b5e85742a7d0b139050 to remote] conn.DefaultManagedHttpClientConnection 88 - http-outgoing-1: set socket timeout to 10800000
11-09-2018 06:45:42 MainClientExec.java DEBUG [Forwarding findElement on session 029705e03dc47b5e85742a7d0b139050 to remote] execchain.MainClientExec 256 - Executing request POST /session/029705e03dc47b5e85742a7d0b139050/element HTTP/1.1
11-09-2018 06:45:42 MainClientExec.java DEBUG [Forwarding findElement on session 029705e03dc47b5e85742a7d0b139050 to remote] execchain.MainClientExec 261 - Target auth state: UNCHALLENGED
11-09-2018 06:45:42 MainClientExec.java DEBUG [Forwarding findElement on session 029705e03dc47b5e85742a7d0b139050 to remote] execchain.MainClientExec 267 - Proxy auth state: UNCHALLENGED
11-09-2018 06:45:42 LoggingManagedHttpClientConnection.java DEBUG [Forwarding findElement on session 029705e03dc47b5e85742a7d0b139050 to remote] http.headers 133 - http-outgoing-1 &gt;&gt; POST /session/029705e03dc47b5e85742a7d0b139050/element HTTP/1.1
11-09-2018 06:45:42 LoggingManagedHttpClientConnection.java DEBUG [Forwarding findElement on session 029705e03dc47b5e85742a7d0b139050 to remote] http.headers 136 - http-outgoing-1 &gt;&gt; Content-Type: application/json; charset=utf-8
11-09-2018 06:45:42 LoggingManagedHttpClientConnection.java DEBUG [Forwarding findElement on session 029705e03dc47b5e85742a7d0b139050 to remote] http.headers 136 - http-outgoing-1 &gt;&gt; Content-Length: 61
11-09-2018 06:45:42 LoggingManagedHttpClientConnection.java DEBUG [Forwarding findElement on session 029705e03dc47b5e85742a7d0b139050 to remote] http.headers 136 - http-outgoing-1 &gt;&gt; Host: localhost:21444
11-09-2018 06:45:42 LoggingManagedHttpClientConnection.java DEBUG [Forwarding findElement on session 029705e03dc47b5e85742a7d0b139050 to remote] http.headers 136 - http-outgoing-1 &gt;&gt; Connection: Keep-Alive
11-09-2018 06:45:42 LoggingManagedHttpClientConnection.java DEBUG [Forwarding findElement on session 029705e03dc47b5e85742a7d0b139050 to remote] http.headers 136 - http-outgoing-1 &gt;&gt; User-Agent: Apache-HttpClient/4.5.3 (Java/1.8.0_191)
11-09-2018 06:45:42 LoggingManagedHttpClientConnection.java DEBUG [Forwarding findElement on session 029705e03dc47b5e85742a7d0b139050 to remote] http.headers 136 - http-outgoing-1 &gt;&gt; Accept-Encoding: gzip,deflate
11-09-2018 06:45:42 Wire.java DEBUG [Forwarding findElement on session 029705e03dc47b5e85742a7d0b139050 to remote] http.wire 73 - http-outgoing-1 &gt;&gt; &quot;POST /session/029705e03dc47b5e85742a7d0b139050/element HTTP/1.1[\r][\n]&quot;
11-09-2018 06:45:42 Wire.java DEBUG [Forwarding findElement on session 029705e03dc47b5e85742a7d0b139050 to remote] http.wire 73 - http-outgoing-1 &gt;&gt; &quot;Content-Type: application/json; charset=utf-8[\r][\n]&quot;
11-09-2018 06:45:42 Wire.java DEBUG [Forwarding findElement on session 029705e03dc47b5e85742a7d0b139050 to remote] http.wire 73 - http-outgoing-1 &gt;&gt; &quot;Content-Length: 61[\r][\n]&quot;
11-09-2018 06:45:42 Wire.java DEBUG [Forwarding findElement on session 029705e03dc47b5e85742a7d0b139050 to remote] http.wire 73 - http-outgoing-1 &gt;&gt; &quot;Host: localhost:21444[\r][\n]&quot;
11-09-2018 06:45:42 Wire.java DEBUG [Forwarding findElement on session 029705e03dc47b5e85742a7d0b139050 to remote] http.wire 73 - http-outgoing-1 &gt;&gt; &quot;Connection: Keep-Alive[\r][\n]&quot;
11-09-2018 06:45:42 Wire.java DEBUG [Forwarding findElement on session 029705e03dc47b5e85742a7d0b139050 to remote] http.wire 73 - http-outgoing-1 &gt;&gt; &quot;User-Agent: Apache-HttpClient/4.5.3 (Java/1.8.0_191)[\r][\n]&quot;
11-09-2018 06:45:42 Wire.java DEBUG [Forwarding findElement on session 029705e03dc47b5e85742a7d0b139050 to remote] http.wire 73 - http-outgoing-1 &gt;&gt; &quot;Accept-Encoding: gzip,deflate[\r][\n]&quot;
11-09-2018 06:45:42 Wire.java DEBUG [Forwarding findElement on session 029705e03dc47b5e85742a7d0b139050 to remote] http.wire 73 - http-outgoing-1 &gt;&gt; &quot;[\r][\n]&quot;
11-09-2018 06:45:42 Wire.java DEBUG [Forwarding findElement on session 029705e03dc47b5e85742a7d0b139050 to remote] http.wire 87 - http-outgoing-1 &gt;&gt; &quot;{&quot;using&quot;:&quot;xpath&quot;,&quot;value&quot;:&quot;//input[@id=\&quot;hp-widget__sDest\&quot;]&quot;}&quot;
11-09-2018 06:45:43 Wire.java DEBUG [Forwarding findElement on session 029705e03dc47b5e85742a7d0b139050 to remote] http.wire 73 - http-outgoing-1 &lt;&lt; &quot;HTTP/1.1 200 OK[\r][\n]&quot;
11-09-2018 06:45:43 Wire.java DEBUG [Forwarding findElement on session 029705e03dc47b5e85742a7d0b139050 to remote] http.wire 73 - http-outgoing-1 &lt;&lt; &quot;Content-Length:103[\r][\n]&quot;
11-09-2018 06:45:43 Wire.java DEBUG [Forwarding findElement on session 029705e03dc47b5e85742a7d0b139050 to remote] http.wire 73 - http-outgoing-1 &lt;&lt; &quot;Content-Type:application/json; charset=utf-8[\r][\n]&quot;
11-09-2018 06:45:43 Wire.java DEBUG [Forwarding findElement on session 029705e03dc47b5e85742a7d0b139050 to remote] http.wire 73 - http-outgoing-1 &lt;&lt; &quot;[\r][\n]&quot;
11-09-2018 06:45:43 Wire.java DEBUG [Forwarding findElement on session 029705e03dc47b5e85742a7d0b139050 to remote] http.wire 87 - http-outgoing-1 &lt;&lt; &quot;{&quot;sessionId&quot;:&quot;029705e03dc47b5e85742a7d0b139050&quot;,&quot;status&quot;:0,&quot;value&quot;:{&quot;ELEMENT&quot;:&quot;0.20139307270187268-1&quot;}}&quot;
11-09-2018 06:45:43 LoggingManagedHttpClientConnection.java DEBUG [Forwarding findElement on session 029705e03dc47b5e85742a7d0b139050 to remote] http.headers 122 - http-outgoing-1 &lt;&lt; HTTP/1.1 200 OK
11-09-2018 06:45:43 LoggingManagedHttpClientConnection.java DEBUG [Forwarding findElement on session 029705e03dc47b5e85742a7d0b139050 to remote] http.headers 125 - http-outgoing-1 &lt;&lt; Content-Length:103
11-09-2018 06:45:43 LoggingManagedHttpClientConnection.java DEBUG [Forwarding findElement on session 029705e03dc47b5e85742a7d0b139050 to remote] http.headers 125 - http-outgoing-1 &lt;&lt; Content-Type:application/json; charset=utf-8
11-09-2018 06:45:43 MainClientExec.java DEBUG [Forwarding findElement on session 029705e03dc47b5e85742a7d0b139050 to remote] execchain.MainClientExec 285 - Connection can be kept alive indefinitely
11-09-2018 06:45:43 PoolingHttpClientConnectionManager.java DEBUG [Forwarding findElement on session 029705e03dc47b5e85742a7d0b139050 to remote] conn.PoolingHttpClientConnectionManager 320 - Connection [id: 1][route: {}-&gt;http://localhost:21444] can be kept alive indefinitely
11-09-2018 06:45:43 PoolingHttpClientConnectionManager.java DEBUG [Forwarding findElement on session 029705e03dc47b5e85742a7d0b139050 to remote] conn.PoolingHttpClientConnectionManager 326 - Connection released: [id: 1][route: {}-&gt;http://localhost:21444][total kept alive: 1; route allocated: 1 of 2000; total allocated: 1 of 2000]
11-09-2018 06:45:43 RequestAddCookies.java DEBUG [Forwarding clickElement on session 029705e03dc47b5e85742a7d0b139050 to remote] protocol.RequestAddCookies 123 - CookieSpec selected: default
11-09-2018 06:45:43 RequestAuthCache.java DEBUG [Forwarding clickElement on session 029705e03dc47b5e85742a7d0b139050 to remote] protocol.RequestAuthCache 77 - Auth cache not set in the context
11-09-2018 06:45:43 PoolingHttpClientConnectionManager.java DEBUG [Forwarding clickElement on session 029705e03dc47b5e85742a7d0b139050 to remote] conn.PoolingHttpClientConnectionManager 255 - Connection request: [route: {}-&gt;http://localhost:21444][total kept alive: 1; route allocated: 1 of 2000; total allocated: 1 of 2000]
11-09-2018 06:45:43 PoolingHttpClientConnectionManager.java DEBUG [Forwarding clickElement on session 029705e03dc47b5e85742a7d0b139050 to remote] conn.PoolingHttpClientConnectionManager 288 - Connection leased: [id: 1][route: {}-&gt;http://localhost:21444][total kept alive: 0; route allocated: 1 of 2000; total allocated: 1 of 2000]
11-09-2018 06:45:43 MainClientExec.java DEBUG [Forwarding clickElement on session 029705e03dc47b5e85742a7d0b139050 to remote] execchain.MainClientExec 208 - Stale connection check
11-09-2018 06:45:43 Wire.java DEBUG [Forwarding clickElement on session 029705e03dc47b5e85742a7d0b139050 to remote] http.wire 87 - http-outgoing-1 &lt;&lt; &quot;[read] I/O error: Read timed out&quot;
11-09-2018 06:45:43 LoggingManagedHttpClientConnection.java DEBUG [Forwarding clickElement on session 029705e03dc47b5e85742a7d0b139050 to remote] conn.DefaultManagedHttpClientConnection 88 - http-outgoing-1: set socket timeout to 10800000
11-09-2018 06:45:43 MainClientExec.java DEBUG [Forwarding clickElement on session 029705e03dc47b5e85742a7d0b139050 to remote] execchain.MainClientExec 256 - Executing request POST /session/029705e03dc47b5e85742a7d0b139050/element/0.20139307270187268-1/click HTTP/1.1
11-09-2018 06:45:43 MainClientExec.java DEBUG [Forwarding clickElement on session 029705e03dc47b5e85742a7d0b139050 to remote] execchain.MainClientExec 261 - Target auth state: UNCHALLENGED
11-09-2018 06:45:43 MainClientExec.java DEBUG [Forwarding clickElement on session 029705e03dc47b5e85742a7d0b139050 to remote] execchain.MainClientExec 267 - Proxy auth state: UNCHALLENGED
11-09-2018 06:45:43 LoggingManagedHttpClientConnection.java DEBUG [Forwarding clickElement on session 029705e03dc47b5e85742a7d0b139050 to remote] http.headers 133 - http-outgoing-1 &gt;&gt; POST /session/029705e03dc47b5e85742a7d0b139050/element/0.20139307270187268-1/click HTTP/1.1
11-09-2018 06:45:43 LoggingManagedHttpClientConnection.java DEBUG [Forwarding clickElement on session 029705e03dc47b5e85742a7d0b139050 to remote] http.headers 136 - http-outgoing-1 &gt;&gt; Content-Type: application/json; charset=utf-8
11-09-2018 06:45:43 LoggingManagedHttpClientConnection.java DEBUG [Forwarding clickElement on session 029705e03dc47b5e85742a7d0b139050 to remote] http.headers 136 - http-outgoing-1 &gt;&gt; Content-Length: 30
11-09-2018 06:45:43 LoggingManagedHttpClientConnection.java DEBUG [Forwarding clickElement on session 029705e03dc47b5e85742a7d0b139050 to remote] http.headers 136 - http-outgoing-1 &gt;&gt; Host: localhost:21444
11-09-2018 06:45:43 LoggingManagedHttpClientConnection.java DEBUG [Forwarding clickElement on session 029705e03dc47b5e85742a7d0b139050 to remote] http.headers 136 - http-outgoing-1 &gt;&gt; Connection: Keep-Alive
11-09-2018 06:45:43 LoggingManagedHttpClientConnection.java DEBUG [Forwarding clickElement on session 029705e03dc47b5e85742a7d0b139050 to remote] http.headers 136 - http-outgoing-1 &gt;&gt; User-Agent: Apache-HttpClient/4.5.3 (Java/1.8.0_191)
11-09-2018 06:45:43 LoggingManagedHttpClientConnection.java DEBUG [Forwarding clickElement on session 029705e03dc47b5e85742a7d0b139050 to remote] http.headers 136 - http-outgoing-1 &gt;&gt; Accept-Encoding: gzip,deflate
11-09-2018 06:45:43 Wire.java DEBUG [Forwarding clickElement on session 029705e03dc47b5e85742a7d0b139050 to remote] http.wire 73 - http-outgoing-1 &gt;&gt; &quot;POST /session/029705e03dc47b5e85742a7d0b139050/element/0.20139307270187268-1/click HTTP/1.1[\r][\n]&quot;
11-09-2018 06:45:43 Wire.java DEBUG [Forwarding clickElement on session 029705e03dc47b5e85742a7d0b139050 to remote] http.wire 73 - http-outgoing-1 &gt;&gt; &quot;Content-Type: application/json; charset=utf-8[\r][\n]&quot;
11-09-2018 06:45:43 Wire.java DEBUG [Forwarding clickElement on session 029705e03dc47b5e85742a7d0b139050 to remote] http.wire 73 - http-outgoing-1 &gt;&gt; &quot;Content-Length: 30[\r][\n]&quot;
11-09-2018 06:45:43 Wire.java DEBUG [Forwarding clickElement on session 029705e03dc47b5e85742a7d0b139050 to remote] http.wire 73 - http-outgoing-1 &gt;&gt; &quot;Host: localhost:21444[\r][\n]&quot;
11-09-2018 06:45:43 Wire.java DEBUG [Forwarding clickElement on session 029705e03dc47b5e85742a7d0b139050 to remote] http.wire 73 - http-outgoing-1 &gt;&gt; &quot;Connection: Keep-Alive[\r][\n]&quot;
11-09-2018 06:45:43 Wire.java DEBUG [Forwarding clickElement on session 029705e03dc47b5e85742a7d0b139050 to remote] http.wire 73 - http-outgoing-1 &gt;&gt; &quot;User-Agent: Apache-HttpClient/4.5.3 (Java/1.8.0_191)[\r][\n]&quot;
11-09-2018 06:45:43 Wire.java DEBUG [Forwarding clickElement on session 029705e03dc47b5e85742a7d0b139050 to remote] http.wire 73 - http-outgoing-1 &gt;&gt; &quot;Accept-Encoding: gzip,deflate[\r][\n]&quot;
11-09-2018 06:45:43 Wire.java DEBUG [Forwarding clickElement on session 029705e03dc47b5e85742a7d0b139050 to remote] http.wire 73 - http-outgoing-1 &gt;&gt; &quot;[\r][\n]&quot;
11-09-2018 06:45:43 Wire.java DEBUG [Forwarding clickElement on session 029705e03dc47b5e85742a7d0b139050 to remote] http.wire 87 - http-outgoing-1 &gt;&gt; &quot;{&quot;id&quot;:&quot;0.20139307270187268-1&quot;}&quot;
11-09-2018 06:45:44 Wire.java DEBUG [Forwarding clickElement on session 029705e03dc47b5e85742a7d0b139050 to remote] http.wire 73 - http-outgoing-1 &lt;&lt; &quot;HTTP/1.1 200 OK[\r][\n]&quot;
11-09-2018 06:45:44 Wire.java DEBUG [Forwarding clickElement on session 029705e03dc47b5e85742a7d0b139050 to remote] http.wire 73 - http-outgoing-1 &lt;&lt; &quot;Content-Length:72[\r][\n]&quot;
11-09-2018 06:45:44 Wire.java DEBUG [Forwarding clickElement on session 029705e03dc47b5e85742a7d0b139050 to remote] http.wire 73 - http-outgoing-1 &lt;&lt; &quot;Content-Type:application/json; charset=utf-8[\r][\n]&quot;
11-09-2018 06:45:44 Wire.java DEBUG [Forwarding clickElement on session 029705e03dc47b5e85742a7d0b139050 to remote] http.wire 73 - http-outgoing-1 &lt;&lt; &quot;[\r][\n]&quot;
11-09-2018 06:45:44 Wire.java DEBUG [Forwarding clickElement on session 029705e03dc47b5e85742a7d0b139050 to remote] http.wire 87 - http-outgoing-1 &lt;&lt; &quot;{&quot;sessionId&quot;:&quot;029705e03dc47b5e85742a7d0b139050&quot;,&quot;status&quot;:0,&quot;value&quot;:null}&quot;
11-09-2018 06:45:44 LoggingManagedHttpClientConnection.java DEBUG [Forwarding clickElement on session 029705e03dc47b5e85742a7d0b139050 to remote] http.headers 122 - http-outgoing-1 &lt;&lt; HTTP/1.1 200 OK
11-09-2018 06:45:44 LoggingManagedHttpClientConnection.java DEBUG [Forwarding clickElement on session 029705e03dc47b5e85742a7d0b139050 to remote] http.headers 125 - http-outgoing-1 &lt;&lt; Content-Length:72
11-09-2018 06:45:44 LoggingManagedHttpClientConnection.java DEBUG [Forwarding clickElement on session 029705e03dc47b5e85742a7d0b139050 to remote] http.headers 125 - http-outgoing-1 &lt;&lt; Content-Type:application/json; charset=utf-8
11-09-2018 06:45:44 MainClientExec.java DEBUG [Forwarding clickElement on session 029705e03dc47b5e85742a7d0b139050 to remote] execchain.MainClientExec 285 - Connection can be kept alive indefinitely
11-09-2018 06:45:44 PoolingHttpClientConnectionManager.java DEBUG [Forwarding clickElement on session 029705e03dc47b5e85742a7d0b139050 to remote] conn.PoolingHttpClientConnectionManager 320 - Connection [id: 1][route: {}-&gt;http://localhost:21444] can be kept alive indefinitely
11-09-2018 06:45:44 PoolingHttpClientConnectionManager.java DEBUG [Forwarding clickElement on session 029705e03dc47b5e85742a7d0b139050 to remote] conn.PoolingHttpClientConnectionManager 326 - Connection released: [id: 1][route: {}-&gt;http://localhost:21444][total kept alive: 1; route allocated: 1 of 2000; total allocated: 1 of 2000]
in page method   Mumbai
11-09-2018 06:45:44 RequestAddCookies.java DEBUG [Forwarding findElements on session 029705e03dc47b5e85742a7d0b139050 to remote] protocol.RequestAddCookies 123 - CookieSpec selected: default
11-09-2018 06:45:44 RequestAuthCache.java DEBUG [Forwarding findElements on session 029705e03dc47b5e85742a7d0b139050 to remote] protocol.RequestAuthCache 77 - Auth cache not set in the context
11-09-2018 06:45:44 PoolingHttpClientConnectionManager.java DEBUG [Forwarding findElements on session 029705e03dc47b5e85742a7d0b139050 to remote] conn.PoolingHttpClientConnectionManager 255 - Connection request: [route: {}-&gt;http://localhost:21444][total kept alive: 1; route allocated: 1 of 2000; total allocated: 1 of 2000]
11-09-2018 06:45:44 PoolingHttpClientConnectionManager.java DEBUG [Forwarding findElements on session 029705e03dc47b5e85742a7d0b139050 to remote] conn.PoolingHttpClientConnectionManager 288 - Connection leased: [id: 1][route: {}-&gt;http://localhost:21444][total kept alive: 0; route allocated: 1 of 2000; total allocated: 1 of 2000]
11-09-2018 06:45:44 MainClientExec.java DEBUG [Forwarding findElements on session 029705e03dc47b5e85742a7d0b139050 to remote] execchain.MainClientExec 208 - Stale connection check
11-09-2018 06:45:44 Wire.java DEBUG [Forwarding findElements on session 029705e03dc47b5e85742a7d0b139050 to remote] http.wire 87 - http-outgoing-1 &lt;&lt; &quot;[read] I/O error: Read timed out&quot;
11-09-2018 06:45:44 LoggingManagedHttpClientConnection.java DEBUG [Forwarding findElements on session 029705e03dc47b5e85742a7d0b139050 to remote] conn.DefaultManagedHttpClientConnection 88 - http-outgoing-1: set socket timeout to 10800000
11-09-2018 06:45:44 MainClientExec.java DEBUG [Forwarding findElements on session 029705e03dc47b5e85742a7d0b139050 to remote] execchain.MainClientExec 256 - Executing request POST /session/029705e03dc47b5e85742a7d0b139050/elements HTTP/1.1
11-09-2018 06:45:44 MainClientExec.java DEBUG [Forwarding findElements on session 029705e03dc47b5e85742a7d0b139050 to remote] execchain.MainClientExec 261 - Target auth state: UNCHALLENGED
11-09-2018 06:45:44 MainClientExec.java DEBUG [Forwarding findElements on session 029705e03dc47b5e85742a7d0b139050 to remote] execchain.MainClientExec 267 - Proxy auth state: UNCHALLENGED
11-09-2018 06:45:44 LoggingManagedHttpClientConnection.java DEBUG [Forwarding findElements on session 029705e03dc47b5e85742a7d0b139050 to remote] http.headers 133 - http-outgoing-1 &gt;&gt; POST /session/029705e03dc47b5e85742a7d0b139050/elements HTTP/1.1
11-09-2018 06:45:44 LoggingManagedHttpClientConnection.java DEBUG [Forwarding findElements on session 029705e03dc47b5e85742a7d0b139050 to remote] http.headers 136 - http-outgoing-1 &gt;&gt; Content-Type: application/json; charset=utf-8
11-09-2018 06:45:44 LoggingManagedHttpClientConnection.java DEBUG [Forwarding findElements on session 029705e03dc47b5e85742a7d0b139050 to remote] http.headers 136 - http-outgoing-1 &gt;&gt; Content-Length: 57
11-09-2018 06:45:44 LoggingManagedHttpClientConnection.java DEBUG [Forwarding findElements on session 029705e03dc47b5e85742a7d0b139050 to remote] http.headers 136 - http-outgoing-1 &gt;&gt; Host: localhost:21444
11-09-2018 06:45:44 LoggingManagedHttpClientConnection.java DEBUG [Forwarding findElements on session 029705e03dc47b5e85742a7d0b139050 to remote] http.headers 136 - http-outgoing-1 &gt;&gt; Connection: Keep-Alive
11-09-2018 06:45:44 LoggingManagedHttpClientConnection.java DEBUG [Forwarding findElements on session 029705e03dc47b5e85742a7d0b139050 to remote] http.headers 136 - http-outgoing-1 &gt;&gt; User-Agent: Apache-HttpClient/4.5.3 (Java/1.8.0_191)
11-09-2018 06:45:44 LoggingManagedHttpClientConnection.java DEBUG [Forwarding findElements on session 029705e03dc47b5e85742a7d0b139050 to remote] http.headers 136 - http-outgoing-1 &gt;&gt; Accept-Encoding: gzip,deflate
11-09-2018 06:45:44 Wire.java DEBUG [Forwarding findElements on session 029705e03dc47b5e85742a7d0b139050 to remote] http.wire 73 - http-outgoing-1 &gt;&gt; &quot;POST /session/029705e03dc47b5e85742a7d0b139050/elements HTTP/1.1[\r][\n]&quot;
11-09-2018 06:45:44 Wire.java DEBUG [Forwarding findElements on session 029705e03dc47b5e85742a7d0b139050 to remote] http.wire 73 - http-outgoing-1 &gt;&gt; &quot;Content-Type: application/json; charset=utf-8[\r][\n]&quot;
11-09-2018 06:45:44 Wire.java DEBUG [Forwarding findElements on session 029705e03dc47b5e85742a7d0b139050 to remote] http.wire 73 - http-outgoing-1 &gt;&gt; &quot;Content-Length: 57[\r][\n]&quot;
11-09-2018 06:45:44 Wire.java DEBUG [Forwarding findElements on session 029705e03dc47b5e85742a7d0b139050 to remote] http.wire 73 - http-outgoing-1 &gt;&gt; &quot;Host: localhost:21444[\r][\n]&quot;
11-09-2018 06:45:44 Wire.java DEBUG [Forwarding findElements on session 029705e03dc47b5e85742a7d0b139050 to remote] http.wire 73 - http-outgoing-1 &gt;&gt; &quot;Connection: Keep-Alive[\r][\n]&quot;
11-09-2018 06:45:44 Wire.java DEBUG [Forwarding findElements on session 029705e03dc47b5e85742a7d0b139050 to remote] http.wire 73 - http-outgoing-1 &gt;&gt; &quot;User-Agent: Apache-HttpClient/4.5.3 (Java/1.8.0_191)[\r][\n]&quot;
11-09-2018 06:45:44 Wire.java DEBUG [Forwarding findElements on session 029705e03dc47b5e85742a7d0b139050 to remote] http.wire 73 - http-outgoing-1 &gt;&gt; &quot;Accept-Encoding: gzip,deflate[\r][\n]&quot;
11-09-2018 06:45:44 Wire.java DEBUG [Forwarding findElements on session 029705e03dc47b5e85742a7d0b139050 to remote] http.wire 73 - http-outgoing-1 &gt;&gt; &quot;[\r][\n]&quot;
11-09-2018 06:45:44 Wire.java DEBUG [Forwarding findElements on session 029705e03dc47b5e85742a7d0b139050 to remote] http.wire 87 - http-outgoing-1 &gt;&gt; &quot;{&quot;using&quot;:&quot;xpath&quot;,&quot;value&quot;:&quot;//li[@class=\&quot;ui-menu-item\&quot;]&quot;}&quot;
11-09-2018 06:45:44 Wire.java DEBUG [Forwarding findElements on session 029705e03dc47b5e85742a7d0b139050 to remote] http.wire 73 - http-outgoing-1 &lt;&lt; &quot;HTTP/1.1 200 OK[\r][\n]&quot;
11-09-2018 06:45:44 Wire.java DEBUG [Forwarding findElements on session 029705e03dc47b5e85742a7d0b139050 to remote] http.wire 73 - http-outgoing-1 &lt;&lt; &quot;Content-Length:468[\r][\n]&quot;
11-09-2018 06:45:44 Wire.java DEBUG [Forwarding findElements on session 029705e03dc47b5e85742a7d0b139050 to remote] http.wire 73 - http-outgoing-1 &lt;&lt; &quot;Content-Type:application/json; charset=utf-8[\r][\n]&quot;
11-09-2018 06:45:44 Wire.java DEBUG [Forwarding findElements on session 029705e03dc47b5e85742a7d0b139050 to remote] http.wire 73 - http-outgoing-1 &lt;&lt; &quot;[\r][\n]&quot;
11-09-2018 06:45:44 Wire.java DEBUG [Forwarding findElements on session 029705e03dc47b5e85742a7d0b139050 to remote] http.wire 87 - http-outgoing-1 &lt;&lt; &quot;{&quot;sessionId&quot;:&quot;029705e03dc47b5e85742a7d0b139050&quot;,&quot;status&quot;:0,&quot;value&quot;:[{&quot;ELEMENT&quot;:&quot;0.20139307270187268-2&quot;},{&quot;ELEMENT&quot;:&quot;0.20139307270187268-3&quot;},{&quot;ELEMENT&quot;:&quot;0.20139307270187268-4&quot;},{&quot;ELEMENT&quot;:&quot;0.20139307270187268-5&quot;},{&quot;ELEMENT&quot;:&quot;0.20139307270187268-6&quot;},{&quot;ELEMENT&quot;:&quot;0.20139307270187268-7&quot;},{&quot;ELEMENT&quot;:&quot;0.20139307270187268-8&quot;},{&quot;ELEMENT&quot;:&quot;0.20139307270187268-9&quot;},{&quot;ELEMENT&quot;:&quot;0.20139307270187268-10&quot;},{&quot;ELEMENT&quot;:&quot;0.20139307270187268-11&quot;},{&quot;ELEMENT&quot;:&quot;0.20139307270187268-12&quot;}]}&quot;
11-09-2018 06:45:44 LoggingManagedHttpClientConnection.java DEBUG [Forwarding findElements on session 029705e03dc47b5e85742a7d0b139050 to remote] http.headers 122 - http-outgoing-1 &lt;&lt; HTTP/1.1 200 OK
11-09-2018 06:45:44 LoggingManagedHttpClientConnection.java DEBUG [Forwarding findElements on session 029705e03dc47b5e85742a7d0b139050 to remote] http.headers 125 - http-outgoing-1 &lt;&lt; Content-Length:468
11-09-2018 06:45:44 LoggingManagedHttpClientConnection.java DEBUG [Forwarding findElements on session 029705e03dc47b5e85742a7d0b139050 to remote] http.headers 125 - http-outgoing-1 &lt;&lt; Content-Type:application/json; charset=utf-8
11-09-2018 06:45:44 MainClientExec.java DEBUG [Forwarding findElements on session 029705e03dc47b5e85742a7d0b139050 to remote] execchain.MainClientExec 285 - Connection can be kept alive indefinitely
11-09-2018 06:45:44 PoolingHttpClientConnectionManager.java DEBUG [Forwarding findElements on session 029705e03dc47b5e85742a7d0b139050 to remote] conn.PoolingHttpClientConnectionManager 320 - Connection [id: 1][route: {}-&gt;http://localhost:21444] can be kept alive indefinitely
11-09-2018 06:45:44 PoolingHttpClientConnectionManager.java DEBUG [Forwarding findElements on session 029705e03dc47b5e85742a7d0b139050 to remote] conn.PoolingHttpClientConnectionManager 326 - Connection released: [id: 1][route: {}-&gt;http://localhost:21444][total kept alive: 1; route allocated: 1 of 2000; total allocated: 1 of 2000]
value of i== 0
11-09-2018 06:45:44 RequestAddCookies.java DEBUG [Forwarding findElements on session 029705e03dc47b5e85742a7d0b139050 to remote] protocol.RequestAddCookies 123 - CookieSpec selected: default
11-09-2018 06:45:44 RequestAuthCache.java DEBUG [Forwarding findElements on session 029705e03dc47b5e85742a7d0b139050 to remote] protocol.RequestAuthCache 77 - Auth cache not set in the context
11-09-2018 06:45:44 PoolingHttpClientConnectionManager.java DEBUG [Forwarding findElements on session 029705e03dc47b5e85742a7d0b139050 to remote] conn.PoolingHttpClientConnectionManager 255 - Connection request: [route: {}-&gt;http://localhost:21444][total kept alive: 1; route allocated: 1 of 2000; total allocated: 1 of 2000]
11-09-2018 06:45:44 PoolingHttpClientConnectionManager.java DEBUG [Forwarding findElements on session 029705e03dc47b5e85742a7d0b139050 to remote] conn.PoolingHttpClientConnectionManager 288 - Connection leased: [id: 1][route: {}-&gt;http://localhost:21444][total kept alive: 0; route allocated: 1 of 2000; total allocated: 1 of 2000]
11-09-2018 06:45:44 MainClientExec.java DEBUG [Forwarding findElements on session 029705e03dc47b5e85742a7d0b139050 to remote] execchain.MainClientExec 208 - Stale connection check
11-09-2018 06:45:44 Wire.java DEBUG [Forwarding findElements on session 029705e03dc47b5e85742a7d0b139050 to remote] http.wire 87 - http-outgoing-1 &lt;&lt; &quot;[read] I/O error: Read timed out&quot;
11-09-2018 06:45:44 LoggingManagedHttpClientConnection.java DEBUG [Forwarding findElements on session 029705e03dc47b5e85742a7d0b139050 to remote] conn.DefaultManagedHttpClientConnection 88 - http-outgoing-1: set socket timeout to 10800000
11-09-2018 06:45:44 MainClientExec.java DEBUG [Forwarding findElements on session 029705e03dc47b5e85742a7d0b139050 to remote] execchain.MainClientExec 256 - Executing request POST /session/029705e03dc47b5e85742a7d0b139050/elements HTTP/1.1
11-09-2018 06:45:44 MainClientExec.java DEBUG [Forwarding findElements on session 029705e03dc47b5e85742a7d0b139050 to remote] execchain.MainClientExec 261 - Target auth state: UNCHALLENGED
11-09-2018 06:45:44 MainClientExec.java DEBUG [Forwarding findElements on session 029705e03dc47b5e85742a7d0b139050 to remote] execchain.MainClientExec 267 - Proxy auth state: UNCHALLENGED
11-09-2018 06:45:44 LoggingManagedHttpClientConnection.java DEBUG [Forwarding findElements on session 029705e03dc47b5e85742a7d0b139050 to remote] http.headers 133 - http-outgoing-1 &gt;&gt; POST /session/029705e03dc47b5e85742a7d0b139050/elements HTTP/1.1
11-09-2018 06:45:44 LoggingManagedHttpClientConnection.java DEBUG [Forwarding findElements on session 029705e03dc47b5e85742a7d0b139050 to remote] http.headers 136 - http-outgoing-1 &gt;&gt; Content-Type: application/json; charset=utf-8
11-09-2018 06:45:44 LoggingManagedHttpClientConnection.java DEBUG [Forwarding findElements on session 029705e03dc47b5e85742a7d0b139050 to remote] http.headers 136 - http-outgoing-1 &gt;&gt; Content-Length: 57
11-09-2018 06:45:44 LoggingManagedHttpClientConnection.java DEBUG [Forwarding findElements on session 029705e03dc47b5e85742a7d0b139050 to remote] http.headers 136 - http-outgoing-1 &gt;&gt; Host: localhost:21444
11-09-2018 06:45:44 LoggingManagedHttpClientConnection.java DEBUG [Forwarding findElements on session 029705e03dc47b5e85742a7d0b139050 to remote] http.headers 136 - http-outgoing-1 &gt;&gt; Connection: Keep-Alive
11-09-2018 06:45:44 LoggingManagedHttpClientConnection.java DEBUG [Forwarding findElements on session 029705e03dc47b5e85742a7d0b139050 to remote] http.headers 136 - http-outgoing-1 &gt;&gt; User-Agent: Apache-HttpClient/4.5.3 (Java/1.8.0_191)
11-09-2018 06:45:44 LoggingManagedHttpClientConnection.java DEBUG [Forwarding findElements on session 029705e03dc47b5e85742a7d0b139050 to remote] http.headers 136 - http-outgoing-1 &gt;&gt; Accept-Encoding: gzip,deflate
11-09-2018 06:45:44 Wire.java DEBUG [Forwarding findElements on session 029705e03dc47b5e85742a7d0b139050 to remote] http.wire 73 - http-outgoing-1 &gt;&gt; &quot;POST /session/029705e03dc47b5e85742a7d0b139050/elements HTTP/1.1[\r][\n]&quot;
11-09-2018 06:45:44 Wire.java DEBUG [Forwarding findElements on session 029705e03dc47b5e85742a7d0b139050 to remote] http.wire 73 - http-outgoing-1 &gt;&gt; &quot;Content-Type: application/json; charset=utf-8[\r][\n]&quot;
11-09-2018 06:45:44 Wire.java DEBUG [Forwarding findElements on session 029705e03dc47b5e85742a7d0b139050 to remote] http.wire 73 - http-outgoing-1 &gt;&gt; &quot;Content-Length: 57[\r][\n]&quot;
11-09-2018 06:45:44 Wire.java DEBUG [Forwarding findElements on session 029705e03dc47b5e85742a7d0b139050 to remote] http.wire 73 - http-outgoing-1 &gt;&gt; &quot;Host: localhost:21444[\r][\n]&quot;
11-09-2018 06:45:44 Wire.java DEBUG [Forwarding findElements on session 029705e03dc47b5e85742a7d0b139050 to remote] http.wire 73 - http-outgoing-1 &gt;&gt; &quot;Connection: Keep-Alive[\r][\n]&quot;
11-09-2018 06:45:44 Wire.java DEBUG [Forwarding findElements on session 029705e03dc47b5e85742a7d0b139050 to remote] http.wire 73 - http-outgoing-1 &gt;&gt; &quot;User-Agent: Apache-HttpClient/4.5.3 (Java/1.8.0_191)[\r][\n]&quot;
11-09-2018 06:45:44 Wire.java DEBUG [Forwarding findElements on session 029705e03dc47b5e85742a7d0b139050 to remote] http.wire 73 - http-outgoing-1 &gt;&gt; &quot;Accept-Encoding: gzip,deflate[\r][\n]&quot;
11-09-2018 06:45:44 Wire.java DEBUG [Forwarding findElements on session 029705e03dc47b5e85742a7d0b139050 to remote] http.wire 73 - http-outgoing-1 &gt;&gt; &quot;[\r][\n]&quot;
11-09-2018 06:45:44 Wire.java DEBUG [Forwarding findElements on session 029705e03dc47b5e85742a7d0b139050 to remote] http.wire 87 - http-outgoing-1 &gt;&gt; &quot;{&quot;using&quot;:&quot;xpath&quot;,&quot;value&quot;:&quot;//li[@class=\&quot;ui-menu-item\&quot;]&quot;}&quot;
11-09-2018 06:45:44 Wire.java DEBUG [Forwarding findElements on session 029705e03dc47b5e85742a7d0b139050 to remote] http.wire 73 - http-outgoing-1 &lt;&lt; &quot;HTTP/1.1 200 OK[\r][\n]&quot;
11-09-2018 06:45:44 Wire.java DEBUG [Forwarding findElements on session 029705e03dc47b5e85742a7d0b139050 to remote] http.wire 73 - http-outgoing-1 &lt;&lt; &quot;Content-Length:468[\r][\n]&quot;
11-09-2018 06:45:44 Wire.java DEBUG [Forwarding findElements on session 029705e03dc47b5e85742a7d0b139050 to remote] http.wire 73 - http-outgoing-1 &lt;&lt; &quot;Content-Type:application/json; charset=utf-8[\r][\n]&quot;
11-09-2018 06:45:44 Wire.java DEBUG [Forwarding findElements on session 029705e03dc47b5e85742a7d0b139050 to remote] http.wire 73 - http-outgoing-1 &lt;&lt; &quot;[\r][\n]&quot;
11-09-2018 06:45:44 Wire.java DEBUG [Forwarding findElements on session 029705e03dc47b5e85742a7d0b139050 to remote] http.wire 87 - http-outgoing-1 &lt;&lt; &quot;{&quot;sessionId&quot;:&quot;029705e03dc47b5e85742a7d0b139050&quot;,&quot;status&quot;:0,&quot;value&quot;:[{&quot;ELEMENT&quot;:&quot;0.20139307270187268-2&quot;},{&quot;ELEMENT&quot;:&quot;0.20139307270187268-3&quot;},{&quot;ELEMENT&quot;:&quot;0.20139307270187268-4&quot;},{&quot;ELEMENT&quot;:&quot;0.20139307270187268-5&quot;},{&quot;ELEMENT&quot;:&quot;0.20139307270187268-6&quot;},{&quot;ELEMENT&quot;:&quot;0.20139307270187268-7&quot;},{&quot;ELEMENT&quot;:&quot;0.20139307270187268-8&quot;},{&quot;ELEMENT&quot;:&quot;0.20139307270187268-9&quot;},{&quot;ELEMENT&quot;:&quot;0.20139307270187268-10&quot;},{&quot;ELEMENT&quot;:&quot;0.20139307270187268-11&quot;},{&quot;ELEMENT&quot;:&quot;0.20139307270187268-12&quot;}]}&quot;
11-09-2018 06:45:44 LoggingManagedHttpClientConnection.java DEBUG [Forwarding findElements on session 029705e03dc47b5e85742a7d0b139050 to remote] http.headers 122 - http-outgoing-1 &lt;&lt; HTTP/1.1 200 OK
11-09-2018 06:45:44 LoggingManagedHttpClientConnection.java DEBUG [Forwarding findElements on session 029705e03dc47b5e85742a7d0b139050 to remote] http.headers 125 - http-outgoing-1 &lt;&lt; Content-Length:468
11-09-2018 06:45:44 LoggingManagedHttpClientConnection.java DEBUG [Forwarding findElements on session 029705e03dc47b5e85742a7d0b139050 to remote] http.headers 125 - http-outgoing-1 &lt;&lt; Content-Type:application/json; charset=utf-8
11-09-2018 06:45:44 MainClientExec.java DEBUG [Forwarding findElements on session 029705e03dc47b5e85742a7d0b139050 to remote] execchain.MainClientExec 285 - Connection can be kept alive indefinitely
11-09-2018 06:45:44 PoolingHttpClientConnectionManager.java DEBUG [Forwarding findElements on session 029705e03dc47b5e85742a7d0b139050 to remote] conn.PoolingHttpClientConnectionManager 320 - Connection [id: 1][route: {}-&gt;http://localhost:21444] can be kept alive indefinitely
11-09-2018 06:45:44 PoolingHttpClientConnectionManager.java DEBUG [Forwarding findElements on session 029705e03dc47b5e85742a7d0b139050 to remote] conn.PoolingHttpClientConnectionManager 326 - Connection released: [id: 1][route: {}-&gt;http://localhost:21444][total kept alive: 1; route allocated: 1 of 2000; total allocated: 1 of 2000]
value of list= 11
11-09-2018 06:45:44 RequestAddCookies.java DEBUG [Forwarding findElements on session 029705e03dc47b5e85742a7d0b139050 to remote] protocol.RequestAddCookies 123 - CookieSpec selected: default
11-09-2018 06:45:44 RequestAuthCache.java DEBUG [Forwarding findElements on session 029705e03dc47b5e85742a7d0b139050 to remote] protocol.RequestAuthCache 77 - Auth cache not set in the context
11-09-2018 06:45:44 PoolingHttpClientConnectionManager.java DEBUG [Forwarding findElements on session 029705e03dc47b5e85742a7d0b139050 to remote] conn.PoolingHttpClientConnectionManager 255 - Connection request: [route: {}-&gt;http://localhost:21444][total kept alive: 1; route allocated: 1 of 2000; total allocated: 1 of 2000]
11-09-2018 06:45:44 PoolingHttpClientConnectionManager.java DEBUG [Forwarding findElements on session 029705e03dc47b5e85742a7d0b139050 to remote] conn.PoolingHttpClientConnectionManager 288 - Connection leased: [id: 1][route: {}-&gt;http://localhost:21444][total kept alive: 0; route allocated: 1 of 2000; total allocated: 1 of 2000]
11-09-2018 06:45:44 MainClientExec.java DEBUG [Forwarding findElements on session 029705e03dc47b5e85742a7d0b139050 to remote] execchain.MainClientExec 208 - Stale connection check
11-09-2018 06:45:44 Wire.java DEBUG [Forwarding findElements on session 029705e03dc47b5e85742a7d0b139050 to remote] http.wire 87 - http-outgoing-1 &lt;&lt; &quot;[read] I/O error: Read timed out&quot;
11-09-2018 06:45:44 LoggingManagedHttpClientConnection.java DEBUG [Forwarding findElements on session 029705e03dc47b5e85742a7d0b139050 to remote] conn.DefaultManagedHttpClientConnection 88 - http-outgoing-1: set socket timeout to 10800000
11-09-2018 06:45:44 MainClientExec.java DEBUG [Forwarding findElements on session 029705e03dc47b5e85742a7d0b139050 to remote] execchain.MainClientExec 256 - Executing request POST /session/029705e03dc47b5e85742a7d0b139050/elements HTTP/1.1
11-09-2018 06:45:44 MainClientExec.java DEBUG [Forwarding findElements on session 029705e03dc47b5e85742a7d0b139050 to remote] execchain.MainClientExec 261 - Target auth state: UNCHALLENGED
11-09-2018 06:45:44 MainClientExec.java DEBUG [Forwarding findElements on session 029705e03dc47b5e85742a7d0b139050 to remote] execchain.MainClientExec 267 - Proxy auth state: UNCHALLENGED
11-09-2018 06:45:44 LoggingManagedHttpClientConnection.java DEBUG [Forwarding findElements on session 029705e03dc47b5e85742a7d0b139050 to remote] http.headers 133 - http-outgoing-1 &gt;&gt; POST /session/029705e03dc47b5e85742a7d0b139050/elements HTTP/1.1
11-09-2018 06:45:44 LoggingManagedHttpClientConnection.java DEBUG [Forwarding findElements on session 029705e03dc47b5e85742a7d0b139050 to remote] http.headers 136 - http-outgoing-1 &gt;&gt; Content-Type: application/json; charset=utf-8
11-09-2018 06:45:44 LoggingManagedHttpClientConnection.java DEBUG [Forwarding findElements on session 029705e03dc47b5e85742a7d0b139050 to remote] http.headers 136 - http-outgoing-1 &gt;&gt; Content-Length: 57
11-09-2018 06:45:44 LoggingManagedHttpClientConnection.java DEBUG [Forwarding findElements on session 029705e03dc47b5e85742a7d0b139050 to remote] http.headers 136 - http-outgoing-1 &gt;&gt; Host: localhost:21444
11-09-2018 06:45:44 LoggingManagedHttpClientConnection.java DEBUG [Forwarding findElements on session 029705e03dc47b5e85742a7d0b139050 to remote] http.headers 136 - http-outgoing-1 &gt;&gt; Connection: Keep-Alive
11-09-2018 06:45:44 LoggingManagedHttpClientConnection.java DEBUG [Forwarding findElements on session 029705e03dc47b5e85742a7d0b139050 to remote] http.headers 136 - http-outgoing-1 &gt;&gt; User-Agent: Apache-HttpClient/4.5.3 (Java/1.8.0_191)
11-09-2018 06:45:44 LoggingManagedHttpClientConnection.java DEBUG [Forwarding findElements on session 029705e03dc47b5e85742a7d0b139050 to remote] http.headers 136 - http-outgoing-1 &gt;&gt; Accept-Encoding: gzip,deflate
11-09-2018 06:45:44 Wire.java DEBUG [Forwarding findElements on session 029705e03dc47b5e85742a7d0b139050 to remote] http.wire 73 - http-outgoing-1 &gt;&gt; &quot;POST /session/029705e03dc47b5e85742a7d0b139050/elements HTTP/1.1[\r][\n]&quot;
11-09-2018 06:45:44 Wire.java DEBUG [Forwarding findElements on session 029705e03dc47b5e85742a7d0b139050 to remote] http.wire 73 - http-outgoing-1 &gt;&gt; &quot;Content-Type: application/json; charset=utf-8[\r][\n]&quot;
11-09-2018 06:45:44 Wire.java DEBUG [Forwarding findElements on session 029705e03dc47b5e85742a7d0b139050 to remote] http.wire 73 - http-outgoing-1 &gt;&gt; &quot;Content-Length: 57[\r][\n]&quot;
11-09-2018 06:45:44 Wire.java DEBUG [Forwarding findElements on session 029705e03dc47b5e85742a7d0b139050 to remote] http.wire 73 - http-outgoing-1 &gt;&gt; &quot;Host: localhost:21444[\r][\n]&quot;
11-09-2018 06:45:44 Wire.java DEBUG [Forwarding findElements on session 029705e03dc47b5e85742a7d0b139050 to remote] http.wire 73 - http-outgoing-1 &gt;&gt; &quot;Connection: Keep-Alive[\r][\n]&quot;
11-09-2018 06:45:44 Wire.java DEBUG [Forwarding findElements on session 029705e03dc47b5e85742a7d0b139050 to remote] http.wire 73 - http-outgoing-1 &gt;&gt; &quot;User-Agent: Apache-HttpClient/4.5.3 (Java/1.8.0_191)[\r][\n]&quot;
11-09-2018 06:45:44 Wire.java DEBUG [Forwarding findElements on session 029705e03dc47b5e85742a7d0b139050 to remote] http.wire 73 - http-outgoing-1 &gt;&gt; &quot;Accept-Encoding: gzip,deflate[\r][\n]&quot;
11-09-2018 06:45:44 Wire.java DEBUG [Forwarding findElements on session 029705e03dc47b5e85742a7d0b139050 to remote] http.wire 73 - http-outgoing-1 &gt;&gt; &quot;[\r][\n]&quot;
11-09-2018 06:45:44 Wire.java DEBUG [Forwarding findElements on session 029705e03dc47b5e85742a7d0b139050 to remote] http.wire 87 - http-outgoing-1 &gt;&gt; &quot;{&quot;using&quot;:&quot;xpath&quot;,&quot;value&quot;:&quot;//li[@class=\&quot;ui-menu-item\&quot;]&quot;}&quot;
11-09-2018 06:45:44 Wire.java DEBUG [Forwarding findElements on session 029705e03dc47b5e85742a7d0b139050 to remote] http.wire 73 - http-outgoing-1 &lt;&lt; &quot;HTTP/1.1 200 OK[\r][\n]&quot;
11-09-2018 06:45:44 Wire.java DEBUG [Forwarding findElements on session 029705e03dc47b5e85742a7d0b139050 to remote] http.wire 73 - http-outgoing-1 &lt;&lt; &quot;Content-Length:468[\r][\n]&quot;
11-09-2018 06:45:44 Wire.java DEBUG [Forwarding findElements on session 029705e03dc47b5e85742a7d0b139050 to remote] http.wire 73 - http-outgoing-1 &lt;&lt; &quot;Content-Type:application/json; charset=utf-8[\r][\n]&quot;
11-09-2018 06:45:44 Wire.java DEBUG [Forwarding findElements on session 029705e03dc47b5e85742a7d0b139050 to remote] http.wire 73 - http-outgoing-1 &lt;&lt; &quot;[\r][\n]&quot;
11-09-2018 06:45:44 Wire.java DEBUG [Forwarding findElements on session 029705e03dc47b5e85742a7d0b139050 to remote] http.wire 87 - http-outgoing-1 &lt;&lt; &quot;{&quot;sessionId&quot;:&quot;029705e03dc47b5e85742a7d0b139050&quot;,&quot;status&quot;:0,&quot;value&quot;:[{&quot;ELEMENT&quot;:&quot;0.20139307270187268-2&quot;},{&quot;ELEMENT&quot;:&quot;0.20139307270187268-3&quot;},{&quot;ELEMENT&quot;:&quot;0.20139307270187268-4&quot;},{&quot;ELEMENT&quot;:&quot;0.20139307270187268-5&quot;},{&quot;ELEMENT&quot;:&quot;0.20139307270187268-6&quot;},{&quot;ELEMENT&quot;:&quot;0.20139307270187268-7&quot;},{&quot;ELEMENT&quot;:&quot;0.20139307270187268-8&quot;},{&quot;ELEMENT&quot;:&quot;0.20139307270187268-9&quot;},{&quot;ELEMENT&quot;:&quot;0.20139307270187268-10&quot;},{&quot;ELEMENT&quot;:&quot;0.20139307270187268-11&quot;},{&quot;ELEMENT&quot;:&quot;0.20139307270187268-12&quot;}]}&quot;
11-09-2018 06:45:44 LoggingManagedHttpClientConnection.java DEBUG [Forwarding findElements on session 029705e03dc47b5e85742a7d0b139050 to remote] http.headers 122 - http-outgoing-1 &lt;&lt; HTTP/1.1 200 OK
11-09-2018 06:45:44 LoggingManagedHttpClientConnection.java DEBUG [Forwarding findElements on session 029705e03dc47b5e85742a7d0b139050 to remote] http.headers 125 - http-outgoing-1 &lt;&lt; Content-Length:468
11-09-2018 06:45:44 LoggingManagedHttpClientConnection.java DEBUG [Forwarding findElements on session 029705e03dc47b5e85742a7d0b139050 to remote] http.headers 125 - http-outgoing-1 &lt;&lt; Content-Type:application/json; charset=utf-8
11-09-2018 06:45:44 MainClientExec.java DEBUG [Forwarding findElements on session 029705e03dc47b5e85742a7d0b139050 to remote] execchain.MainClientExec 285 - Connection can be kept alive indefinitely
11-09-2018 06:45:44 PoolingHttpClientConnectionManager.java DEBUG [Forwarding findElements on session 029705e03dc47b5e85742a7d0b139050 to remote] conn.PoolingHttpClientConnectionManager 320 - Connection [id: 1][route: {}-&gt;http://localhost:21444] can be kept alive indefinitely
11-09-2018 06:45:44 PoolingHttpClientConnectionManager.java DEBUG [Forwarding findElements on session 029705e03dc47b5e85742a7d0b139050 to remote] conn.PoolingHttpClientConnectionManager 326 - Connection released: [id: 1][route: {}-&gt;http://localhost:21444][total kept alive: 1; route allocated: 1 of 2000; total allocated: 1 of 2000]
11-09-2018 06:45:44 RequestAddCookies.java DEBUG [Forwarding getElementText on session 029705e03dc47b5e85742a7d0b139050 to remote] protocol.RequestAddCookies 123 - CookieSpec selected: default
11-09-2018 06:45:44 RequestAuthCache.java DEBUG [Forwarding getElementText on session 029705e03dc47b5e85742a7d0b139050 to remote] protocol.RequestAuthCache 77 - Auth cache not set in the context
11-09-2018 06:45:44 PoolingHttpClientConnectionManager.java DEBUG [Forwarding getElementText on session 029705e03dc47b5e85742a7d0b139050 to remote] conn.PoolingHttpClientConnectionManager 255 - Connection request: [route: {}-&gt;http://localhost:21444][total kept alive: 1; route allocated: 1 of 2000; total allocated: 1 of 2000]
11-09-2018 06:45:44 PoolingHttpClientConnectionManager.java DEBUG [Forwarding getElementText on session 029705e03dc47b5e85742a7d0b139050 to remote] conn.PoolingHttpClientConnectionManager 288 - Connection leased: [id: 1][route: {}-&gt;http://localhost:21444][total kept alive: 0; route allocated: 1 of 2000; total allocated: 1 of 2000]
11-09-2018 06:45:44 MainClientExec.java DEBUG [Forwarding getElementText on session 029705e03dc47b5e85742a7d0b139050 to remote] execchain.MainClientExec 208 - Stale connection check
11-09-2018 06:45:44 Wire.java DEBUG [Forwarding getElementText on session 029705e03dc47b5e85742a7d0b139050 to remote] http.wire 87 - http-outgoing-1 &lt;&lt; &quot;[read] I/O error: Read timed out&quot;
11-09-2018 06:45:44 LoggingManagedHttpClientConnection.java DEBUG [Forwarding getElementText on session 029705e03dc47b5e85742a7d0b139050 to remote] conn.DefaultManagedHttpClientConnection 88 - http-outgoing-1: set socket timeout to 10800000
11-09-2018 06:45:44 MainClientExec.java DEBUG [Forwarding getElementText on session 029705e03dc47b5e85742a7d0b139050 to remote] execchain.MainClientExec 256 - Executing request GET /session/029705e03dc47b5e85742a7d0b139050/element/0.20139307270187268-2/text HTTP/1.1
11-09-2018 06:45:44 MainClientExec.java DEBUG [Forwarding getElementText on session 029705e03dc47b5e85742a7d0b139050 to remote] execchain.MainClientExec 261 - Target auth state: UNCHALLENGED
11-09-2018 06:45:44 MainClientExec.java DEBUG [Forwarding getElementText on session 029705e03dc47b5e85742a7d0b139050 to remote] execchain.MainClientExec 267 - Proxy auth state: UNCHALLENGED
11-09-2018 06:45:44 LoggingManagedHttpClientConnection.java DEBUG [Forwarding getElementText on session 029705e03dc47b5e85742a7d0b139050 to remote] http.headers 133 - http-outgoing-1 &gt;&gt; GET /session/029705e03dc47b5e85742a7d0b139050/element/0.20139307270187268-2/text HTTP/1.1
11-09-2018 06:45:44 LoggingManagedHttpClientConnection.java DEBUG [Forwarding getElementText on session 029705e03dc47b5e85742a7d0b139050 to remote] http.headers 136 - http-outgoing-1 &gt;&gt; Cache-Control: no-cache
11-09-2018 06:45:44 LoggingManagedHttpClientConnection.java DEBUG [Forwarding getElementText on session 029705e03dc47b5e85742a7d0b139050 to remote] http.headers 136 - http-outgoing-1 &gt;&gt; Host: localhost:21444
11-09-2018 06:45:44 LoggingManagedHttpClientConnection.java DEBUG [Forwarding getElementText on session 029705e03dc47b5e85742a7d0b139050 to remote] http.headers 136 - http-outgoing-1 &gt;&gt; Connection: Keep-Alive
11-09-2018 06:45:44 LoggingManagedHttpClientConnection.java DEBUG [Forwarding getElementText on session 029705e03dc47b5e85742a7d0b139050 to remote] http.headers 136 - http-outgoing-1 &gt;&gt; User-Agent: Apache-HttpClient/4.5.3 (Java/1.8.0_191)
11-09-2018 06:45:44 LoggingManagedHttpClientConnection.java DEBUG [Forwarding getElementText on session 029705e03dc47b5e85742a7d0b139050 to remote] http.headers 136 - http-outgoing-1 &gt;&gt; Accept-Encoding: gzip,deflate
11-09-2018 06:45:44 Wire.java DEBUG [Forwarding getElementText on session 029705e03dc47b5e85742a7d0b139050 to remote] http.wire 73 - http-outgoing-1 &gt;&gt; &quot;GET /session/029705e03dc47b5e85742a7d0b139050/element/0.20139307270187268-2/text HTTP/1.1[\r][\n]&quot;
11-09-2018 06:45:44 Wire.java DEBUG [Forwarding getElementText on session 029705e03dc47b5e85742a7d0b139050 to remote] http.wire 73 - http-outgoing-1 &gt;&gt; &quot;Cache-Control: no-cache[\r][\n]&quot;
11-09-2018 06:45:44 Wire.java DEBUG [Forwarding getElementText on session 029705e03dc47b5e85742a7d0b139050 to remote] http.wire 73 - http-outgoing-1 &gt;&gt; &quot;Host: localhost:21444[\r][\n]&quot;
11-09-2018 06:45:44 Wire.java DEBUG [Forwarding getElementText on session 029705e03dc47b5e85742a7d0b139050 to remote] http.wire 73 - http-outgoing-1 &gt;&gt; &quot;Connection: Keep-Alive[\r][\n]&quot;
11-09-2018 06:45:44 Wire.java DEBUG [Forwarding getElementText on session 029705e03dc47b5e85742a7d0b139050 to remote] http.wire 73 - http-outgoing-1 &gt;&gt; &quot;User-Agent: Apache-HttpClient/4.5.3 (Java/1.8.0_191)[\r][\n]&quot;
11-09-2018 06:45:44 Wire.java DEBUG [Forwarding getElementText on session 029705e03dc47b5e85742a7d0b139050 to remote] http.wire 73 - http-outgoing-1 &gt;&gt; &quot;Accept-Encoding: gzip,deflate[\r][\n]&quot;
11-09-2018 06:45:44 Wire.java DEBUG [Forwarding getElementText on session 029705e03dc47b5e85742a7d0b139050 to remote] http.wire 73 - http-outgoing-1 &gt;&gt; &quot;[\r][\n]&quot;
11-09-2018 06:45:44 Wire.java DEBUG [Forwarding getElementText on session 029705e03dc47b5e85742a7d0b139050 to remote] http.wire 73 - http-outgoing-1 &lt;&lt; &quot;HTTP/1.1 200 OK[\r][\n]&quot;
11-09-2018 06:45:44 Wire.java DEBUG [Forwarding getElementText on session 029705e03dc47b5e85742a7d0b139050 to remote] http.wire 73 - http-outgoing-1 &lt;&lt; &quot;Content-Length:316[\r][\n]&quot;
11-09-2018 06:45:44 Wire.java DEBUG [Forwarding getElementText on session 029705e03dc47b5e85742a7d0b139050 to remote] http.wire 73 - http-outgoing-1 &lt;&lt; &quot;Content-Type:application/json; charset=utf-8[\r][\n]&quot;
11-09-2018 06:45:44 Wire.java DEBUG [Forwarding getElementText on session 029705e03dc47b5e85742a7d0b139050 to remote] http.wire 73 - http-outgoing-1 &lt;&lt; &quot;[\r][\n]&quot;
11-09-2018 06:45:44 Wire.java DEBUG [Forwarding getElementText on session 029705e03dc47b5e85742a7d0b139050 to remote] http.wire 87 - http-outgoing-1 &lt;&lt; &quot;{&quot;sessionId&quot;:&quot;029705e03dc47b5e85742a7d0b139050&quot;,&quot;status&quot;:10,&quot;value&quot;:{&quot;message&quot;:&quot;stale element reference: element is not attached to the page document\n  (Session info: chrome=69.0.3497.100)\n  (Driver info: chromedriver=2.42.591088 (7b2b2dca23cca0862f674758c9a3933e685c27d5),platform=Windows NT 10.0.17134 x86_64)&quot;}}&quot;
11-09-2018 06:45:44 LoggingManagedHttpClientConnection.java DEBUG [Forwarding getElementText on session 029705e03dc47b5e85742a7d0b139050 to remote] http.headers 122 - http-outgoing-1 &lt;&lt; HTTP/1.1 200 OK
11-09-2018 06:45:44 LoggingManagedHttpClientConnection.java DEBUG [Forwarding getElementText on session 029705e03dc47b5e85742a7d0b139050 to remote] http.headers 125 - http-outgoing-1 &lt;&lt; Content-Length:316
11-09-2018 06:45:44 LoggingManagedHttpClientConnection.java DEBUG [Forwarding getElementText on session 029705e03dc47b5e85742a7d0b139050 to remote] http.headers 125 - http-outgoing-1 &lt;&lt; Content-Type:application/json; charset=utf-8
11-09-2018 06:45:44 MainClientExec.java DEBUG [Forwarding getElementText on session 029705e03dc47b5e85742a7d0b139050 to remote] execchain.MainClientExec 285 - Connection can be kept alive indefinitely
11-09-2018 06:45:44 PoolingHttpClientConnectionManager.java DEBUG [Forwarding getElementText on session 029705e03dc47b5e85742a7d0b139050 to remote] conn.PoolingHttpClientConnectionManager 320 - Connection [id: 1][route: {}-&gt;http://localhost:21444] can be kept alive indefinitely
11-09-2018 06:45:44 PoolingHttpClientConnectionManager.java DEBUG [Forwarding getElementText on session 029705e03dc47b5e85742a7d0b139050 to remote] conn.PoolingHttpClientConnectionManager 326 - Connection released: [id: 1][route: {}-&gt;http://localhost:21444][total kept alive: 1; route allocated: 1 of 2000; total allocated: 1 of 2000]
</system-out>
    <system-err>Starting ChromeDriver 2.42.591088 (7b2b2dca23cca0862f674758c9a3933e685c27d5) on port 21444
Only local connections are allowed.
Nov 09, 2018 6:45:29 AM org.openqa.selenium.remote.ProtocolHandshake createSession
INFO: Detected dialect: OSS
</system-err>
  </testcase>
  <testcase classname="com.qa.testcases.MMHotelPageTest" name="searchhoteltest" time="7.589"/>
  <testcase classname="com.qa.testcases.MMHotelPageTest" name="searchhoteltest" time="9.854"/>
  <testcase classname="com.qa.testcases.MMLoginTest" name="loginTest" time="2.162"/>
</testsuite>