<?xml version="1.0" encoding="UTF-8"?>
<!-- Generated by org.testng.reporters.JUnitReportReporter -->
<testsuite skipped="0" hostname="DESKTOP-4MKCBCN" name="com.qa.testcases.MMHomePageTest" tests="1" failures="0" timestamp="09 Oct 2018 00:17:07 GMT" time="15.477" errors="0">
  <testcase name="clicktoHotellink" time="15.477" classname="com.qa.testcases.MMHomePageTest"/>
</testsuite> <!-- com.qa.testcases.MMHomePageTest -->
