<?xml version="1.0" encoding="UTF-8"?>
<!-- Generated by org.testng.reporters.JUnitReportReporter -->
<testsuite skipped="0" hostname="DESKTOP-4MKCBCN" name="com.qa.testcases.MMHotelPageTest" tests="3" failures="0" timestamp="06 Nov 2018 01:48:22 GMT" time="74.821" errors="0">
  <testcase name="searchhoteltest" time="27.259" classname="com.qa.testcases.MMHotelPageTest"/>
  <testcase name="searchhoteltest" time="21.271" classname="com.qa.testcases.MMHotelPageTest"/>
  <testcase name="searchhoteltest" time="26.291" classname="com.qa.testcases.MMHotelPageTest"/>
</testsuite> <!-- com.qa.testcases.MMHotelPageTest -->
