<?xml version="1.0" encoding="UTF-8"?>
<!-- Generated by org.testng.reporters.JUnitReportReporter -->
<testsuite skipped="0" hostname="DESKTOP-4MKCBCN" name="com.qa.testcases.MMLoginTest" tests="1" failures="0" timestamp="08 Nov 2018 23:46:42 GMT" time="13.609" errors="0">
  <testcase name="loginTest" time="13.609" classname="com.qa.testcases.MMLoginTest"/>
</testsuite> <!-- com.qa.testcases.MMLoginTest -->
