<?xml version="1.0" encoding="UTF-8"?>
<!-- Generated by org.testng.reporters.JUnitReportReporter -->
<testsuite skipped="0" hostname="DESKTOP-4MKCBCN" name="com.qa.testcases.MMHomePageTest" tests="1" failures="0" timestamp="08 Nov 2018 23:46:42 GMT" time="22.567" errors="0">
  <testcase name="clicktoHotellink" time="22.567" classname="com.qa.testcases.MMHomePageTest"/>
</testsuite> <!-- com.qa.testcases.MMHomePageTest -->
